This is pdfTeX, Version 3.1415926-2.4-1.40.13 (TeX Live 2012) (format=pdflatex 2013.4.22)  5 NOV 2015 21:19
entering extended mode
 restricted \write18 enabled.
 %&-line parsing enabled.
**android_note_tech_report.tex
(./android_note_tech_report.tex
LaTeX2e <2011/06/27>
Babel <v3.8m> and hyphenation patterns for english, dumylang, nohyphenation, ge
rman-x-2012-05-30, ngerman-x-2012-05-30, afrikaans, ancientgreek, ibycus, arabi
c, armenian, basque, bulgarian, catalan, pinyin, coptic, croatian, czech, danis
h, dutch, ukenglish, usenglishmax, esperanto, estonian, ethiopic, farsi, finnis
h, french, friulan, galician, german, ngerman, swissgerman, monogreek, greek, h
ungarian, icelandic, assamese, bengali, gujarati, hindi, kannada, malayalam, ma
rathi, oriya, panjabi, tamil, telugu, indonesian, interlingua, irish, italian, 
kurmanji, latin, latvian, lithuanian, mongolian, mongolianlmc, bokmal, nynorsk,
 piedmontese, polish, portuguese, romanian, romansh, russian, sanskrit, serbian
, serbianc, slovak, slovenian, spanish, swedish, turkish, turkmen, ukrainian, u
ppersorbian, welsh, loaded.
(/usr/local/texlive/2012/texmf-dist/tex/latex/base/article.cls
Document Class: article 2007/10/19 v1.4h Standard LaTeX document class
(/usr/local/texlive/2012/texmf-dist/tex/latex/base/size10.clo
File: size10.clo 2007/10/19 v1.4h Standard LaTeX file (size option)
)
\c@part=\count79
\c@section=\count80
\c@subsection=\count81
\c@subsubsection=\count82
\c@paragraph=\count83
\c@subparagraph=\count84
\c@figure=\count85
\c@table=\count86
\abovecaptionskip=\skip41
\belowcaptionskip=\skip42
\bibindent=\dimen102
)
(/usr/local/texlive/2012/texmf-dist/tex/latex/cjk-ko/kotex.sty
Package: kotex 2013/02/16 v1.0 Korean TeX (ko.TeX)

(/usr/local/texlive/2012/texmf-dist/tex/latex/kotex/kotex.cfg)
(/usr/local/texlive/2012/texmf-dist/tex/latex/kotex/utf/kotexutf.sty
Package: kotexutf 2012/09/14 v1.4 typesetting UTF-8 Korean documents

(/usr/local/texlive/2012/texmf-dist/tex/latex/base/inputenc.sty
Package: inputenc 2008/03/30 v1.1d Input encoding file
\inpenc@prehook=\toks14
\inpenc@posthook=\toks15

(/usr/local/texlive/2012/texmf-dist/tex/latex/base/utf8.def
File: utf8.def 2008/04/05 v1.1m UTF-8 support for inputenc
Now handling font encoding OML ...
... no UTF-8 mapping file for font encoding OML
Now handling font encoding T1 ...
... processing UTF-8 mapping file for font encoding T1

(/usr/local/texlive/2012/texmf-dist/tex/latex/base/t1enc.dfu
File: t1enc.dfu 2008/04/05 v1.1m UTF-8 support for inputenc
   defining Unicode char U+00A1 (decimal 161)
   defining Unicode char U+00A3 (decimal 163)
   defining Unicode char U+00AB (decimal 171)
   defining Unicode char U+00BB (decimal 187)
   defining Unicode char U+00BF (decimal 191)
   defining Unicode char U+00C0 (decimal 192)
   defining Unicode char U+00C1 (decimal 193)
   defining Unicode char U+00C2 (decimal 194)
   defining Unicode char U+00C3 (decimal 195)
   defining Unicode char U+00C4 (decimal 196)
   defining Unicode char U+00C5 (decimal 197)
   defining Unicode char U+00C6 (decimal 198)
   defining Unicode char U+00C7 (decimal 199)
   defining Unicode char U+00C8 (decimal 200)
   defining Unicode char U+00C9 (decimal 201)
   defining Unicode char U+00CA (decimal 202)
   defining Unicode char U+00CB (decimal 203)
   defining Unicode char U+00CC (decimal 204)
   defining Unicode char U+00CD (decimal 205)
   defining Unicode char U+00CE (decimal 206)
   defining Unicode char U+00CF (decimal 207)
   defining Unicode char U+00D0 (decimal 208)
   defining Unicode char U+00D1 (decimal 209)
   defining Unicode char U+00D2 (decimal 210)
   defining Unicode char U+00D3 (decimal 211)
   defining Unicode char U+00D4 (decimal 212)
   defining Unicode char U+00D5 (decimal 213)
   defining Unicode char U+00D6 (decimal 214)
   defining Unicode char U+00D8 (decimal 216)
   defining Unicode char U+00D9 (decimal 217)
   defining Unicode char U+00DA (decimal 218)
   defining Unicode char U+00DB (decimal 219)
   defining Unicode char U+00DC (decimal 220)
   defining Unicode char U+00DD (decimal 221)
   defining Unicode char U+00DE (decimal 222)
   defining Unicode char U+00DF (decimal 223)
   defining Unicode char U+00E0 (decimal 224)
   defining Unicode char U+00E1 (decimal 225)
   defining Unicode char U+00E2 (decimal 226)
   defining Unicode char U+00E3 (decimal 227)
   defining Unicode char U+00E4 (decimal 228)
   defining Unicode char U+00E5 (decimal 229)
   defining Unicode char U+00E6 (decimal 230)
   defining Unicode char U+00E7 (decimal 231)
   defining Unicode char U+00E8 (decimal 232)
   defining Unicode char U+00E9 (decimal 233)
   defining Unicode char U+00EA (decimal 234)
   defining Unicode char U+00EB (decimal 235)
   defining Unicode char U+00EC (decimal 236)
   defining Unicode char U+00ED (decimal 237)
   defining Unicode char U+00EE (decimal 238)
   defining Unicode char U+00EF (decimal 239)
   defining Unicode char U+00F0 (decimal 240)
   defining Unicode char U+00F1 (decimal 241)
   defining Unicode char U+00F2 (decimal 242)
   defining Unicode char U+00F3 (decimal 243)
   defining Unicode char U+00F4 (decimal 244)
   defining Unicode char U+00F5 (decimal 245)
   defining Unicode char U+00F6 (decimal 246)
   defining Unicode char U+00F8 (decimal 248)
   defining Unicode char U+00F9 (decimal 249)
   defining Unicode char U+00FA (decimal 250)
   defining Unicode char U+00FB (decimal 251)
   defining Unicode char U+00FC (decimal 252)
   defining Unicode char U+00FD (decimal 253)
   defining Unicode char U+00FE (decimal 254)
   defining Unicode char U+00FF (decimal 255)
   defining Unicode char U+0102 (decimal 258)
   defining Unicode char U+0103 (decimal 259)
   defining Unicode char U+0104 (decimal 260)
   defining Unicode char U+0105 (decimal 261)
   defining Unicode char U+0106 (decimal 262)
   defining Unicode char U+0107 (decimal 263)
   defining Unicode char U+010C (decimal 268)
   defining Unicode char U+010D (decimal 269)
   defining Unicode char U+010E (decimal 270)
   defining Unicode char U+010F (decimal 271)
   defining Unicode char U+0110 (decimal 272)
   defining Unicode char U+0111 (decimal 273)
   defining Unicode char U+0118 (decimal 280)
   defining Unicode char U+0119 (decimal 281)
   defining Unicode char U+011A (decimal 282)
   defining Unicode char U+011B (decimal 283)
   defining Unicode char U+011E (decimal 286)
   defining Unicode char U+011F (decimal 287)
   defining Unicode char U+0130 (decimal 304)
   defining Unicode char U+0131 (decimal 305)
   defining Unicode char U+0132 (decimal 306)
   defining Unicode char U+0133 (decimal 307)
   defining Unicode char U+0139 (decimal 313)
   defining Unicode char U+013A (decimal 314)
   defining Unicode char U+013D (decimal 317)
   defining Unicode char U+013E (decimal 318)
   defining Unicode char U+0141 (decimal 321)
   defining Unicode char U+0142 (decimal 322)
   defining Unicode char U+0143 (decimal 323)
   defining Unicode char U+0144 (decimal 324)
   defining Unicode char U+0147 (decimal 327)
   defining Unicode char U+0148 (decimal 328)
   defining Unicode char U+014A (decimal 330)
   defining Unicode char U+014B (decimal 331)
   defining Unicode char U+0150 (decimal 336)
   defining Unicode char U+0151 (decimal 337)
   defining Unicode char U+0152 (decimal 338)
   defining Unicode char U+0153 (decimal 339)
   defining Unicode char U+0154 (decimal 340)
   defining Unicode char U+0155 (decimal 341)
   defining Unicode char U+0158 (decimal 344)
   defining Unicode char U+0159 (decimal 345)
   defining Unicode char U+015A (decimal 346)
   defining Unicode char U+015B (decimal 347)
   defining Unicode char U+015E (decimal 350)
   defining Unicode char U+015F (decimal 351)
   defining Unicode char U+0160 (decimal 352)
   defining Unicode char U+0161 (decimal 353)
   defining Unicode char U+0162 (decimal 354)
   defining Unicode char U+0163 (decimal 355)
   defining Unicode char U+0164 (decimal 356)
   defining Unicode char U+0165 (decimal 357)
   defining Unicode char U+016E (decimal 366)
   defining Unicode char U+016F (decimal 367)
   defining Unicode char U+0170 (decimal 368)
   defining Unicode char U+0171 (decimal 369)
   defining Unicode char U+0178 (decimal 376)
   defining Unicode char U+0179 (decimal 377)
   defining Unicode char U+017A (decimal 378)
   defining Unicode char U+017B (decimal 379)
   defining Unicode char U+017C (decimal 380)
   defining Unicode char U+017D (decimal 381)
   defining Unicode char U+017E (decimal 382)
   defining Unicode char U+200C (decimal 8204)
   defining Unicode char U+2013 (decimal 8211)
   defining Unicode char U+2014 (decimal 8212)
   defining Unicode char U+2018 (decimal 8216)
   defining Unicode char U+2019 (decimal 8217)
   defining Unicode char U+201A (decimal 8218)
   defining Unicode char U+201C (decimal 8220)
   defining Unicode char U+201D (decimal 8221)
   defining Unicode char U+201E (decimal 8222)
   defining Unicode char U+2030 (decimal 8240)
   defining Unicode char U+2031 (decimal 8241)
   defining Unicode char U+2039 (decimal 8249)
   defining Unicode char U+203A (decimal 8250)
   defining Unicode char U+2423 (decimal 9251)
)
Now handling font encoding OT1 ...
... processing UTF-8 mapping file for font encoding OT1

(/usr/local/texlive/2012/texmf-dist/tex/latex/base/ot1enc.dfu
File: ot1enc.dfu 2008/04/05 v1.1m UTF-8 support for inputenc
   defining Unicode char U+00A1 (decimal 161)
   defining Unicode char U+00A3 (decimal 163)
   defining Unicode char U+00B8 (decimal 184)
   defining Unicode char U+00BF (decimal 191)
   defining Unicode char U+00C5 (decimal 197)
   defining Unicode char U+00C6 (decimal 198)
   defining Unicode char U+00D8 (decimal 216)
   defining Unicode char U+00DF (decimal 223)
   defining Unicode char U+00E6 (decimal 230)
   defining Unicode char U+00EC (decimal 236)
   defining Unicode char U+00ED (decimal 237)
   defining Unicode char U+00EE (decimal 238)
   defining Unicode char U+00EF (decimal 239)
   defining Unicode char U+00F8 (decimal 248)
   defining Unicode char U+0131 (decimal 305)
   defining Unicode char U+0141 (decimal 321)
   defining Unicode char U+0142 (decimal 322)
   defining Unicode char U+0152 (decimal 338)
   defining Unicode char U+0153 (decimal 339)
   defining Unicode char U+2013 (decimal 8211)
   defining Unicode char U+2014 (decimal 8212)
   defining Unicode char U+2018 (decimal 8216)
   defining Unicode char U+2019 (decimal 8217)
   defining Unicode char U+201C (decimal 8220)
   defining Unicode char U+201D (decimal 8221)
)
Now handling font encoding OMS ...
... processing UTF-8 mapping file for font encoding OMS

(/usr/local/texlive/2012/texmf-dist/tex/latex/base/omsenc.dfu
File: omsenc.dfu 2008/04/05 v1.1m UTF-8 support for inputenc
   defining Unicode char U+00A7 (decimal 167)
   defining Unicode char U+00B6 (decimal 182)
   defining Unicode char U+00B7 (decimal 183)
   defining Unicode char U+2020 (decimal 8224)
   defining Unicode char U+2021 (decimal 8225)
   defining Unicode char U+2022 (decimal 8226)
)
Now handling font encoding OMX ...
... no UTF-8 mapping file for font encoding OMX
Now handling font encoding U ...
... no UTF-8 mapping file for font encoding U
   defining Unicode char U+00A9 (decimal 169)
   defining Unicode char U+00AA (decimal 170)
   defining Unicode char U+00AE (decimal 174)
   defining Unicode char U+00BA (decimal 186)
   defining Unicode char U+02C6 (decimal 710)
   defining Unicode char U+02DC (decimal 732)
   defining Unicode char U+200C (decimal 8204)
   defining Unicode char U+2026 (decimal 8230)
   defining Unicode char U+2122 (decimal 8482)
   defining Unicode char U+2423 (decimal 9251)
))
(/usr/local/texlive/2012/texmf-dist/tex/plain/kotex/utf/kotexutf-core.tex
\unih@ngulpoint=\count87
\dhucs@emph@raise=\dimen103
)
Now handling font encoding LUC ...
... processing UTF-8 mapping file for font encoding LUC

(/usr/local/texlive/2012/texmf-dist/tex/latex/kotex/utf/lucenc.dfu
File: lucenc.dfu 2007/09/05 UTF-8 support for hangul-ucs
   defining Unicode char U+00B7 (decimal 183)
   defining Unicode char U+2018 (decimal 8216)
   defining Unicode char U+2019 (decimal 8217)
   defining Unicode char U+201C (decimal 8220)
   defining Unicode char U+201D (decimal 8221)
   defining Unicode char U+3001 (decimal 12289)
   defining Unicode char U+3002 (decimal 12290)
   defining Unicode char U+3008 (decimal 12296)
   defining Unicode char U+3009 (decimal 12297)
   defining Unicode char U+300A (decimal 12298)
   defining Unicode char U+300B (decimal 12299)
   defining Unicode char U+300C (decimal 12300)
   defining Unicode char U+300D (decimal 12301)
   defining Unicode char U+300E (decimal 12302)
   defining Unicode char U+300F (decimal 12303)
   defining Unicode char U+3010 (decimal 12304)
   defining Unicode char U+3011 (decimal 12305)
   defining Unicode char U+3014 (decimal 12308)
   defining Unicode char U+3015 (decimal 12309)
   defining Unicode char U+3016 (decimal 12310)
   defining Unicode char U+3017 (decimal 12311)
   defining Unicode char U+3018 (decimal 12312)
   defining Unicode char U+3019 (decimal 12313)
   defining Unicode char U+301A (decimal 12314)
   defining Unicode char U+301B (decimal 12315)
   defining Unicode char U+FF01 (decimal 65281)
   defining Unicode char U+FF08 (decimal 65288)
   defining Unicode char U+FF09 (decimal 65289)
   defining Unicode char U+FF0C (decimal 65292)
   defining Unicode char U+FF0E (decimal 65294)
   defining Unicode char U+FF1A (decimal 65306)
   defining Unicode char U+FF1B (decimal 65307)
   defining Unicode char U+FF1C (decimal 65308)
   defining Unicode char U+FF1D (decimal 65309)
   defining Unicode char U+FF1E (decimal 65310)
   defining Unicode char U+FF1F (decimal 65311)
   defining Unicode char U+FF3B (decimal 65339)
   defining Unicode char U+FF3D (decimal 65341)
   defining Unicode char U+FF5B (decimal 65371)
   defining Unicode char U+FF5D (decimal 65373)
   defining Unicode char U+FF61 (decimal 65377)
   defining Unicode char U+FF62 (decimal 65378)
   defining Unicode char U+FF63 (decimal 65379)
   defining Unicode char U+FF64 (decimal 65380)
   defining Unicode char U+FF65 (decimal 65381)
)
\@josa=\count88
\josatoks=\toks16

(/usr/local/texlive/2012/texmf-dist/tex/latex/kotex/utf/kolabels-utf.tex)))
(/usr/local/texlive/2012/texmf-dist/tex/latex/graphics/graphicx.sty
Package: graphicx 1999/02/16 v1.0f Enhanced LaTeX Graphics (DPC,SPQR)

(/usr/local/texlive/2012/texmf-dist/tex/latex/graphics/keyval.sty
Package: keyval 1999/03/16 v1.13 key=value parser (DPC)
\KV@toks@=\toks17
)
(/usr/local/texlive/2012/texmf-dist/tex/latex/graphics/graphics.sty
Package: graphics 2009/02/05 v1.0o Standard LaTeX Graphics (DPC,SPQR)

(/usr/local/texlive/2012/texmf-dist/tex/latex/graphics/trig.sty
Package: trig 1999/03/16 v1.09 sin cos tan (DPC)
)
(/usr/local/texlive/2012/texmf-dist/tex/latex/latexconfig/graphics.cfg
File: graphics.cfg 2010/04/23 v1.9 graphics configuration of TeX Live
)
Package graphics Info: Driver file: pdftex.def on input line 91.

(/usr/local/texlive/2012/texmf-dist/tex/latex/pdftex-def/pdftex.def
File: pdftex.def 2011/05/27 v0.06d Graphics/color for pdfTeX

(/usr/local/texlive/2012/texmf-dist/tex/generic/oberdiek/infwarerr.sty
Package: infwarerr 2010/04/08 v1.3 Providing info/warning/error messages (HO)
)
(/usr/local/texlive/2012/texmf-dist/tex/generic/oberdiek/ltxcmds.sty
Package: ltxcmds 2011/11/09 v1.22 LaTeX kernel commands for general use (HO)
)
\Gread@gobject=\count89
))
\Gin@req@height=\dimen104
\Gin@req@width=\dimen105
)
(/usr/local/texlive/2012/texmf-dist/tex/latex/upquote/upquote.sty
Package: upquote 2012/04/19 v1.3 upright-quote and grave-accent glyphs in verba
tim
)
(/usr/local/texlive/2012/texmf-dist/tex/latex/listings/listings.sty
\lst@mode=\count90
\lst@gtempboxa=\box26
\lst@token=\toks18
\lst@length=\count91
\lst@currlwidth=\dimen106
\lst@column=\count92
\lst@pos=\count93
\lst@lostspace=\dimen107
\lst@width=\dimen108
\lst@newlines=\count94
\lst@lineno=\count95
\lst@maxwidth=\dimen109

(/usr/local/texlive/2012/texmf-dist/tex/latex/listings/lstmisc.sty
File: lstmisc.sty 2007/02/22 1.4 (Carsten Heinz)
\c@lstnumber=\count96
\lst@skipnumbers=\count97
\lst@framebox=\box27
)
(/usr/local/texlive/2012/texmf-dist/tex/latex/listings/listings.cfg
File: listings.cfg 2007/02/22 1.4 listings configuration
))
Package: listings 2007/02/22 1.4 (Carsten Heinz)

(/usr/local/texlive/2012/texmf-dist/tex/latex/graphics/color.sty
Package: color 2005/11/14 v1.0j Standard LaTeX Color (DPC)

(/usr/local/texlive/2012/texmf-dist/tex/latex/latexconfig/color.cfg
File: color.cfg 2007/01/18 v1.5 color configuration of teTeX/TeXLive
)
Package color Info: Driver file: pdftex.def on input line 130.
)
(/usr/local/texlive/2012/texmf-dist/tex/latex/tools/verbatim.sty
Package: verbatim 2003/08/22 v1.5q LaTeX2e package for verbatim enhancements
\every@verbatim=\toks19
\verbatim@line=\toks20
\verbatim@in@stream=\read1
)
(/usr/local/texlive/2012/texmf-dist/tex/latex/hyperref/hyperref.sty
Package: hyperref 2012/11/06 v6.83m Hypertext links for LaTeX

(/usr/local/texlive/2012/texmf-dist/tex/generic/oberdiek/hobsub-hyperref.sty
Package: hobsub-hyperref 2012/05/28 v1.13 Bundle oberdiek, subset hyperref (HO)


(/usr/local/texlive/2012/texmf-dist/tex/generic/oberdiek/hobsub-generic.sty
Package: hobsub-generic 2012/05/28 v1.13 Bundle oberdiek, subset generic (HO)
Package: hobsub 2012/05/28 v1.13 Construct package bundles (HO)
Package hobsub Info: Skipping package `infwarerr' (already loaded).
Package hobsub Info: Skipping package `ltxcmds' (already loaded).
Package: ifluatex 2010/03/01 v1.3 Provides the ifluatex switch (HO)
Package ifluatex Info: LuaTeX not detected.
Package: ifvtex 2010/03/01 v1.5 Detect VTeX and its facilities (HO)
Package ifvtex Info: VTeX not detected.
Package: intcalc 2007/09/27 v1.1 Expandable calculations with integers (HO)
Package: ifpdf 2011/01/30 v2.3 Provides the ifpdf switch (HO)
Package ifpdf Info: pdfTeX in PDF mode is detected.
Package: etexcmds 2011/02/16 v1.5 Avoid name clashes with e-TeX commands (HO)
Package etexcmds Info: Could not find \expanded.
(etexcmds)             That can mean that you are not using pdfTeX 1.50 or
(etexcmds)             that some package has redefined \expanded.
(etexcmds)             In the latter case, load this package earlier.
Package: kvsetkeys 2012/04/25 v1.16 Key value parser (HO)
Package: kvdefinekeys 2011/04/07 v1.3 Define keys (HO)
Package: pdftexcmds 2011/11/29 v0.20 Utility functions of pdfTeX for LuaTeX (HO
)
Package pdftexcmds Info: LuaTeX not detected.
Package pdftexcmds Info: \pdf@primitive is available.
Package pdftexcmds Info: \pdf@ifprimitive is available.
Package pdftexcmds Info: \pdfdraftmode found.
Package: pdfescape 2011/11/25 v1.13 Implements pdfTeX's escape features (HO)
Package: bigintcalc 2012/04/08 v1.3 Expandable calculations on big integers (HO
)
Package: bitset 2011/01/30 v1.1 Handle bit-vector datatype (HO)
Package: uniquecounter 2011/01/30 v1.2 Provide unlimited unique counter (HO)
)
Package hobsub Info: Skipping package `hobsub' (already loaded).
Package: letltxmacro 2010/09/02 v1.4 Let assignment for LaTeX macros (HO)
Package: hopatch 2012/05/28 v1.2 Wrapper for package hooks (HO)
Package: xcolor-patch 2011/01/30 xcolor patch
Package: atveryend 2011/06/30 v1.8 Hooks at the very end of document (HO)
Package atveryend Info: \enddocument detected (standard20110627).
Package: atbegshi 2011/10/05 v1.16 At begin shipout hook (HO)
Package: refcount 2011/10/16 v3.4 Data extraction from label references (HO)
Package: hycolor 2011/01/30 v1.7 Color options for hyperref/bookmark (HO)
)
(/usr/local/texlive/2012/texmf-dist/tex/generic/ifxetex/ifxetex.sty
Package: ifxetex 2010/09/12 v0.6 Provides ifxetex conditional
)
(/usr/local/texlive/2012/texmf-dist/tex/latex/oberdiek/auxhook.sty
Package: auxhook 2011/03/04 v1.3 Hooks for auxiliary files (HO)
)
(/usr/local/texlive/2012/texmf-dist/tex/latex/oberdiek/kvoptions.sty
Package: kvoptions 2011/06/30 v3.11 Key value format for package options (HO)
)
\@linkdim=\dimen110
\Hy@linkcounter=\count98
\Hy@pagecounter=\count99

(/usr/local/texlive/2012/texmf-dist/tex/latex/hyperref/pd1enc.def
File: pd1enc.def 2012/11/06 v6.83m Hyperref: PDFDocEncoding definition (HO)
Now handling font encoding PD1 ...
... no UTF-8 mapping file for font encoding PD1
)
\Hy@SavedSpaceFactor=\count100

(/usr/local/texlive/2012/texmf-dist/tex/latex/latexconfig/hyperref.cfg
File: hyperref.cfg 2002/06/06 v1.2 hyperref configuration of TeXLive
)
Package hyperref Info: Hyper figures OFF on input line 4443.
Package hyperref Info: Link nesting OFF on input line 4448.
Package hyperref Info: Hyper index ON on input line 4451.
Package hyperref Info: Plain pages OFF on input line 4458.
Package hyperref Info: Backreferencing OFF on input line 4463.
Package hyperref Info: Implicit mode ON; LaTeX internals redefined.
Package hyperref Info: Bookmarks ON on input line 4688.
\c@Hy@tempcnt=\count101

(/usr/local/texlive/2012/texmf-dist/tex/latex/url/url.sty
\Urlmuskip=\muskip10
Package: url 2006/04/12  ver 3.3  Verb mode for urls, etc.
)
LaTeX Info: Redefining \url on input line 5041.
\XeTeXLinkMargin=\dimen111
\Fld@menulength=\count102
\Field@Width=\dimen112
\Fld@charsize=\dimen113
Package hyperref Info: Hyper figures OFF on input line 6295.
Package hyperref Info: Link nesting OFF on input line 6300.
Package hyperref Info: Hyper index ON on input line 6303.
Package hyperref Info: backreferencing OFF on input line 6310.
Package hyperref Info: Link coloring OFF on input line 6315.
Package hyperref Info: Link coloring with OCG OFF on input line 6320.
Package hyperref Info: PDF/A mode OFF on input line 6325.
LaTeX Info: Redefining \ref on input line 6365.
LaTeX Info: Redefining \pageref on input line 6369.
\Hy@abspage=\count103
\c@Item=\count104
\c@Hfootnote=\count105
)

Package hyperref Message: Driver (autodetected): hpdftex.

(/usr/local/texlive/2012/texmf-dist/tex/latex/hyperref/hpdftex.def
File: hpdftex.def 2012/11/06 v6.83m Hyperref driver for pdfTeX
\Fld@listcount=\count106
\c@bookmark@seq@number=\count107

(/usr/local/texlive/2012/texmf-dist/tex/latex/oberdiek/rerunfilecheck.sty
Package: rerunfilecheck 2011/04/15 v1.7 Rerun checks for auxiliary files (HO)
Package uniquecounter Info: New unique counter `rerunfilecheck' on input line 2
82.
)
\Hy@SectionHShift=\skip43
)
(/usr/local/texlive/2012/texmf-dist/tex/latex/geometry/geometry.sty
Package: geometry 2010/09/12 v5.6 Page Geometry
\Gm@cnth=\count108
\Gm@cntv=\count109
\c@Gm@tempcnt=\count110
\Gm@bindingoffset=\dimen114
\Gm@wd@mp=\dimen115
\Gm@odd@mp=\dimen116
\Gm@even@mp=\dimen117
\Gm@layoutwidth=\dimen118
\Gm@layoutheight=\dimen119
\Gm@layouthoffset=\dimen120
\Gm@layoutvoffset=\dimen121
\Gm@dimlist=\toks21
)
(/usr/local/texlive/2012/texmf-dist/tex/latex/base/fontenc.sty
Package: fontenc 2005/09/27 v1.99g Standard LaTeX package

(/usr/local/texlive/2012/texmf-dist/tex/latex/base/t1enc.def
File: t1enc.def 2005/09/27 v1.99g Standard LaTeX file
LaTeX Font Info:    Redeclaring font encoding T1 on input line 43.
))
(/usr/local/texlive/2012/texmf-dist/tex/latex/base/textcomp.sty
Package: textcomp 2005/09/27 v1.99g Standard LaTeX package
Package textcomp Info: Sub-encoding information:
(textcomp)               5 = only ISO-Adobe without \textcurrency
(textcomp)               4 = 5 + \texteuro
(textcomp)               3 = 4 + \textohm
(textcomp)               2 = 3 + \textestimated + \textcurrency
(textcomp)               1 = TS1 - \textcircled - \t
(textcomp)               0 = TS1 (full)
(textcomp)             Font families with sub-encoding setting implement
(textcomp)             only a restricted character set as indicated.
(textcomp)             Family '?' is the default used for unknown fonts.
(textcomp)             See the documentation for details.
Package textcomp Info: Setting ? sub-encoding to TS1/1 on input line 71.

(/usr/local/texlive/2012/texmf-dist/tex/latex/base/ts1enc.def
File: ts1enc.def 2001/06/05 v3.0e (jk/car/fm) Standard LaTeX file
Now handling font encoding TS1 ...
... processing UTF-8 mapping file for font encoding TS1

(/usr/local/texlive/2012/texmf-dist/tex/latex/base/ts1enc.dfu
File: ts1enc.dfu 2008/04/05 v1.1m UTF-8 support for inputenc
   defining Unicode char U+00A2 (decimal 162)
   defining Unicode char U+00A3 (decimal 163)
   defining Unicode char U+00A4 (decimal 164)
   defining Unicode char U+00A5 (decimal 165)
   defining Unicode char U+00A6 (decimal 166)
   defining Unicode char U+00A7 (decimal 167)
   defining Unicode char U+00A8 (decimal 168)
   defining Unicode char U+00A9 (decimal 169)
   defining Unicode char U+00AA (decimal 170)
   defining Unicode char U+00AC (decimal 172)
   defining Unicode char U+00AE (decimal 174)
   defining Unicode char U+00AF (decimal 175)
   defining Unicode char U+00B0 (decimal 176)
   defining Unicode char U+00B1 (decimal 177)
   defining Unicode char U+00B2 (decimal 178)
   defining Unicode char U+00B3 (decimal 179)
   defining Unicode char U+00B4 (decimal 180)
   defining Unicode char U+00B5 (decimal 181)
   defining Unicode char U+00B6 (decimal 182)
   defining Unicode char U+00B7 (decimal 183)
   defining Unicode char U+00B9 (decimal 185)
   defining Unicode char U+00BA (decimal 186)
   defining Unicode char U+00BC (decimal 188)
   defining Unicode char U+00BD (decimal 189)
   defining Unicode char U+00BE (decimal 190)
   defining Unicode char U+00D7 (decimal 215)
   defining Unicode char U+00F7 (decimal 247)
   defining Unicode char U+0192 (decimal 402)
   defining Unicode char U+02C7 (decimal 711)
   defining Unicode char U+02D8 (decimal 728)
   defining Unicode char U+02DD (decimal 733)
   defining Unicode char U+0E3F (decimal 3647)
   defining Unicode char U+2016 (decimal 8214)
   defining Unicode char U+2020 (decimal 8224)
   defining Unicode char U+2021 (decimal 8225)
   defining Unicode char U+2022 (decimal 8226)
   defining Unicode char U+2030 (decimal 8240)
   defining Unicode char U+2031 (decimal 8241)
   defining Unicode char U+203B (decimal 8251)
   defining Unicode char U+203D (decimal 8253)
   defining Unicode char U+2044 (decimal 8260)
   defining Unicode char U+204E (decimal 8270)
   defining Unicode char U+2052 (decimal 8274)
   defining Unicode char U+20A1 (decimal 8353)
   defining Unicode char U+20A4 (decimal 8356)
   defining Unicode char U+20A6 (decimal 8358)
   defining Unicode char U+20A9 (decimal 8361)
   defining Unicode char U+20AB (decimal 8363)
   defining Unicode char U+20AC (decimal 8364)
   defining Unicode char U+20B1 (decimal 8369)
   defining Unicode char U+2103 (decimal 8451)
   defining Unicode char U+2116 (decimal 8470)
   defining Unicode char U+2117 (decimal 8471)
   defining Unicode char U+211E (decimal 8478)
   defining Unicode char U+2120 (decimal 8480)
   defining Unicode char U+2122 (decimal 8482)
   defining Unicode char U+2126 (decimal 8486)
   defining Unicode char U+2127 (decimal 8487)
   defining Unicode char U+212E (decimal 8494)
   defining Unicode char U+2190 (decimal 8592)
   defining Unicode char U+2191 (decimal 8593)
   defining Unicode char U+2192 (decimal 8594)
   defining Unicode char U+2193 (decimal 8595)
   defining Unicode char U+2329 (decimal 9001)
   defining Unicode char U+232A (decimal 9002)
   defining Unicode char U+2422 (decimal 9250)
   defining Unicode char U+25E6 (decimal 9702)
   defining Unicode char U+25EF (decimal 9711)
   defining Unicode char U+266A (decimal 9834)
))
LaTeX Info: Redefining \oldstylenums on input line 266.
Package textcomp Info: Setting cmr sub-encoding to TS1/0 on input line 281.
Package textcomp Info: Setting cmss sub-encoding to TS1/0 on input line 282.
Package textcomp Info: Setting cmtt sub-encoding to TS1/0 on input line 283.
Package textcomp Info: Setting cmvtt sub-encoding to TS1/0 on input line 284.
Package textcomp Info: Setting cmbr sub-encoding to TS1/0 on input line 285.
Package textcomp Info: Setting cmtl sub-encoding to TS1/0 on input line 286.
Package textcomp Info: Setting ccr sub-encoding to TS1/0 on input line 287.
Package textcomp Info: Setting ptm sub-encoding to TS1/4 on input line 288.
Package textcomp Info: Setting pcr sub-encoding to TS1/4 on input line 289.
Package textcomp Info: Setting phv sub-encoding to TS1/4 on input line 290.
Package textcomp Info: Setting ppl sub-encoding to TS1/3 on input line 291.
Package textcomp Info: Setting pag sub-encoding to TS1/4 on input line 292.
Package textcomp Info: Setting pbk sub-encoding to TS1/4 on input line 293.
Package textcomp Info: Setting pnc sub-encoding to TS1/4 on input line 294.
Package textcomp Info: Setting pzc sub-encoding to TS1/4 on input line 295.
Package textcomp Info: Setting bch sub-encoding to TS1/4 on input line 296.
Package textcomp Info: Setting put sub-encoding to TS1/5 on input line 297.
Package textcomp Info: Setting uag sub-encoding to TS1/5 on input line 298.
Package textcomp Info: Setting ugq sub-encoding to TS1/5 on input line 299.
Package textcomp Info: Setting ul8 sub-encoding to TS1/4 on input line 300.
Package textcomp Info: Setting ul9 sub-encoding to TS1/4 on input line 301.
Package textcomp Info: Setting augie sub-encoding to TS1/5 on input line 302.
Package textcomp Info: Setting dayrom sub-encoding to TS1/3 on input line 303.
Package textcomp Info: Setting dayroms sub-encoding to TS1/3 on input line 304.

Package textcomp Info: Setting pxr sub-encoding to TS1/0 on input line 305.
Package textcomp Info: Setting pxss sub-encoding to TS1/0 on input line 306.
Package textcomp Info: Setting pxtt sub-encoding to TS1/0 on input line 307.
Package textcomp Info: Setting txr sub-encoding to TS1/0 on input line 308.
Package textcomp Info: Setting txss sub-encoding to TS1/0 on input line 309.
Package textcomp Info: Setting txtt sub-encoding to TS1/0 on input line 310.
Package textcomp Info: Setting lmr sub-encoding to TS1/0 on input line 311.
Package textcomp Info: Setting lmdh sub-encoding to TS1/0 on input line 312.
Package textcomp Info: Setting lmss sub-encoding to TS1/0 on input line 313.
Package textcomp Info: Setting lmssq sub-encoding to TS1/0 on input line 314.
Package textcomp Info: Setting lmvtt sub-encoding to TS1/0 on input line 315.
Package textcomp Info: Setting qhv sub-encoding to TS1/0 on input line 316.
Package textcomp Info: Setting qag sub-encoding to TS1/0 on input line 317.
Package textcomp Info: Setting qbk sub-encoding to TS1/0 on input line 318.
Package textcomp Info: Setting qcr sub-encoding to TS1/0 on input line 319.
Package textcomp Info: Setting qcs sub-encoding to TS1/0 on input line 320.
Package textcomp Info: Setting qpl sub-encoding to TS1/0 on input line 321.
Package textcomp Info: Setting qtm sub-encoding to TS1/0 on input line 322.
Package textcomp Info: Setting qzc sub-encoding to TS1/0 on input line 323.
Package textcomp Info: Setting qhvc sub-encoding to TS1/0 on input line 324.
Package textcomp Info: Setting futs sub-encoding to TS1/4 on input line 325.
Package textcomp Info: Setting futx sub-encoding to TS1/4 on input line 326.
Package textcomp Info: Setting futj sub-encoding to TS1/4 on input line 327.
Package textcomp Info: Setting hlh sub-encoding to TS1/3 on input line 328.
Package textcomp Info: Setting hls sub-encoding to TS1/3 on input line 329.
Package textcomp Info: Setting hlst sub-encoding to TS1/3 on input line 330.
Package textcomp Info: Setting hlct sub-encoding to TS1/5 on input line 331.
Package textcomp Info: Setting hlx sub-encoding to TS1/5 on input line 332.
Package textcomp Info: Setting hlce sub-encoding to TS1/5 on input line 333.
Package textcomp Info: Setting hlcn sub-encoding to TS1/5 on input line 334.
Package textcomp Info: Setting hlcw sub-encoding to TS1/5 on input line 335.
Package textcomp Info: Setting hlcf sub-encoding to TS1/5 on input line 336.
Package textcomp Info: Setting pplx sub-encoding to TS1/3 on input line 337.
Package textcomp Info: Setting pplj sub-encoding to TS1/3 on input line 338.
Package textcomp Info: Setting ptmx sub-encoding to TS1/4 on input line 339.
Package textcomp Info: Setting ptmj sub-encoding to TS1/4 on input line 340.
)
(./android_note_tech_report.aux)
\openout1 = `android_note_tech_report.aux'.

LaTeX Font Info:    Checking defaults for OML/cmm/m/it on input line 27.
LaTeX Font Info:    ... okay on input line 27.
LaTeX Font Info:    Checking defaults for T1/cmr/m/n on input line 27.
LaTeX Font Info:    ... okay on input line 27.
LaTeX Font Info:    Checking defaults for OT1/cmr/m/n on input line 27.
LaTeX Font Info:    ... okay on input line 27.
LaTeX Font Info:    Checking defaults for OMS/cmsy/m/n on input line 27.
LaTeX Font Info:    ... okay on input line 27.
LaTeX Font Info:    Checking defaults for OMX/cmex/m/n on input line 27.
LaTeX Font Info:    ... okay on input line 27.
LaTeX Font Info:    Checking defaults for U/cmr/m/n on input line 27.
LaTeX Font Info:    ... okay on input line 27.
LaTeX Font Info:    Checking defaults for LUC/utbt/m/n on input line 27.
LaTeX Font Info:    Try loading font information for LUC+utbt on input line 27.


(/usr/local/texlive/2012/texmf-dist/tex/latex/kotex-base/utf/LUCutbt.fd)
LaTeX Font Info:    ... okay on input line 27.
LaTeX Font Info:    Checking defaults for PD1/pdf/m/n on input line 27.
LaTeX Font Info:    ... okay on input line 27.
LaTeX Font Info:    Checking defaults for TS1/cmr/m/n on input line 27.
LaTeX Font Info:    Try loading font information for TS1+cmr on input line 27.

(/usr/local/texlive/2012/texmf-dist/tex/latex/base/ts1cmr.fd
File: ts1cmr.fd 1999/05/25 v2.5h Standard LaTeX font definitions
)
LaTeX Font Info:    ... okay on input line 27.

(/usr/local/texlive/2012/texmf-dist/tex/context/base/supp-pdf.mkii
[Loading MPS to PDF converter (version 2006.09.02).]
\scratchcounter=\count111
\scratchdimen=\dimen122
\scratchbox=\box28
\nofMPsegments=\count112
\nofMParguments=\count113
\everyMPshowfont=\toks22
\MPscratchCnt=\count114
\MPscratchDim=\dimen123
\MPnumerator=\count115
\makeMPintoPDFobject=\count116
\everyMPtoPDFconversion=\toks23
) (/usr/local/texlive/2012/texmf-dist/tex/latex/oberdiek/epstopdf-base.sty
Package: epstopdf-base 2010/02/09 v2.5 Base part for package epstopdf

(/usr/local/texlive/2012/texmf-dist/tex/latex/oberdiek/grfext.sty
Package: grfext 2010/08/19 v1.1 Manage graphics extensions (HO)
)
Package grfext Info: Graphics extension search list:
(grfext)             [.png,.pdf,.jpg,.mps,.jpeg,.jbig2,.jb2,.PNG,.PDF,.JPG,.JPE
G,.JBIG2,.JB2,.eps]
(grfext)             \AppendGraphicsExtensions on input line 452.

(/usr/local/texlive/2012/texmf-dist/tex/latex/latexconfig/epstopdf-sys.cfg
File: epstopdf-sys.cfg 2010/07/13 v1.3 Configuration of (r)epstopdf for TeX Liv
e
))
\c@lstlisting=\count117
\AtBeginShipoutBox=\box29
Package hyperref Info: Link coloring OFF on input line 27.

(/usr/local/texlive/2012/texmf-dist/tex/latex/hyperref/nameref.sty
Package: nameref 2012/10/27 v2.43 Cross-referencing by name of section

(/usr/local/texlive/2012/texmf-dist/tex/generic/oberdiek/gettitlestring.sty
Package: gettitlestring 2010/12/03 v1.4 Cleanup title references (HO)
)
\c@section@level=\count118
)
LaTeX Info: Redefining \ref on input line 27.
LaTeX Info: Redefining \pageref on input line 27.
LaTeX Info: Redefining \nameref on input line 27.

(./android_note_tech_report.out) (./android_note_tech_report.out)
\@outlinefile=\write3
\openout3 = `android_note_tech_report.out'.


*geometry* driver: auto-detecting
*geometry* detected driver: pdftex
*geometry* verbose mode - [ preamble ] result:
* driver: pdftex
* paper: a4paper
* layout: <same size as paper>
* layoutoffset:(h,v)=(0.0pt,0.0pt)
* modes: 
* h-part:(L,W,R)=(72.26999pt, 452.9679pt, 72.26999pt)
* v-part:(T,H,B)=(72.26999pt, 700.50687pt, 72.26999pt)
* \paperwidth=597.50787pt
* \paperheight=845.04684pt
* \textwidth=452.9679pt
* \textheight=700.50687pt
* \oddsidemargin=0.0pt
* \evensidemargin=0.0pt
* \topmargin=-37.0pt
* \headheight=12.0pt
* \headsep=25.0pt
* \topskip=10.0pt
* \footskip=30.0pt
* \marginparwidth=57.0pt
* \marginparsep=11.0pt
* \columnsep=10.0pt
* \skip\footins=9.0pt plus 4.0pt minus 2.0pt
* \hoffset=0.0pt
* \voffset=0.0pt
* \mag=1000
* \@twocolumnfalse
* \@twosidefalse
* \@mparswitchfalse
* \@reversemarginfalse
* (1in=72.27pt=25.4mm, 1cm=28.453pt)

LaTeX Font Info:    External font `cmex10' loaded for size
(Font)              <12> on input line 31.
LaTeX Font Info:    External font `cmex10' loaded for size
(Font)              <8> on input line 31.
LaTeX Font Info:    External font `cmex10' loaded for size
(Font)              <6> on input line 31.
(./android_note_tech_report.toc
LaTeX Font Info:    Font shape `LUC/utbt/bx/n' in size <10> not available
(Font)              Font shape `LUC/utbt/b/n' tried instead on input line 1.
LaTeX Font Info:    External font `cmex10' loaded for size
(Font)              <7> on input line 2.
LaTeX Font Info:    External font `cmex10' loaded for size
(Font)              <5> on input line 2.
)
\tf@toc=\write4
\openout4 = `android_note_tech_report.toc'.


(/usr/local/texlive/2012/texmf-dist/tex/latex/listings/lstlang1.sty
File: lstlang1.sty 2004/09/05 1.3 listings language file
) [1

{/usr/local/texlive/2012/texmf-var/fonts/map/pdftex/updmap/pdftex.map}] (./star
t.tex
LaTeX Font Info:    Font shape `LUC/utbt/bx/n' in size <14.4> not available
(Font)              Font shape `LUC/utbt/b/n' tried instead on input line 1.
LaTeX Font Info:    Font shape `LUC/utbt/bx/n' in size <12> not available
(Font)              Font shape `LUC/utbt/b/n' tried instead on input line 4.

Underfull \hbox (badness 10000) in paragraph at lines 5--6

 []

<system-architecture.png, id=141, 715.67375pt x 513.92pt>
File: system-architecture.png Graphic file (type png)

<use system-architecture.png>
Package pdftex.def Info: system-architecture.png used on input line 7.
(pdftex.def)             Requested size: 465.18242pt x 334.04404pt.

Overfull \hbox (12.21452pt too wide) in paragraph at lines 7--8
[][] 
 []


Overfull \hbox (11.12778pt too wide) in paragraph at lines 13--14
[]\T1/cmr/m/n/10 Android Run-time\LUC/utbt/m/n/10/c7 X \T1/cmr/m/n/10 Core Li-b
raries\LUC/utbt/m/n/10/c5 –\LUC/utbt/m/n/10/b2 î \T1/cmr/m/n/10 an-droid.jar\LU
C/utbt/m/n/10/ac ^^@ \LUC/utbt/m/n/10/c7 à\LUC/utbt/m/n/10/b2 ‰\T1/cmr/m/n/10 .
 \LUC/utbt/m/n/10/c5 Ï\LUC/utbt/m/n/10/ae 0\LUC/utbt/m/n/10/c5 –\LUC/utbt/m/n/1
0/b2 î \T1/cmr/m/n/10 an-droid.* \LUC/utbt/m/n/10/d3 (\LUC/utbt/m/n/10/d0 §\LUC
/utbt/m/n/10/c9 ¿\T1/cmr/m/n/10 , com.android.*
 []

LaTeX Font Info:    Try loading font information for T1+cmtt on input line 15.
(/usr/local/texlive/2012/texmf-dist/tex/latex/base/t1cmtt.fd
File: t1cmtt.fd 1999/05/25 v2.5h Standard LaTeX font definitions
) [2 <./system-architecture.png>]
Underfull \hbox (badness 10000) in paragraph at lines 27--28

 []


Underfull \hbox (badness 10000) in paragraph at lines 32--36

 []

<sourcetree.png, id=176, 280.04625pt x 446.66875pt>
File: sourcetree.png Graphic file (type png)
 <use sourcetree.png>
Package pdftex.def Info: sourcetree.png used on input line 39.
(pdftex.def)             Requested size: 196.03102pt x 312.66599pt.

[3]
Underfull \hbox (badness 10000) in paragraph at lines 53--58

 []

[4 <./sourcetree.png>]) (./singlethread.tex
Underfull \hbox (badness 10000) in paragraph at lines 5--8

 []


Underfull \hbox (badness 10000) in paragraph at lines 18--18

 []


Underfull \hbox (badness 10000) in paragraph at lines 18--19

 []


Underfull \hbox (badness 10000) in paragraph at lines 18--19

 []

[5]
Underfull \hbox (badness 10000) in paragraph at lines 20--23

 []

[6] [7]
Underfull \hbox (badness 10000) in paragraph at lines 119--123

 []


Underfull \hbox (badness 10000) in paragraph at lines 126--129

 []

[8]
Underfull \hbox (badness 10000) in paragraph at lines 159--162

 []


Underfull \hbox (badness 10000) in paragraph at lines 163--164

 []

[9]
Underfull \hbox (badness 10000) in paragraph at lines 181--183

 []


Underfull \hbox (badness 10000) in paragraph at lines 184--187

 []

[10]
Underfull \hbox (badness 10000) in paragraph at lines 207--213

 []

[11]
Underfull \hbox (badness 10000) in paragraph at lines 252--253

 []


Underfull \hbox (badness 10000) in paragraph at lines 254--255

 []


Overfull \hbox (31.9226pt too wide) in paragraph at lines 271--273
[][] 
 []


Underfull \hbox (badness 10000) in paragraph at lines 271--273

 []


Overfull \hbox (3.06087pt too wide) in paragraph at lines 275--276
[]\T1/cmr/m/n/10 Message\LUC/utbt/m/n/10/c7 X \T1/cmr/m/n/10 what \LUC/utbt/m/n
/10/ac ^^R\LUC/utbt/m/n/10/b9 Ã\LUC/utbt/m/n/10/c7 D \LUC/utbt/m/n/10/c8 ^^D\LU
C/utbt/m/n/10/b2 Ï\LUC/utbt/m/n/10/d5 X\LUC/utbt/m/n/10/b2 î \T1/cmr/m/n/10 sen
dEmp-tyMes-sage, sendEmp-tyMes-sageDe-layed, sendEmp-tyMes-
 []


Overfull \hbox (1.54063pt too wide) in paragraph at lines 301--303
\T1/cmr/m/n/10 dispatchMessage\LUC/utbt/m/n/10/b2 î \T1/cmr/m/n/10 pub-lic \LUC
/utbt/m/n/10/ba T\LUC/utbt/m/n/10/c1 ^^\\LUC/utbt/m/n/10/b4 ‹\LUC/utbt/m/n/10/c
7 t\LUC/utbt/m/n/10/b2 ‰\T1/cmr/m/n/10 . \LUC/utbt/m/n/10/b4 ‹\LUC/utbt/m/n/10/
bb <\LUC/utbt/m/n/10/ae 4 \LUC/utbt/m/n/10/d5 X\LUC/utbt/m/n/10/c9 ¿\LUC/utbt/m
/n/10/b9 Ã \T1/cmr/m/n/10 send\LUC/utbt/m/n/10/b0 ò \T1/cmr/m/n/10 post \LUC/ut
bt/m/n/10/ba T\LUC/utbt/m/n/10/c1 ^^\\LUC/utbt/m/n/10/b4 ‹\LUC/utbt/m/n/10/b9 |
 \LUC/utbt/m/n/10/c4 \LUC/utbt/m/n/10/c9 ¿ \LUC/utbt/m/n/10/c5 J\LUC/utbt/m/n/
10/ac ‡\T1/cmr/m/n/10 , \LUC/utbt/m/n/10/c9 ¡\LUC/utbt/m/n/10/c8 ^^Q \T1/cmr/m/
n/10 dis-patchMes-
 []


Underfull \hbox (badness 10000) in paragraph at lines 301--303

 []

[12] [13]
Underfull \hbox (badness 10000) in paragraph at lines 354--355

 []

[14]
Underfull \hbox (badness 10000) in paragraph at lines 405--406

 []


Underfull \hbox (badness 10000) in paragraph at lines 407--412

 []

[15]
Underfull \hbox (badness 10000) in paragraph at lines 436--439

 []


Underfull \hbox (badness 10000) in paragraph at lines 440--446

 []

[16]
Underfull \hbox (badness 10000) in paragraph at lines 468--469

 []


Overfull \hbox (54.09418pt too wide) in paragraph at lines 473--475
\T1/cmr/m/n/10 fore-ground\LUC/utbt/m/n/10/b8 \ \LUC/utbt/m/n/10/ba Ö\LUC/utbt/
m/n/10/c2 ‹\LUC/utbt/m/n/10/d5 X\LUC/utbt/m/n/10/b2 î \LUC/utbt/m/n/10/bc )ï\LU
C/utbt/m/n/10/c7 @ \T1/cmr/m/n/10 send-Broad-cast\LUC/utbt/m/n/10/c5 – \LUC/utb
t/m/n/10/c8 ^^D\LUC/utbt/m/n/10/b2 Ï\LUC/utbt/m/n/10/b4 ^^X\LUC/utbt/m/n/10/b2 
î \T1/cmr/m/n/10 In-tent\LUC/utbt/m/n/10/c5 – \T1/cmr/m/n/10 In-tent.FLAG_RECEI
VER_FOREGROUD
 []


Underfull \hbox (badness 10000) in paragraph at lines 477--480

 []


Underfull \hbox (badness 10000) in paragraph at lines 481--483

 []


Underfull \hbox (badness 10000) in paragraph at lines 486--487

 []


Underfull \hbox (badness 10000) in paragraph at lines 486--487

 []

[17]
Underfull \hbox (badness 10000) in paragraph at lines 495--499

 []


Underfull \hbox (badness 10000) in paragraph at lines 517--519

 []


Underfull \hbox (badness 10000) in paragraph at lines 520--523

 []


Underfull \hbox (badness 10000) in paragraph at lines 524--526

 []


Underfull \hbox (badness 10000) in paragraph at lines 527--531

 []

[18]
Underfull \hbox (badness 10000) in paragraph at lines 541--544

 []


Overfull \hbox (37.49318pt too wide) in paragraph at lines 545--551
[]\LUC/utbt/m/n/10/cf T\LUC/utbt/m/n/10/b4 ‹ []\T1/cmr/m/n/10 4[]\LUC/utbt/m/n/
10/b9 | \LUC/utbt/m/n/10/b2 ‰\LUC/utbt/m/n/10/c2 ‹ \LUC/utbt/m/n/10/d5 \\LUC/ut
bt/m/n/10/bc à Ù\LUC/utbt/m/n/10/c7 ê\T1/cmr/m/n/10 . Looper.loop\LUC/utbt/m/n/
10/b2 î \LUC/utbt/m/n/10/bb 4\LUC/utbt/m/n/10/d5 \\LUC/utbt/m/n/10/bc ^^Xı\LUC/
utbt/m/n/10/bb 8\LUC/utbt/m/n/10/c7 t\LUC/utbt/m/n/10/ae 0 \LUC/utbt/m/n/10/b5 
L\LUC/utbt/m/n/10/bb 8\LUC/utbt/m/n/10/c5 – \LUC/utbt/m/n/10/ac ƒ\LUC/utbt/m/n/
10/c1 ç \LUC/utbt/m/n/10/b9 ¨\LUC/utbt/m/n/10/d1 4\LUC/utbt/m/n/10/b4 ^^X\LUC/u
tbt/m/n/10/c9 ¿ \LUC/utbt/m/n/10/c5 J\LUC/utbt/m/n/10/b2 î‰\T1/cmr/m/n/10 . Loo
per.myLooper().quit()
 []


Underfull \hbox (badness 10000) in paragraph at lines 545--551

 []

[19]
Underfull \hbox (badness 10000) in paragraph at lines 572--574

 []

<favorite_sample.png, id=600, 567.62062pt x 362.10281pt>
File: favorite_sample.png Graphic file (type png)

<use favorite_sample.png>
Package pdftex.def Info: favorite_sample.png used on input line 577.
(pdftex.def)             Requested size: 368.94902pt x 235.36403pt.

Underfull \hbox (badness 10000) in paragraph at lines 579--583

 []

[20 <./favorite_sample.png>] [21]
Underfull \hbox (badness 10000) in paragraph at lines 649--659

 []


Underfull \hbox (badness 10000) in paragraph at lines 660--662

 []


Underfull \hbox (badness 10000) in paragraph at lines 663--667

 []


Underfull \hbox (badness 10000) in paragraph at lines 668--674

 []


Overfull \hbox (3.6706pt too wide) in paragraph at lines 675--678
[][]$\T1/cmtt/m/n/10 http : / / developer . android . com / intl / ko / referen
ce / android / os / MessageQueue . IdleHandler . html$[]
 []


Underfull \hbox (badness 10000) in paragraph at lines 675--678

 []

[22]
Underfull \hbox (badness 10000) in paragraph at lines 736--739

 []

[23]
Underfull \hbox (badness 10000) in paragraph at lines 740--741

 []


Underfull \hbox (badness 10000) in paragraph at lines 742--743

 []


Underfull \hbox (badness 10000) in paragraph at lines 762--763

 []

[24]
Underfull \hbox (badness 10000) in paragraph at lines 783--784

 []


Underfull \hbox (badness 10000) in paragraph at lines 786--788

 []


Underfull \hbox (badness 10000) in paragraph at lines 789--790

 []


Overfull \hbox (24.9516pt too wide) in paragraph at lines 791--795
\LUC/utbt/m/n/10/c7 t \T1/cmr/m/n/10 4\LUC/utbt/m/n/10/ac ^^\\LUC/utbt/m/n/10/b
2 î \T1/cmr/m/n/10 Sched-uledThread-PoolEx-ecu-tor\LUC/utbt/m/n/10/c5 –\LUC/utb
t/m/n/10/c1 ^^\\LUC/utbt/m/n/10/b2 î \LUC/utbt/m/n/10/ac ‡\LUC/utbt/m/n/10/c8 ^
^U\LUC/utbt/m/n/10/b4 ^^X\LUC/utbt/m/n/10/c5 ¥ \LUC/utbt/m/n/10/c7 à\LUC/utbt/m
/n/10/b2 î\LUC/utbt/m/n/10/b3 p\T1/cmr/m/n/10 , max-i-mumPool-Size = In-te-ger.
MAX_VALUE,
 []


Overfull \hbox (65.93912pt too wide) in paragraph at lines 791--795
\T1/cmr/m/n/10 WorkQueue\LUC/utbt/m/n/10/b2 î \LUC/utbt/m/n/10/ae 0\LUC/utbt/m/
n/10/bc ¯ \LUC/utbt/m/n/10/c0 ¨\LUC/utbt/m/n/10/c7 t\LUC/utbt/m/n/10/c9 à\LUC/u
tbt/m/n/10/b2 î \T1/cmr/m/n/10 16\LUC/utbt/m/n/10/c7 x\LUC/utbt/m/n/10/b3 p\T1/
cmr/m/n/10 , \LUC/utbt/m/n/10/b4 ‰\LUC/utbt/m/n/10/c5 ¥\LUC/utbt/m/n/10/c6 $\LU
C/utbt/m/n/10/b2 î \LUC/utbt/m/n/10/ac å \LUC/utbt/m/n/10/b9 Œ\LUC/utbt/m/n/10/
c5 D\LUC/utbt/m/n/10/c9 ¿\LUC/utbt/m/n/10/ba t \LUC/utbt/m/n/10/ac ƒ\LUC/utbt/m
/n/10/c1 ç \LUC/utbt/m/n/10/c0 ¨\LUC/utbt/m/n/10/c7 t\LUC/utbt/m/n/10/c9 à\LUC/
utbt/m/n/10/ac ^^@ \LUC/utbt/m/n/10/ce ‰\LUC/utbt/m/n/10/c9 ¿\LUC/utbt/m/n/10/a
c ‡ \LUC/utbt/m/n/10/c8 ^^\\LUC/utbt/m/n/10/d5 \\LUC/utbt/m/n/10/c7 t \LUC/utbt
/m/n/10/c5 ∆\LUC/utbt/m/n/10/b2 ‰\T1/cmr/m/n/10 .(Integer.MAX_VALUE) 
 []


Underfull \hbox (badness 10000) in paragraph at lines 804--806

 []

[25]
Overfull \hbox (28.23247pt too wide) in paragraph at lines 810--811
[]\T1/cmr/m/n/10 newFixedThreadPool(int nThreads): \LUC/utbt/m/n/10/d3 ^^L\LUC/
utbt/m/n/10/b7 |\LUC/utbt/m/n/10/bb ¯\LUC/utbt/m/n/10/d1 0\LUC/utbt/m/n/10/b8 \
 \LUC/utbt/m/n/10/c8 ^^D\LUC/utbt/m/n/10/b2 Ï\LUC/utbt/m/n/10/b4 ^^X\LUC/utbt/m
/n/10/b2 î \LUC/utbt/m/n/10/ac ‡\LUC/utbt/m/n/10/c8 ^^U \LUC/utbt/m/n/10/ac ^^\
\LUC/utbt/m/n/10/c2 ^^X\LUC/utbt/m/n/10/ae L\LUC/utbt/m/n/10/c9 ¿ \LUC/utbt/m/n
/10/c2 §\LUC/utbt/m/n/10/b8 ^^H\LUC/utbt/m/n/10/b4 ‹\LUC/utbt/m/n/10/b9 | \LUC/
utbt/m/n/10/c0 ›\LUC/utbt/m/n/10/c1 1\LUC/utbt/m/n/10/d5 \\LUC/utbt/m/n/10/b2 ‰
\T1/cmr/m/n/10 . workQueue
 []


Overfull \hbox (49.6655pt too wide) in paragraph at lines 824--824
 []\T1/cmtt/m/n/10 new ThreadPoolExecutor(1, 1, 0L, TimeUnit.MILLISECONDS, new 
LinkedBlockingQueue<Runnable>() 
 []


Underfull \hbox (badness 10000) in paragraph at lines 834--835

 []

)
No file android_note_tech_report.bbl.
Package atveryend Info: Empty hook `BeforeClearDocument' on input line 659.
[26]
Package atveryend Info: Empty hook `AfterLastShipout' on input line 659.
 (./android_note_tech_report.aux)
Package atveryend Info: Executing hook `AtVeryEndDocument' on input line 659.
Package atveryend Info: Executing hook `AtEndAfterFileList' on input line 659.
Package rerunfilecheck Info: File `android_note_tech_report.out' has not change
d.
(rerunfilecheck)             Checksum: 2B6C19E217295BD59BECB4196AFB418F;1177.
Package atveryend Info: Empty hook `AtVeryVeryEnd' on input line 659.
 ) 
Here is how much of TeX's memory you used:
 9450 strings out of 493481
 135614 string characters out of 3140965
 311327 words of memory out of 3000000
 12103 multiletter control sequences out of 15000+200000
 55410 words of font info for 174 fonts, out of 3000000 for 9000
 957 hyphenation exceptions out of 8191
 37i,8n,40p,641b,1922s stack positions out of 5000i,500n,10000p,200000b,50000s
{/usr/local/texlive/2012/texmf-dist/fonts/enc/dvips/cm-super/cm-super-t1.enc}
{/usr/local/texlive/2012/texmf-dist/fonts/enc/dvips/cm-super/cm-super-ts1.enc}<
/usr/local/texlive/2012/texmf-dist/fonts/type1/public/amsfonts/cm/cmsy10.pfb></
usr/local/texlive/2012/texmf-dist/fonts/type1/kotex-base/myoungjo/outbtbac.pfb>
</usr/local/texlive/2012/texmf-dist/fonts/type1/kotex-base/myoungjo/outbtbad.pf
b></usr/local/texlive/2012/texmf-dist/fonts/type1/kotex-base/myoungjo/outbtbb2.
pfb></usr/local/texlive/2012/texmf-dist/fonts/type1/kotex-base/myoungjo/outbtbb
3.pfb></usr/local/texlive/2012/texmf-dist/fonts/type1/kotex-base/myoungjo/outbt
bb4.pfb></usr/local/texlive/2012/texmf-dist/fonts/type1/kotex-base/myoungjo/out
btbb5.pfb></usr/local/texlive/2012/texmf-dist/fonts/type1/kotex-base/myoungjo/o
utbtbb7.pfb></usr/local/texlive/2012/texmf-dist/fonts/type1/kotex-base/myoungjo
/outbtbb8.pfb></usr/local/texlive/2012/texmf-dist/fonts/type1/kotex-base/myoung
jo/outbtbba.pfb></usr/local/texlive/2012/texmf-dist/fonts/type1/kotex-base/myou
ngjo/outbtbbc.pfb></usr/local/texlive/2012/texmf-dist/fonts/type1/kotex-base/my
oungjo/outbtbc0.pfb></usr/local/texlive/2012/texmf-dist/fonts/type1/kotex-base/
myoungjo/outbtbc1.pfb></usr/local/texlive/2012/texmf-dist/fonts/type1/kotex-bas
e/myoungjo/outbtbc2.pfb></usr/local/texlive/2012/texmf-dist/fonts/type1/kotex-b
ase/myoungjo/outbtbc4.pfb></usr/local/texlive/2012/texmf-dist/fonts/type1/kotex
-base/myoungjo/outbtbc5.pfb></usr/local/texlive/2012/texmf-dist/fonts/type1/kot
ex-base/myoungjo/outbtbc6.pfb></usr/local/texlive/2012/texmf-dist/fonts/type1/k
otex-base/myoungjo/outbtbc7.pfb></usr/local/texlive/2012/texmf-dist/fonts/type1
/kotex-base/myoungjo/outbtbc8.pfb></usr/local/texlive/2012/texmf-dist/fonts/typ
e1/kotex-base/myoungjo/outbtbcc.pfb></usr/local/texlive/2012/texmf-dist/fonts/t
ype1/kotex-base/myoungjo/outbtbd0.pfb></usr/local/texlive/2012/texmf-dist/fonts
/type1/kotex-base/myoungjo/outbtbd4.pfb></usr/local/texlive/2012/texmf-dist/fon
ts/type1/kotex-base/myoungjo/outbtbd5.pfb></usr/local/texlive/2012/texmf-dist/f
onts/type1/kotex-base/myoungjo/outbtbd6.pfb></usr/local/texlive/2012/texmf-dist
/fonts/type1/kotex-base/myoungjo/outbtmac.pfb></usr/local/texlive/2012/texmf-di
st/fonts/type1/kotex-base/myoungjo/outbtmad.pfb></usr/local/texlive/2012/texmf-
dist/fonts/type1/kotex-base/myoungjo/outbtmae.pfb></usr/local/texlive/2012/texm
f-dist/fonts/type1/kotex-base/myoungjo/outbtmaf.pfb></usr/local/texlive/2012/te
xmf-dist/fonts/type1/kotex-base/myoungjo/outbtmb0.pfb></usr/local/texlive/2012/
texmf-dist/fonts/type1/kotex-base/myoungjo/outbtmb1.pfb></usr/local/texlive/201
2/texmf-dist/fonts/type1/kotex-base/myoungjo/outbtmb2.pfb></usr/local/texlive/2
012/texmf-dist/fonts/type1/kotex-base/myoungjo/outbtmb3.pfb></usr/local/texlive
/2012/texmf-dist/fonts/type1/kotex-base/myoungjo/outbtmb4.pfb></usr/local/texli
ve/2012/texmf-dist/fonts/type1/kotex-base/myoungjo/outbtmb5.pfb></usr/local/tex
live/2012/texmf-dist/fonts/type1/kotex-base/myoungjo/outbtmb6.pfb></usr/local/t
exlive/2012/texmf-dist/fonts/type1/kotex-base/myoungjo/outbtmb7.pfb></usr/local
/texlive/2012/texmf-dist/fonts/type1/kotex-base/myoungjo/outbtmb8.pfb></usr/loc
al/texlive/2012/texmf-dist/fonts/type1/kotex-base/myoungjo/outbtmb9.pfb></usr/l
ocal/texlive/2012/texmf-dist/fonts/type1/kotex-base/myoungjo/outbtmba.pfb></usr
/local/texlive/2012/texmf-dist/fonts/type1/kotex-base/myoungjo/outbtmbb.pfb></u
sr/local/texlive/2012/texmf-dist/fonts/type1/kotex-base/myoungjo/outbtmbc.pfb><
/usr/local/texlive/2012/texmf-dist/fonts/type1/kotex-base/myoungjo/outbtmbd.pfb
></usr/local/texlive/2012/texmf-dist/fonts/type1/kotex-base/myoungjo/outbtmbe.p
fb></usr/local/texlive/2012/texmf-dist/fonts/type1/kotex-base/myoungjo/outbtmbf
.pfb></usr/local/texlive/2012/texmf-dist/fonts/type1/kotex-base/myoungjo/outbtm
c0.pfb></usr/local/texlive/2012/texmf-dist/fonts/type1/kotex-base/myoungjo/outb
tmc1.pfb></usr/local/texlive/2012/texmf-dist/fonts/type1/kotex-base/myoungjo/ou
tbtmc2.pfb></usr/local/texlive/2012/texmf-dist/fonts/type1/kotex-base/myoungjo/
outbtmc3.pfb></usr/local/texlive/2012/texmf-dist/fonts/type1/kotex-base/myoungj
o/outbtmc4.pfb></usr/local/texlive/2012/texmf-dist/fonts/type1/kotex-base/myoun
gjo/outbtmc5.pfb></usr/local/texlive/2012/texmf-dist/fonts/type1/kotex-base/myo
ungjo/outbtmc6.pfb></usr/local/texlive/2012/texmf-dist/fonts/type1/kotex-base/m
youngjo/outbtmc7.pfb></usr/local/texlive/2012/texmf-dist/fonts/type1/kotex-base
/myoungjo/outbtmc8.pfb></usr/local/texlive/2012/texmf-dist/fonts/type1/kotex-ba
se/myoungjo/outbtmc9.pfb></usr/local/texlive/2012/texmf-dist/fonts/type1/kotex-
base/myoungjo/outbtmca.pfb></usr/local/texlive/2012/texmf-dist/fonts/type1/kote
x-base/myoungjo/outbtmcb.pfb></usr/local/texlive/2012/texmf-dist/fonts/type1/ko
tex-base/myoungjo/outbtmcc.pfb></usr/local/texlive/2012/texmf-dist/fonts/type1/
kotex-base/myoungjo/outbtmcd.pfb></usr/local/texlive/2012/texmf-dist/fonts/type
1/kotex-base/myoungjo/outbtmce.pfb></usr/local/texlive/2012/texmf-dist/fonts/ty
pe1/kotex-base/myoungjo/outbtmcf.pfb></usr/local/texlive/2012/texmf-dist/fonts/
type1/kotex-base/myoungjo/outbtmd0.pfb></usr/local/texlive/2012/texmf-dist/font
s/type1/kotex-base/myoungjo/outbtmd1.pfb></usr/local/texlive/2012/texmf-dist/fo
nts/type1/kotex-base/myoungjo/outbtmd2.pfb></usr/local/texlive/2012/texmf-dist/
fonts/type1/kotex-base/myoungjo/outbtmd3.pfb></usr/local/texlive/2012/texmf-dis
t/fonts/type1/kotex-base/myoungjo/outbtmd4.pfb></usr/local/texlive/2012/texmf-d
ist/fonts/type1/kotex-base/myoungjo/outbtmd5.pfb></usr/local/texlive/2012/texmf
-dist/fonts/type1/kotex-base/myoungjo/outbtmd6.pfb></usr/local/texlive/2012/tex
mf-dist/fonts/type1/kotex-base/myoungjo/outbtmd7.pfb></usr/local/texlive/2012/t
exmf-dist/fonts/type1/public/cm-super/sfbx1000.pfb></usr/local/texlive/2012/tex
mf-dist/fonts/type1/public/cm-super/sfbx1200.pfb></usr/local/texlive/2012/texmf
-dist/fonts/type1/public/cm-super/sfbx1440.pfb></usr/local/texlive/2012/texmf-d
ist/fonts/type1/public/cm-super/sfrm0600.pfb></usr/local/texlive/2012/texmf-dis
t/fonts/type1/public/cm-super/sfrm0700.pfb></usr/local/texlive/2012/texmf-dist/
fonts/type1/public/cm-super/sfrm0800.pfb></usr/local/texlive/2012/texmf-dist/fo
nts/type1/public/cm-super/sfrm1000.pfb></usr/local/texlive/2012/texmf-dist/font
s/type1/public/cm-super/sfrm1200.pfb></usr/local/texlive/2012/texmf-dist/fonts/
type1/public/cm-super/sftt0800.pfb></usr/local/texlive/2012/texmf-dist/fonts/ty
pe1/public/cm-super/sftt1000.pfb>
Output written on android_note_tech_report.pdf (26 pages, 1561817 bytes).
PDF statistics:
 1089 PDF objects out of 1200 (max. 8388607)
 967 compressed objects within 10 object streams
 458 named destinations out of 1000 (max. 500000)
 168 words of extra memory for PDF output out of 10000 (max. 10000000)

