This is XeTeX, Version 3.14159265-2.6-0.99992 (TeX Live 2015/W32TeX) (preloaded format=xelatex 2016.3.30)  12 JUN 2016 04:11
entering extended mode
 restricted \write18 enabled.
 %&-line parsing enabled.
**./android_note.tex
(./android_note.tex
LaTeX2e <2016/02/01>
Babel <3.9q> and hyphenation patterns for 81 language(s) loaded.
(c:/texlive/2015/texmf-dist/tex/latex/base/book.cls
Document Class: book 2014/09/29 v1.4h Standard LaTeX document class
(c:/texlive/2015/texmf-dist/tex/latex/base/bk11.clo
File: bk11.clo 2014/09/29 v1.4h Standard LaTeX file (size option)
)
\c@part=\count79
\c@chapter=\count80
\c@section=\count81
\c@subsection=\count82
\c@subsubsection=\count83
\c@paragraph=\count84
\c@subparagraph=\count85
\c@figure=\count86
\c@table=\count87
\abovecaptionskip=\skip41
\belowcaptionskip=\skip42
\bibindent=\dimen102
)
(c:/texlive/2015/texmf-dist/tex/latex/moresize/moresize.sty
Package: moresize 1999/07/26 v1.9 (more font sizes)
)
(c:/texlive/2015/texmf-dist/tex/latex/cjk-ko/kotex.sty
Package: kotex 2015/04/19 v1.6 Korean TeX (ko.TeX)

(c:/texlive/2015/texmf-dist/tex/latex/kotex-utf/kotex.cfg)
(c:/texlive/2015/texmf-dist/tex/xetex/xetexko/xetexko.sty
Package: xetexko 2016/02/01 v2.14 Typesetting Korean with XeTeX

(c:/texlive/2015/texmf-dist/tex/xetex/xetexko/xetexko-space.sty
Package: xetexko-space 2016/02/01 v2.14 Spacings and fonts for XeTeX-ko
\XeTeXcharclassID=\XeTeXcharclass1
\XeTeXcharclassOP=\XeTeXcharclass2
\XeTeXcharclassCL=\XeTeXcharclass3

(c:/texlive/2015/texmf-dist/tex/generic/unicode-data/load-unicode-xetex-classes
.tex 
load-unicode-xetex-classes.tex v1.4a (2016-02-21)
Reading Unicode east Asian character class data
# LineBreak-8.0.0.txt 
# Date: 2015-02-13, 09:15:00 GMT [KW, LI] 
# EastAsianWidth-8.0.0.txt 
# Date: 2015-02-10, 21:00:00 GMT [KW, LI] 
)
\XKcjkclosing=\XeTeXcharclass4
\XKcjkcolon=\XeTeXcharclass5
\XKcjkfullstop=\XeTeXcharclass6
\XKcjkliaison=\XeTeXcharclass7
\XKcjkextrastop=\XeTeXcharclass8
\XKcjksymbol=\XeTeXcharclass9
\XKhangulsyllable=\XeTeXcharclass10
\XKhanguljungjong=\XeTeXcharclass11
\XKlatinopening=\XeTeXcharclass12
\XKlatinclosing=\XeTeXcharclass13
\XKopeningquote=\XeTeXcharclass14
\XKclosingquote=\XeTeXcharclass15
\XKlatinfullstop=\XeTeXcharclass16
\XKlatinquestion=\XeTeXcharclass17
\XKlatinexclamation=\XeTeXcharclass18
\XKlatinhyphen=\XeTeXcharclass19
\XKlatincomma=\XeTeXcharclass20
\XKlatincolon=\XeTeXcharclass21
\XKlatinnumber=\XeTeXcharclass22
\XKhanjacombining=\XeTeXcharclass23
\XKdotemphbox=\box26
) (c:/texlive/2015/texmf-dist/tex/xetex/xetexko/xetexko-josa.sty
Package: xetexko-josa 2016/02/01 v2.14 Auto-josa for XeTeX-ko
\@josa=\count88
)
(c:/texlive/2015/texmf-dist/tex/xetex/xetexko/xetexko-font.sty
Package: xetexko-font 2016/02/01 v2.14 LaTeX Font commands for XeTeX-ko

(c:/texlive/2015/texmf-dist/tex/latex/fontspec/fontspec.sty
(c:/texlive/2015/texmf-dist/tex/latex/l3kernel/expl3.sty
Package: expl3 2016/03/26 v6466 L3 programming layer (loader) 

(c:/texlive/2015/texmf-dist/tex/latex/l3kernel/expl3-code.tex
Package: expl3 2016/03/26 v6466 L3 programming layer (code)
L3 Module: l3bootstrap 2016/02/12 v6412 L3 Bootstrap code
L3 Module: l3names 2016/03/11 v6433 L3 Namespace for primitives
L3 Module: l3basics 2015/11/22 v6315 L3 Basic definitions
L3 Module: l3expan 2015/09/10 v5983 L3 Argument expansion
L3 Module: l3tl 2016/03/26 v6465 L3 Token lists
L3 Module: l3str 2016/03/24 v6441 L3 Strings
L3 Module: l3seq 2015/08/05 v5777 L3 Sequences and stacks
L3 Module: l3int 2016/03/24 v6441 L3 Integers
\c_max_int=\count89
\l_tmpa_int=\count90
\l_tmpb_int=\count91
\g_tmpa_int=\count92
\g_tmpb_int=\count93
L3 Module: l3quark 2015/08/17 v5855 L3 Quarks
L3 Module: l3prg 2015/11/01 v6216 L3 Control structures
\g__prg_map_int=\count94
L3 Module: l3clist 2015/09/02 v5901 L3 Comma separated lists
L3 Module: l3token 2016/03/26 v6465 L3 Experimental token manipulation
L3 Module: l3prop 2016/01/05 v6366 L3 Property lists
L3 Module: l3msg 2016/03/26 v6464 L3 Messages
L3 Module: l3file 2016/03/25 v6458 L3 File and I/O operations
\l_iow_line_count_int=\count95
\l__iow_target_count_int=\count96
\l__iow_current_line_int=\count97
\l__iow_current_word_int=\count98
\l__iow_current_indentation_int=\count99
L3 Module: l3skip 2016/01/05 v6366 L3 Dimensions and skips
\c_zero_dim=\dimen103
\c_max_dim=\dimen104
\l_tmpa_dim=\dimen105
\l_tmpb_dim=\dimen106
\g_tmpa_dim=\dimen107
\g_tmpb_dim=\dimen108
\c_zero_skip=\skip43
\c_max_skip=\skip44
\l_tmpa_skip=\skip45
\l_tmpb_skip=\skip46
\g_tmpa_skip=\skip47
\g_tmpb_skip=\skip48
\c_zero_muskip=\muskip10
\c_max_muskip=\muskip11
\l_tmpa_muskip=\muskip12
\l_tmpb_muskip=\muskip13
\g_tmpa_muskip=\muskip14
\g_tmpb_muskip=\muskip15
L3 Module: l3keys 2015/11/17 v6284 L3 Key-value interfaces
\g__keyval_level_int=\count100
\l_keys_choice_int=\count101
L3 Module: l3fp 2016/03/26 v6465 L3 Floating points
\c__fp_leading_shift_int=\count102
\c__fp_middle_shift_int=\count103
\c__fp_trailing_shift_int=\count104
\c__fp_big_leading_shift_int=\count105
\c__fp_big_middle_shift_int=\count106
\c__fp_big_trailing_shift_int=\count107
\c__fp_Bigg_leading_shift_int=\count108
\c__fp_Bigg_middle_shift_int=\count109
\c__fp_Bigg_trailing_shift_int=\count110
L3 Module: l3box 2015/08/09 v5822 L3 Experimental boxes
\c_empty_box=\box27
\l_tmpa_box=\box28
\l_tmpb_box=\box29
\g_tmpa_box=\box30
\g_tmpb_box=\box31
L3 Module: l3coffins 2016/03/24 v6440 L3 Coffin code layer
\l__coffin_internal_box=\box32
\l__coffin_internal_dim=\dimen109
\l__coffin_offset_x_dim=\dimen110
\l__coffin_offset_y_dim=\dimen111
\l__coffin_x_dim=\dimen112
\l__coffin_y_dim=\dimen113
\l__coffin_x_prime_dim=\dimen114
\l__coffin_y_prime_dim=\dimen115
\c_empty_coffin=\box33
\l__coffin_aligned_coffin=\box34
\l__coffin_aligned_internal_coffin=\box35
\l_tmpa_coffin=\box36
\l_tmpb_coffin=\box37
\l__coffin_display_coffin=\box38
\l__coffin_display_coord_coffin=\box39
\l__coffin_display_pole_coffin=\box40
\l__coffin_display_offset_dim=\dimen116
\l__coffin_display_x_dim=\dimen117
\l__coffin_display_y_dim=\dimen118
L3 Module: l3color 2014/08/23 v5354 L3 Experimental color support
L3 Module: l3sys 2015/09/25 v6087 L3 Experimental system/runtime functions
L3 Module: l3candidates 2016/03/25 v6456 L3 Experimental additions to l3kernel
\l__box_top_dim=\dimen119
\l__box_bottom_dim=\dimen120
\l__box_left_dim=\dimen121
\l__box_right_dim=\dimen122
\l__box_top_new_dim=\dimen123
\l__box_bottom_new_dim=\dimen124
\l__box_left_new_dim=\dimen125
\l__box_right_new_dim=\dimen126
\l__box_internal_box=\box41
\l__coffin_bounding_shift_dim=\dimen127
\l__coffin_left_corner_dim=\dimen128
\l__coffin_right_corner_dim=\dimen129
\l__coffin_bottom_corner_dim=\dimen130
\l__coffin_top_corner_dim=\dimen131
\l__coffin_scaled_total_height_dim=\dimen132
\l__coffin_scaled_width_dim=\dimen133
L3 Module: l3luatex 2016/03/26 v6465 L3 Experimental LuaTeX-specific functions
)
(c:/texlive/2015/texmf-dist/tex/latex/l3kernel/l3xdvipdfmx.def
File: l3xdvidpfmx.def 2016/03/26 v6465 L3 Experimental driver: xdvipdfmx
))
(c:/texlive/2015/texmf-dist/tex/latex/l3packages/xparse/xparse.sty
Package: xparse 2016/03/26 v6466 L3 Experimental document command parser
\l__xparse_current_arg_int=\count111
\l__xparse_m_args_int=\count112
\l__xparse_mandatory_args_int=\count113
\l__xparse_processor_int=\count114
\l__xparse_v_nesting_int=\count115
)
Package: fontspec 2016/02/01 v2.5a Font selection for XeLaTeX and LuaLaTeX

(c:/texlive/2015/texmf-dist/tex/latex/fontspec/fontspec-xetex.sty
Package: fontspec-xetex 2016/02/01 v2.5a Font selection for XeLaTeX and LuaLaTe
X
\l_fontspec_script_int=\count116
\l_fontspec_language_int=\count117
\l_fontspec_strnum_int=\count118
\l__fontspec_tmpa_dim=\dimen134
\l__fontspec_tmpb_dim=\dimen135
\l__fontspec_tmpc_dim=\dimen136
\g__file_internal_ior=\read1

(c:/texlive/2015/texmf-dist/tex/latex/base/fontenc.sty
Package: fontenc 2005/09/27 v1.99g Standard LaTeX package

(c:/texlive/2015/texmf-dist/tex/latex/euenc/eu1enc.def
File: eu1enc.def 2010/05/27 v0.1h Experimental Unicode font encodings
)
LaTeX Font Info:    Try loading font information for EU1+lmr on input line 105.


(c:/texlive/2015/texmf-dist/tex/latex/euenc/eu1lmr.fd
File: eu1lmr.fd 2009/10/30 v1.6 Font defs for Latin Modern
))
(c:/texlive/2015/texmf-dist/tex/xelatex/xunicode/xunicode.sty
File: xunicode.sty 2011/09/09 v0.981 provides access to latin accents and many 
other characters in Unicode lower plane

(c:/texlive/2015/texmf-dist/tex/latex/tipa/t3enc.def
File: t3enc.def 2001/12/31 T3 encoding
LaTeX Font Info:    Try loading font information for EU1+lmss on input line 357
.

(c:/texlive/2015/texmf-dist/tex/latex/euenc/eu1lmss.fd
File: eu1lmss.fd 2009/10/30 v1.6 Font defs for Latin Modern
))
\tipaTiiicode=\count119
\tipasavetokens=\toks14
\tipachecktokens=\toks15

(c:/texlive/2015/texmf-dist/tex/latex/graphics/graphicx.sty
Package: graphicx 2014/10/28 v1.0g Enhanced LaTeX Graphics (DPC,SPQR)

(c:/texlive/2015/texmf-dist/tex/latex/graphics/keyval.sty
Package: keyval 2014/10/28 v1.15 key=value parser (DPC)
\KV@toks@=\toks16
)
(c:/texlive/2015/texmf-dist/tex/latex/graphics/graphics.sty
Package: graphics 2016/01/03 v1.0q Standard LaTeX Graphics (DPC,SPQR)

(c:/texlive/2015/texmf-dist/tex/latex/graphics/trig.sty
Package: trig 2016/01/03 v1.10 sin cos tan (DPC)
)
(c:/texlive/2015/texmf-dist/tex/latex/latexconfig/graphics.cfg
File: graphics.cfg 2010/04/23 v1.9 graphics configuration of TeX Live
)
Package graphics Info: Driver file: xetex.def on input line 95.

(c:/texlive/2015/texmf-dist/tex/xelatex/xetex-def/xetex.def
File: xetex.def 2015/09/11 v4.06 LaTeX color/graphics driver for XeTeX (TeX Liv
e/RRM/JK)

(c:/texlive/2015/texmf-dist/tex/generic/oberdiek/infwarerr.sty
Package: infwarerr 2010/04/08 v1.3 Providing info/warning/error messages (HO)
)
(c:/texlive/2015/texmf-dist/tex/generic/oberdiek/ltxcmds.sty
Package: ltxcmds 2011/11/09 v1.22 LaTeX kernel commands for general use (HO)
)))
\Gin@req@height=\dimen137
\Gin@req@width=\dimen138
))
.................................................
. LaTeX info: "xparse/define-command"
. 
. Defining command \__fontspec_post_arg:w with sig. 'mmO{}' on line 353.
.................................................
.................................................
. LaTeX info: "xparse/define-command"
. 
. Defining command \fontspec with sig. 'om' on line 355.
.................................................
.................................................
. LaTeX info: "xparse/define-command"
. 
. Defining command \setmainfont with sig. 'om' on line 365.
.................................................
.................................................
. LaTeX info: "xparse/define-command"
. 
. Defining command \setsansfont with sig. 'om' on line 375.
.................................................
.................................................
. LaTeX info: "xparse/define-command"
. 
. Defining command \setmonofont with sig. 'om' on line 385.
.................................................
.................................................
. LaTeX info: "xparse/define-command"
. 
. Defining command \setmathrm with sig. 'om' on line 399.
.................................................
.................................................
. LaTeX info: "xparse/define-command"
. 
. Defining command \setboldmathrm with sig. 'om' on line 407.
.................................................
.................................................
. LaTeX info: "xparse/define-command"
. 
. Defining command \setmathsf with sig. 'om' on line 415.
.................................................
.................................................
. LaTeX info: "xparse/define-command"
. 
. Defining command \setmathtt with sig. 'om' on line 423.
.................................................
.................................................
. LaTeX info: "xparse/define-command"
. 
. Defining command \newfontfamily with sig. 'mom' on line 437.
.................................................
.................................................
. LaTeX info: "xparse/define-command"
. 
. Defining command \newfontface with sig. 'mom' on line 453.
.................................................
.................................................
. LaTeX info: "xparse/define-command"
. 
. Defining command \defaultfontfeatures with sig. 't+om' on line 467.
.................................................
.................................................
. LaTeX info: "xparse/define-command"
. 
. Defining command \addfontfeatures with sig. 'm' on line 529.
.................................................
.................................................
. LaTeX info: "xparse/define-command"
. 
. Defining command \newfontfeature with sig. 'mm' on line 540.
.................................................
.................................................
. LaTeX info: "xparse/define-command"
. 
. Defining command \newAATfeature with sig. 'mmmm' on line 548.
.................................................
.................................................
. LaTeX info: "xparse/define-command"
. 
. Defining command \newopentypefeature with sig. 'mmm' on line 556.
.................................................
.................................................
. LaTeX info: "xparse/define-command"
. 
. Defining command \aliasfontfeature with sig. 'mm' on line 577.
.................................................
.................................................
. LaTeX info: "xparse/define-command"
. 
. Defining command \aliasfontfeatureoption with sig. 'mmm' on line 586.
.................................................
.................................................
. LaTeX info: "xparse/define-command"
. 
. Defining command \newfontscript with sig. 'mm' on line 590.
.................................................
.................................................
. LaTeX info: "xparse/define-command"
. 
. Defining command \newfontlanguage with sig. 'mm' on line 594.
.................................................
.................................................
. LaTeX info: "xparse/define-command"
. 
. Defining command \DeclareFontsExtensions with sig. 'm' on line 599.
.................................................
\l__fontspec_tmp_int=\count120

(c:/texlive/2015/texmf-dist/tex/latex/fontspec/fontspec.cfg)
LaTeX Info: Redefining \itshape on input line 2705.
LaTeX Info: Redefining \slshape on input line 2710.
LaTeX Info: Redefining \scshape on input line 2715.
LaTeX Info: Redefining \upshape on input line 2720.
\l__fontspec_em_int=\count121
\l__fontspec_emdef_int=\count122
LaTeX Info: Redefining \em on input line 2736.
LaTeX Info: Redefining \emph on input line 2742.
LaTeX Info: Redefining \- on input line 2746.
.................................................
. LaTeX info: "xparse/redefine-command"
. 
. Redefining command \oldstylenums with sig. 'm' on line 2841.
.................................................
.................................................
. LaTeX info: "xparse/define-command"
. 
. Defining command \liningnums with sig. 'm' on line 2845.
.................................................
))
.................................................
. LaTeX info: "xparse/define-command"
. 
. Defining command \__xtxko_post_args:w with sig. 'mmO{}' on line 116.
.................................................
.................................................
. LaTeX info: "xparse/define-command"
. 
. Defining command \setmainhangulfont with sig. 'om' on line 146.
.................................................
.................................................
. LaTeX info: "xparse/define-command"
. 
. Defining command \setsanshangulfont with sig. 'om' on line 156.
.................................................
.................................................
. LaTeX info: "xparse/define-command"
. 
. Defining command \setmonohangulfont with sig. 'om' on line 166.
.................................................
.................................................
. LaTeX info: "xparse/define-command"
. 
. Defining command \setmainhanjafont with sig. 'om' on line 174.
.................................................
.................................................
. LaTeX info: "xparse/define-command"
. 
. Defining command \setsanshanjafont with sig. 'om' on line 184.
.................................................
.................................................
. LaTeX info: "xparse/define-command"
. 
. Defining command \setmonohanjafont with sig. 'om' on line 194.
.................................................
.................................................
. LaTeX info: "xparse/define-command"
. 
. Defining command \adhochangulfont with sig. 'om' on line 203.
.................................................
.................................................
. LaTeX info: "xparse/define-command"
. 
. Defining command \adhochanjafont with sig. 'om' on line 220.
.................................................
.................................................
. LaTeX info: "xparse/define-command"
. 
. Defining command \newhangulfontfamily with sig. 'mom' on line 238.
.................................................
.................................................
. LaTeX info: "xparse/define-command"
. 
. Defining command \newhanjafontfamily with sig. 'mom' on line 258.
.................................................
.................................................
. LaTeX info: "xparse/define-command"
. 
. Defining command \newhangulfontface with sig. 'mom' on line 278.
.................................................
.................................................
. LaTeX info: "xparse/define-command"
. 
. Defining command \newhanjafontface with sig. 'mom' on line 298.
.................................................
.................................................
. LaTeX info: "xparse/define-command"
. 
. Defining command \addhangulfontfeature with sig. 'm' on line 337.
.................................................
.................................................
. LaTeX info: "xparse/define-command"
. 
. Defining command \addhanjafontfeature with sig. 'm' on line 358.
.................................................
.................................................
. LaTeX info: "xparse/define-command"
. 
. Defining command \defaulthangulfontfeatures with sig. 't+om' on line 377.
.................................................
.................................................
. LaTeX info: "xparse/define-command"
. 
. Defining command \defaulthanjafontfeatures with sig. 't+om' on line 389.
.................................................
.................................................
. LaTeX info: "xparse/define-command"
. 
. Defining command \setmathhangulfont with sig. 'om' on line 392.
.................................................
.................................................
. LaTeX info: "xparse/define-command"
. 
. Defining command \xetexkofontregime with sig. 'om' on line 411.
.................................................
)
(c:/texlive/2015/texmf-dist/tex/xetex/xetexko/xetexko-vertical.sty
Package: xetexko-vertical 2016/02/01 v2.14 Vertical environment for XeTeX-ko
\verticalem=\dimen139
)
(c:/texlive/2015/texmf-dist/tex/latex/cjk-ko/kolabels-utf.sty
Package: kolabels-utf 2015/03/20 v1.5 UTF-8 Hangul item labels
)))
(c:/texlive/2015/texmf-dist/tex/latex/upquote/upquote.sty
Package: upquote 2012/04/19 v1.3 upright-quote and grave-accent glyphs in verba
tim

(c:/texlive/2015/texmf-dist/tex/latex/base/textcomp.sty
Package: textcomp 2005/09/27 v1.99g Standard LaTeX package
Package textcomp Info: Sub-encoding information:
(textcomp)               5 = only ISO-Adobe without \textcurrency
(textcomp)               4 = 5 + \texteuro
(textcomp)               3 = 4 + \textohm
(textcomp)               2 = 3 + \textestimated + \textcurrency
(textcomp)               1 = TS1 - \textcircled - \t
(textcomp)               0 = TS1 (full)
(textcomp)             Font families with sub-encoding setting implement
(textcomp)             only a restricted character set as indicated.
(textcomp)             Family '?' is the default used for unknown fonts.
(textcomp)             See the documentation for details.
Package textcomp Info: Setting ? sub-encoding to TS1/1 on input line 79.

(c:/texlive/2015/texmf-dist/tex/latex/base/ts1enc.def
File: ts1enc.def 2001/06/05 v3.0e (jk/car/fm) Standard LaTeX file
)
LaTeX Info: Redefining \oldstylenums on input line 334.
Package textcomp Info: Setting cmr sub-encoding to TS1/0 on input line 349.
Package textcomp Info: Setting cmss sub-encoding to TS1/0 on input line 350.
Package textcomp Info: Setting cmtt sub-encoding to TS1/0 on input line 351.
Package textcomp Info: Setting cmvtt sub-encoding to TS1/0 on input line 352.
Package textcomp Info: Setting cmbr sub-encoding to TS1/0 on input line 353.
Package textcomp Info: Setting cmtl sub-encoding to TS1/0 on input line 354.
Package textcomp Info: Setting ccr sub-encoding to TS1/0 on input line 355.
Package textcomp Info: Setting ptm sub-encoding to TS1/4 on input line 356.
Package textcomp Info: Setting pcr sub-encoding to TS1/4 on input line 357.
Package textcomp Info: Setting phv sub-encoding to TS1/4 on input line 358.
Package textcomp Info: Setting ppl sub-encoding to TS1/3 on input line 359.
Package textcomp Info: Setting pag sub-encoding to TS1/4 on input line 360.
Package textcomp Info: Setting pbk sub-encoding to TS1/4 on input line 361.
Package textcomp Info: Setting pnc sub-encoding to TS1/4 on input line 362.
Package textcomp Info: Setting pzc sub-encoding to TS1/4 on input line 363.
Package textcomp Info: Setting bch sub-encoding to TS1/4 on input line 364.
Package textcomp Info: Setting put sub-encoding to TS1/5 on input line 365.
Package textcomp Info: Setting uag sub-encoding to TS1/5 on input line 366.
Package textcomp Info: Setting ugq sub-encoding to TS1/5 on input line 367.
Package textcomp Info: Setting ul8 sub-encoding to TS1/4 on input line 368.
Package textcomp Info: Setting ul9 sub-encoding to TS1/4 on input line 369.
Package textcomp Info: Setting augie sub-encoding to TS1/5 on input line 370.
Package textcomp Info: Setting dayrom sub-encoding to TS1/3 on input line 371.
Package textcomp Info: Setting dayroms sub-encoding to TS1/3 on input line 372.

Package textcomp Info: Setting pxr sub-encoding to TS1/0 on input line 373.
Package textcomp Info: Setting pxss sub-encoding to TS1/0 on input line 374.
Package textcomp Info: Setting pxtt sub-encoding to TS1/0 on input line 375.
Package textcomp Info: Setting txr sub-encoding to TS1/0 on input line 376.
Package textcomp Info: Setting txss sub-encoding to TS1/0 on input line 377.
Package textcomp Info: Setting txtt sub-encoding to TS1/0 on input line 378.
Package textcomp Info: Setting lmr sub-encoding to TS1/0 on input line 379.
Package textcomp Info: Setting lmdh sub-encoding to TS1/0 on input line 380.
Package textcomp Info: Setting lmss sub-encoding to TS1/0 on input line 381.
Package textcomp Info: Setting lmssq sub-encoding to TS1/0 on input line 382.
Package textcomp Info: Setting lmvtt sub-encoding to TS1/0 on input line 383.
Package textcomp Info: Setting lmtt sub-encoding to TS1/0 on input line 384.
Package textcomp Info: Setting qhv sub-encoding to TS1/0 on input line 385.
Package textcomp Info: Setting qag sub-encoding to TS1/0 on input line 386.
Package textcomp Info: Setting qbk sub-encoding to TS1/0 on input line 387.
Package textcomp Info: Setting qcr sub-encoding to TS1/0 on input line 388.
Package textcomp Info: Setting qcs sub-encoding to TS1/0 on input line 389.
Package textcomp Info: Setting qpl sub-encoding to TS1/0 on input line 390.
Package textcomp Info: Setting qtm sub-encoding to TS1/0 on input line 391.
Package textcomp Info: Setting qzc sub-encoding to TS1/0 on input line 392.
Package textcomp Info: Setting qhvc sub-encoding to TS1/0 on input line 393.
Package textcomp Info: Setting futs sub-encoding to TS1/4 on input line 394.
Package textcomp Info: Setting futx sub-encoding to TS1/4 on input line 395.
Package textcomp Info: Setting futj sub-encoding to TS1/4 on input line 396.
Package textcomp Info: Setting hlh sub-encoding to TS1/3 on input line 397.
Package textcomp Info: Setting hls sub-encoding to TS1/3 on input line 398.
Package textcomp Info: Setting hlst sub-encoding to TS1/3 on input line 399.
Package textcomp Info: Setting hlct sub-encoding to TS1/5 on input line 400.
Package textcomp Info: Setting hlx sub-encoding to TS1/5 on input line 401.
Package textcomp Info: Setting hlce sub-encoding to TS1/5 on input line 402.
Package textcomp Info: Setting hlcn sub-encoding to TS1/5 on input line 403.
Package textcomp Info: Setting hlcw sub-encoding to TS1/5 on input line 404.
Package textcomp Info: Setting hlcf sub-encoding to TS1/5 on input line 405.
Package textcomp Info: Setting pplx sub-encoding to TS1/3 on input line 406.
Package textcomp Info: Setting pplj sub-encoding to TS1/3 on input line 407.
Package textcomp Info: Setting ptmx sub-encoding to TS1/4 on input line 408.
Package textcomp Info: Setting ptmj sub-encoding to TS1/4 on input line 409.
))
(c:/texlive/2015/texmf-dist/tex/latex/listings/listings.sty
\lst@mode=\count123
\lst@gtempboxa=\box42
\lst@token=\toks17
\lst@length=\count124
\lst@currlwidth=\dimen140
\lst@column=\count125
\lst@pos=\count126
\lst@lostspace=\dimen141
\lst@width=\dimen142
\lst@newlines=\count127
\lst@lineno=\count128
\lst@maxwidth=\dimen143

(c:/texlive/2015/texmf-dist/tex/latex/listings/lstmisc.sty
File: lstmisc.sty 2015/06/04 1.6 (Carsten Heinz)
\c@lstnumber=\count129
\lst@skipnumbers=\count130
\lst@framebox=\box43
)
(c:/texlive/2015/texmf-dist/tex/latex/listings/listings.cfg
File: listings.cfg 2015/06/04 1.6 listings configuration
))
Package: listings 2015/06/04 1.6 (Carsten Heinz)

(c:/texlive/2015/texmf-dist/tex/latex/graphics/color.sty
Package: color 2016/01/03 v1.1b Standard LaTeX Color (DPC)

(c:/texlive/2015/texmf-dist/tex/latex/latexconfig/color.cfg
File: color.cfg 2007/01/18 v1.5 color configuration of teTeX/TeXLive
)
Package color Info: Driver file: xetex.def on input line 143.
)
(c:/texlive/2015/texmf-dist/tex/latex/tools/verbatim.sty
Package: verbatim 2014/10/28 v1.5q LaTeX2e package for verbatim enhancements
\every@verbatim=\toks18
\verbatim@line=\toks19
\verbatim@in@stream=\read2
)
(c:/texlive/2015/texmf-dist/tex/latex/hyperref/hyperref.sty
Package: hyperref 2012/11/06 v6.83m Hypertext links for LaTeX

(c:/texlive/2015/texmf-dist/tex/generic/oberdiek/hobsub-hyperref.sty
Package: hobsub-hyperref 2012/05/28 v1.13 Bundle oberdiek, subset hyperref (HO)


(c:/texlive/2015/texmf-dist/tex/generic/oberdiek/hobsub-generic.sty
Package: hobsub-generic 2012/05/28 v1.13 Bundle oberdiek, subset generic (HO)
Package: hobsub 2012/05/28 v1.13 Construct package bundles (HO)
Package hobsub Info: Skipping package `infwarerr' (already loaded).
Package hobsub Info: Skipping package `ltxcmds' (already loaded).
Package: ifluatex 2010/03/01 v1.3 Provides the ifluatex switch (HO)
Package ifluatex Info: LuaTeX not detected.
Package: ifvtex 2010/03/01 v1.5 Detect VTeX and its facilities (HO)
Package ifvtex Info: VTeX not detected.
Package: intcalc 2007/09/27 v1.1 Expandable calculations with integers (HO)
Package: ifpdf 2011/01/30 v2.3 Provides the ifpdf switch (HO)
Package ifpdf Info: pdfTeX in PDF mode is not detected.
Package: etexcmds 2011/02/16 v1.5 Avoid name clashes with e-TeX commands (HO)
Package etexcmds Info: Could not find \expanded.
(etexcmds)             That can mean that you are not using pdfTeX 1.50 or
(etexcmds)             that some package has redefined \expanded.
(etexcmds)             In the latter case, load this package earlier.
Package: kvsetkeys 2012/04/25 v1.16 Key value parser (HO)
Package: kvdefinekeys 2011/04/07 v1.3 Define keys (HO)
Package: pdftexcmds 2011/11/29 v0.20 Utility functions of pdfTeX for LuaTeX (HO
)
Package pdftexcmds Info: LuaTeX not detected.
Package pdftexcmds Info: pdfTeX >= 1.30 not detected.
Package pdftexcmds Info: \pdf@primitive is available.
Package pdftexcmds Info: \pdf@ifprimitive is available.
Package pdftexcmds Info: \pdfdraftmode not found.
Package: pdfescape 2011/11/25 v1.13 Implements pdfTeX's escape features (HO)
Package: bigintcalc 2012/04/08 v1.3 Expandable calculations on big integers (HO
)
Package: bitset 2011/01/30 v1.1 Handle bit-vector datatype (HO)
Package: uniquecounter 2011/01/30 v1.2 Provide unlimited unique counter (HO)
)
Package hobsub Info: Skipping package `hobsub' (already loaded).
Package: letltxmacro 2010/09/02 v1.4 Let assignment for LaTeX macros (HO)
Package: hopatch 2012/05/28 v1.2 Wrapper for package hooks (HO)
Package: xcolor-patch 2011/01/30 xcolor patch
Package: atveryend 2011/06/30 v1.8 Hooks at the very end of document (HO)
Package atveryend Info: \enddocument detected (standard20110627).
Package: atbegshi 2011/10/05 v1.16 At begin shipout hook (HO)
Package: refcount 2011/10/16 v3.4 Data extraction from label references (HO)
Package: hycolor 2011/01/30 v1.7 Color options for hyperref/bookmark (HO)
)
(c:/texlive/2015/texmf-dist/tex/generic/ifxetex/ifxetex.sty
Package: ifxetex 2010/09/12 v0.6 Provides ifxetex conditional
)
(c:/texlive/2015/texmf-dist/tex/latex/oberdiek/auxhook.sty
Package: auxhook 2011/03/04 v1.3 Hooks for auxiliary files (HO)
)
(c:/texlive/2015/texmf-dist/tex/latex/oberdiek/kvoptions.sty
Package: kvoptions 2011/06/30 v3.11 Key value format for package options (HO)
)
\@linkdim=\dimen144
\Hy@linkcounter=\count131
\Hy@pagecounter=\count132

(c:/texlive/2015/texmf-dist/tex/latex/hyperref/pd1enc.def
File: pd1enc.def 2012/11/06 v6.83m Hyperref: PDFDocEncoding definition (HO)
)
\Hy@SavedSpaceFactor=\count133

(c:/texlive/2015/texmf-dist/tex/latex/latexconfig/hyperref.cfg
File: hyperref.cfg 2002/06/06 v1.2 hyperref configuration of TeXLive
)
Package hyperref Info: Hyper figures OFF on input line 4443.
Package hyperref Info: Link nesting OFF on input line 4448.
Package hyperref Info: Hyper index ON on input line 4451.
Package hyperref Info: Plain pages OFF on input line 4458.
Package hyperref Info: Backreferencing OFF on input line 4463.
Package hyperref Info: Implicit mode ON; LaTeX internals redefined.
Package hyperref Info: Bookmarks ON on input line 4688.
\c@Hy@tempcnt=\count134

(c:/texlive/2015/texmf-dist/tex/latex/url/url.sty
\Urlmuskip=\muskip16
Package: url 2013/09/16  ver 3.4  Verb mode for urls, etc.
)
LaTeX Info: Redefining \url on input line 5041.
\XeTeXLinkMargin=\dimen145
\Fld@menulength=\count135
\Field@Width=\dimen146
\Fld@charsize=\dimen147
Package hyperref Info: Hyper figures OFF on input line 6295.
Package hyperref Info: Link nesting OFF on input line 6300.
Package hyperref Info: Hyper index ON on input line 6303.
Package hyperref Info: backreferencing OFF on input line 6310.
Package hyperref Info: Link coloring OFF on input line 6315.
Package hyperref Info: Link coloring with OCG OFF on input line 6320.
Package hyperref Info: PDF/A mode OFF on input line 6325.
LaTeX Info: Redefining \ref on input line 6365.
LaTeX Info: Redefining \pageref on input line 6369.
\Hy@abspage=\count136
\c@Item=\count137
\c@Hfootnote=\count138
)

Package hyperref Message: Driver (autodetected): hxetex.

(c:/texlive/2015/texmf-dist/tex/latex/hyperref/hxetex.def
File: hxetex.def 2012/11/06 v6.83m Hyperref driver for XeTeX

(c:/texlive/2015/texmf-dist/tex/latex/hyperref/puenc.def
File: puenc.def 2012/11/06 v6.83m Hyperref: PDF Unicode definition (HO)
)
(c:/texlive/2015/texmf-dist/tex/generic/oberdiek/stringenc.sty
Package: stringenc 2011/12/02 v1.10 Convert strings between diff. encodings (HO
)
)
\pdfm@box=\box44
\c@Hy@AnnotLevel=\count139
\HyField@AnnotCount=\count140
\Fld@listcount=\count141
\c@bookmark@seq@number=\count142

(c:/texlive/2015/texmf-dist/tex/latex/oberdiek/rerunfilecheck.sty
Package: rerunfilecheck 2011/04/15 v1.7 Rerun checks for auxiliary files (HO)
Package rerunfilecheck Info: Feature \pdfmdfivesum is not available
(rerunfilecheck)             (e.g. pdfTeX or LuaTeX with package `pdftexcmds').

(rerunfilecheck)             Therefore file contents cannot be checked efficien
tly
(rerunfilecheck)             and the loading of the package is aborted.
)
\Hy@SectionHShift=\skip49
)
(c:/texlive/2015/texmf-dist/tex/latex/geometry/geometry.sty
Package: geometry 2010/09/12 v5.6 Page Geometry
\Gm@cnth=\count143
\Gm@cntv=\count144
\c@Gm@tempcnt=\count145
\Gm@bindingoffset=\dimen148
\Gm@wd@mp=\dimen149
\Gm@odd@mp=\dimen150
\Gm@even@mp=\dimen151
\Gm@layoutwidth=\dimen152
\Gm@layoutheight=\dimen153
\Gm@layouthoffset=\dimen154
\Gm@layoutvoffset=\dimen155
\Gm@dimlist=\toks20
)
(c:/texlive/2015/texmf-dist/tex/latex/base/fontenc.sty
Package: fontenc 2005/09/27 v1.99g Standard LaTeX package

(c:/texlive/2015/texmf-dist/tex/latex/base/t1enc.def
File: t1enc.def 2005/09/27 v1.99g Standard LaTeX file
LaTeX Font Info:    Redeclaring font encoding T1 on input line 48.
)
LaTeX Font Info:    Try loading font information for T1+lmr on input line 105.

(c:/texlive/2015/texmf-dist/tex/latex/lm/t1lmr.fd
File: t1lmr.fd 2009/10/30 v1.6 Font defs for Latin Modern
))
(c:/texlive/2015/texmf-dist/tex/latex/fancyhdr/fancyhdr.sty
\fancy@headwidth=\skip50
\f@ncyO@elh=\skip51
\f@ncyO@erh=\skip52
\f@ncyO@olh=\skip53
\f@ncyO@orh=\skip54
\f@ncyO@elf=\skip55
\f@ncyO@erf=\skip56
\f@ncyO@olf=\skip57
\f@ncyO@orf=\skip58
)
(c:/texlive/2015/texmf-dist/tex/latex/kotex-utf/contrib/dhucs-cmap.sty
Package: dhucs-cmap 2007/06/16 searchable PDF for dhucs upon pdftex
)
(c:/texlive/2015/texmf-dist/tex/latex/makecell/makecell.sty
Package: makecell 2009/08/03 V0.1e Managing of Tab Column Heads and Cells

(c:/texlive/2015/texmf-dist/tex/latex/tools/array.sty
Package: array 2014/10/28 v2.4c Tabular extension package (FMi)
\col@sep=\dimen156
\extrarowheight=\dimen157
\NC@list=\toks21
\extratabsurround=\skip59
\backup@length=\skip60
)
\rotheadsize=\dimen158
\c@nlinenum=\count146
\TeXr@lab=\toks22
)
(c:/texlive/2015/texmf-dist/tex/latex/tools/longtable.sty
Package: longtable 2014/10/28 v4.11 Multi-page Table package (DPC)
\LTleft=\skip61
\LTright=\skip62
\LTpre=\skip63
\LTpost=\skip64
\LTchunksize=\count147
\LTcapwidth=\dimen159
\LT@head=\box45
\LT@firsthead=\box46
\LT@foot=\box47
\LT@lastfoot=\box48
\LT@cols=\count148
\LT@rows=\count149
\c@LT@tables=\count150
\c@LT@chunks=\count151
\LT@p@ftn=\toks23
)
(c:/texlive/2015/texmf-dist/tex/latex/amsfonts/amssymb.sty
Package: amssymb 2013/01/14 v3.01 AMS font symbols

(c:/texlive/2015/texmf-dist/tex/latex/amsfonts/amsfonts.sty
Package: amsfonts 2013/01/14 v3.01 Basic AMSFonts support
\@emptytoks=\toks24
\symAMSa=\mathgroup4
\symAMSb=\mathgroup5
LaTeX Font Info:    Overwriting math alphabet `\mathfrak' in version `bold'
(Font)                  U/euf/m/n --> U/euf/b/n on input line 106.
))
\g__fontspec_family_CourierNew_int=\count152
.................................................
. fontspec info: "defining-font"
. 
. Font family 'CourierNew(0)' created for font 'Courier New' with options
. [WordSpace={1,0,0},PunctuationSpace=WordSpace].
. 
. This font family consists of the following NFSS series/shapes:
. - 'normal' (m/n) with NFSS spec.: <->"Courier
. New/OT:script=latn;language=DFLT;"
. - 'small caps'  (m/sc) with NFSS spec.: 
. and font adjustment code:
. \fontdimen 2\font =1\fontdimen 2\font \fontdimen 3\font =0\fontdimen 3\font
. \fontdimen 4\font =0\fontdimen 4\font \fontdimen 7\font =0\fontdimen 2\font
. - 'bold' (bx/n) with NFSS spec.: <->"Courier
. New/B/OT:script=latn;language=DFLT;"
. - 'bold small caps'  (bx/sc) with NFSS spec.: 
. and font adjustment code:
. \fontdimen 2\font =1\fontdimen 2\font \fontdimen 3\font =0\fontdimen 3\font
. \fontdimen 4\font =0\fontdimen 4\font \fontdimen 7\font =0\fontdimen 2\font
. - 'italic' (m/it) with NFSS spec.: <->"Courier
. New/I/OT:script=latn;language=DFLT;"
. - 'italic small caps'  (m/itsc) with NFSS spec.: 
. and font adjustment code:
. \fontdimen 2\font =1\fontdimen 2\font \fontdimen 3\font =0\fontdimen 3\font
. \fontdimen 4\font =0\fontdimen 4\font \fontdimen 7\font =0\fontdimen 2\font
. - 'bold italic' (bx/it) with NFSS spec.: <->"Courier
. New/BI/OT:script=latn;language=DFLT;"
. - 'bold italic small caps'  (bx/itsc) with NFSS spec.: 
. and font adjustment code:
. \fontdimen 2\font =1\fontdimen 2\font \fontdimen 3\font =0\fontdimen 3\font
. \fontdimen 4\font =0\fontdimen 4\font \fontdimen 7\font =0\fontdimen 2\font 
.................................................

(./android_note.aux)
\openout1 = `android_note.aux'.

LaTeX Font Info:    Checking defaults for OML/cmm/m/it on input line 62.
LaTeX Font Info:    ... okay on input line 62.
LaTeX Font Info:    Checking defaults for T1/cmr/m/n on input line 62.
LaTeX Font Info:    ... okay on input line 62.
LaTeX Font Info:    Checking defaults for OT1/cmr/m/n on input line 62.
LaTeX Font Info:    ... okay on input line 62.
LaTeX Font Info:    Checking defaults for OMS/cmsy/m/n on input line 62.
LaTeX Font Info:    ... okay on input line 62.
LaTeX Font Info:    Checking defaults for OMX/cmex/m/n on input line 62.
LaTeX Font Info:    ... okay on input line 62.
LaTeX Font Info:    Checking defaults for U/cmr/m/n on input line 62.
LaTeX Font Info:    ... okay on input line 62.
LaTeX Font Info:    Checking defaults for EU1/lmr/m/n on input line 62.
LaTeX Font Info:    ... okay on input line 62.
LaTeX Font Info:    Checking defaults for T3/cmr/m/n on input line 62.
LaTeX Font Info:    Try loading font information for T3+cmr on input line 62.
 (c:/texlive/2015/texmf-dist/tex/latex/tipa/t3cmr.fd
File: t3cmr.fd 2001/12/31 TIPA font definitions
)
LaTeX Font Info:    ... okay on input line 62.
LaTeX Font Info:    Checking defaults for TS1/cmr/m/n on input line 62.
LaTeX Font Info:    Try loading font information for TS1+cmr on input line 62.

(c:/texlive/2015/texmf-dist/tex/latex/base/ts1cmr.fd
File: ts1cmr.fd 2014/09/29 v2.5h Standard LaTeX font definitions
)
LaTeX Font Info:    ... okay on input line 62.
LaTeX Font Info:    Checking defaults for PD1/pdf/m/n on input line 62.
LaTeX Font Info:    ... okay on input line 62.
LaTeX Font Info:    Checking defaults for PU/pdf/m/n on input line 62.
LaTeX Font Info:    ... okay on input line 62.
.................................................
. fontspec info: "setup-math"
. 
. Adjusting the maths setup (use [no-math] to avoid this).
.................................................
\symlegacymaths=\mathgroup6
LaTeX Font Info:    Overwriting symbol font `legacymaths' in version `bold'
(Font)                  OT1/cmr/m/n --> OT1/cmr/bx/n on input line 62.
LaTeX Font Info:    Redeclaring math accent \acute on input line 62.
LaTeX Font Info:    Redeclaring math accent \grave on input line 62.
LaTeX Font Info:    Redeclaring math accent \ddot on input line 62.
LaTeX Font Info:    Redeclaring math accent \tilde on input line 62.
LaTeX Font Info:    Redeclaring math accent \bar on input line 62.
LaTeX Font Info:    Redeclaring math accent \breve on input line 62.
LaTeX Font Info:    Redeclaring math accent \check on input line 62.
LaTeX Font Info:    Redeclaring math accent \hat on input line 62.
LaTeX Font Info:    Redeclaring math accent \dot on input line 62.
LaTeX Font Info:    Redeclaring math accent \mathring on input line 62.
LaTeX Font Info:    Redeclaring math symbol \colon on input line 62.
LaTeX Font Info:    Redeclaring math symbol \Gamma on input line 62.
LaTeX Font Info:    Redeclaring math symbol \Delta on input line 62.
LaTeX Font Info:    Redeclaring math symbol \Theta on input line 62.
LaTeX Font Info:    Redeclaring math symbol \Lambda on input line 62.
LaTeX Font Info:    Redeclaring math symbol \Xi on input line 62.
LaTeX Font Info:    Redeclaring math symbol \Pi on input line 62.
LaTeX Font Info:    Redeclaring math symbol \Sigma on input line 62.
LaTeX Font Info:    Redeclaring math symbol \Upsilon on input line 62.
LaTeX Font Info:    Redeclaring math symbol \Phi on input line 62.
LaTeX Font Info:    Redeclaring math symbol \Psi on input line 62.
LaTeX Font Info:    Redeclaring math symbol \Omega on input line 62.
LaTeX Font Info:    Redeclaring math symbol \mathdollar on input line 62.
LaTeX Font Info:    Redeclaring symbol font `operators' on input line 62.
LaTeX Font Info:    Encoding `OT1' has changed to `EU1' for symbol font
(Font)              `operators' in the math version `normal' on input line 62.
LaTeX Font Info:    Overwriting symbol font `operators' in version `normal'
(Font)                  OT1/cmr/m/n --> EU1/lmr/m/n on input line 62.
LaTeX Font Info:    Encoding `OT1' has changed to `EU1' for symbol font
(Font)              `operators' in the math version `bold' on input line 62.
LaTeX Font Info:    Overwriting symbol font `operators' in version `bold'
(Font)                  OT1/cmr/bx/n --> EU1/lmr/m/n on input line 62.
LaTeX Font Info:    Overwriting symbol font `operators' in version `normal'
(Font)                  EU1/lmr/m/n --> EU1/lmr/m/n on input line 62.
LaTeX Font Info:    Overwriting math alphabet `\mathit' in version `normal'
(Font)                  OT1/cmr/m/it --> EU1/lmr/m/it on input line 62.
LaTeX Font Info:    Overwriting math alphabet `\mathbf' in version `normal'
(Font)                  OT1/cmr/bx/n --> EU1/lmr/bx/n on input line 62.
LaTeX Font Info:    Overwriting math alphabet `\mathsf' in version `normal'
(Font)                  OT1/cmss/m/n --> EU1/lmss/m/n on input line 62.
LaTeX Font Info:    Overwriting math alphabet `\mathtt' in version `normal'
(Font)                  OT1/cmtt/m/n --> EU1/CourierNew(0)/m/n on input line 62
.
LaTeX Font Info:    Overwriting symbol font `operators' in version `bold'
(Font)                  EU1/lmr/m/n --> EU1/lmr/bx/n on input line 62.
LaTeX Font Info:    Overwriting math alphabet `\mathit' in version `bold'
(Font)                  OT1/cmr/bx/it --> EU1/lmr/bx/it on input line 62.
LaTeX Font Info:    Overwriting math alphabet `\mathsf' in version `bold'
(Font)                  OT1/cmss/bx/n --> EU1/lmss/bx/n on input line 62.
LaTeX Font Info:    Overwriting math alphabet `\mathtt' in version `bold'
(Font)                  OT1/cmtt/m/n --> EU1/CourierNew(0)/bx/n on input line 6
2.
\g__fontspec_family_NanumMyeongjo_int=\count153
.................................................
. fontspec info: "no-font-shape"
. 
. Could not resolve font NanumMyeongjoExtraBold/I (it probably doesn't exist).
.................................................
.................................................
. fontspec info: "no-font-shape"
. 
. Could not resolve font NanumMyeongjo/I (it probably doesn't exist).
.................................................
.................................................
. fontspec info: "defining-font"
. 
. Font family 'NanumMyeongjo(0)' created for font 'NanumMyeongjo' with options
. [Ligatures=TeX,Renderer={OpenType},BoldFont={*ExtraBold}].
. 
. This font family consists of the following NFSS series/shapes:
. - 'normal' (m/n) with NFSS spec.:
. <->"NanumMyeongjo/OT:script=latn;language=DFLT;mapping=tex-text;"
. - 'small caps'  (m/sc) with NFSS spec.: - 'bold' (bx/n) with NFSS spec.:
. <->"NanumMyeongjoExtraBold/OT:script=latn;language=DFLT;mapping=tex-text;"
. - 'bold small caps'  (bx/sc) with NFSS spec.: - 'bold italic' (bx/it) with
. NFSS spec.:
. <->"NanumMyeongjo/BI/OT:script=latn;language=DFLT;mapping=tex-text;"
. - 'bold italic small caps'  (bx/itsc) with NFSS spec.: 
.................................................
.................................................
. fontspec info: "no-scripts"
. 
. Font NanumGothic does not contain any OpenType `Script' information.
.................................................
\g__fontspec_family_NanumGothic_int=\count154
.................................................
. fontspec info: "no-font-shape"
. 
. Could not resolve font NanumGothic/I (it probably doesn't exist).
.................................................
.................................................
. fontspec info: "defining-font"
. 
. Font family 'NanumGothic(0)' created for font 'NanumGothic' with options
. [Ligatures=TeX,Renderer={OpenType}].
. 
. This font family consists of the following NFSS series/shapes:
. - 'normal' (m/n) with NFSS spec.: <->"NanumGothic/OT:mapping=tex-text;"
. - 'small caps'  (m/sc) with NFSS spec.: - 'bold' (bx/n) with NFSS spec.:
. <->"NanumGothic/B/OT:mapping=tex-text;"
. - 'bold small caps'  (bx/sc) with NFSS spec.: - 'bold italic' (bx/it) with
. NFSS spec.: <->"NanumGothic/BI/OT:mapping=tex-text;"
. - 'bold italic small caps'  (bx/itsc) with NFSS spec.: 
.................................................
LaTeX Font Info:    Try loading font information for T1+lmss on input line 62.

(c:/texlive/2015/texmf-dist/tex/latex/lm/t1lmss.fd
File: t1lmss.fd 2009/10/30 v1.6 Font defs for Latin Modern
)
.................................................
. fontspec info: "no-scripts"
. 
. Font NanumGothic does not contain any OpenType `Script' information.
.................................................
\symmathhangul=\mathgroup7
LaTeX Font Info:    Overwriting symbol font `mathhangul' in version `bold'
(Font)                  EU1/NanumMyeongjo(0)/m/n --> EU1/NanumMyeongjo(0)/bx/n 
on input line 62.
\c@lstlisting=\count155
\AtBeginShipoutBox=\box49
Package hyperref Info: Link coloring OFF on input line 62.

(c:/texlive/2015/texmf-dist/tex/latex/hyperref/nameref.sty
Package: nameref 2012/10/27 v2.43 Cross-referencing by name of section

(c:/texlive/2015/texmf-dist/tex/generic/oberdiek/gettitlestring.sty
Package: gettitlestring 2010/12/03 v1.4 Cleanup title references (HO)
)
\c@section@level=\count156
)
LaTeX Info: Redefining \ref on input line 62.
LaTeX Info: Redefining \pageref on input line 62.
LaTeX Info: Redefining \nameref on input line 62.

(./android_note.out) (./android_note.out)
\@outlinefile=\write3
\openout3 = `android_note.out'.


*geometry* driver: auto-detecting
*geometry* detected driver: xetex
*geometry* verbose mode - [ preamble ] result:
* driver: xetex
* paper: a4paper
* layout: <same size as paper>
* layoutoffset:(h,v)=(0.0pt,0.0pt)
* modes: twoside 
* h-part:(L,W,R)=(71.13188pt, 455.24411pt, 71.13188pt)
* v-part:(T,H,B)=(72.26999pt, 700.50687pt, 72.26999pt)
* \paperwidth=597.50787pt
* \paperheight=845.04684pt
* \textwidth=455.24411pt
* \textheight=700.50687pt
* \oddsidemargin=-1.1381pt
* \evensidemargin=-1.1381pt
* \topmargin=-26.0pt
* \headheight=12.0pt
* \headsep=14.0pt
* \topskip=11.0pt
* \footskip=27.46295pt
* \marginparwidth=106.0pt
* \marginparsep=7.0pt
* \columnsep=10.0pt
* \skip\footins=10.0pt plus 4.0pt minus 2.0pt
* \hoffset=0.0pt
* \voffset=0.0pt
* \mag=1000
* \@twocolumnfalse
* \@twosidetrue
* \@mparswitchtrue
* \@reversemarginfalse
* (1in=72.27pt=25.4mm, 1cm=28.453pt)

LaTeX Font Info:    Try loading font information for U+msa on input line 68.
(c:/texlive/2015/texmf-dist/tex/latex/amsfonts/umsa.fd
File: umsa.fd 2013/01/14 v3.01 AMS symbols A
)
LaTeX Font Info:    Try loading font information for U+msb on input line 68.

(c:/texlive/2015/texmf-dist/tex/latex/amsfonts/umsb.fd
File: umsb.fd 2013/01/14 v3.01 AMS symbols B
)
(c:/texlive/2015/texmf-dist/tex/generic/oberdiek/se-ascii-print.def
File: se-ascii-print.def 2011/12/02 v1.10 stringenc: Printable ASCII characters

) [1


]
(./header.tex

Package Fancyhdr Warning: \headheight is too small (12.0pt): 
 Make it at least 13.59999pt.
 We now make it that large for the rest of the document.
 This may cause the page layout to be inconsistent, however.

[2

]
Underfull \hbox (badness 10000) in paragraph at lines 3--5

 []


Underfull \hbox (badness 10000) in paragraph at lines 6--9

 []


Underfull \hbox (badness 10000) in paragraph at lines 15--18

 []


Underfull \hbox (badness 10000) in paragraph at lines 19--23

 []

[3]
Underfull \hbox (badness 10000) in paragraph at lines 33--35

 []


Underfull \hbox (badness 10000) in paragraph at lines 36--38

 []

) [4] (./android_note.toc [5

] [6])
\tf@toc=\write4
\openout4 = `android_note.toc'.


(c:/texlive/2015/texmf-dist/tex/latex/listings/lstlang1.sty
File: lstlang1.sty 2015/06/04 1.6 listings language file
) [7] [8

]
Underfull \hbox (badness 10000) in paragraph at lines 102--104

 []


Underfull \hbox (badness 10000) in paragraph at lines 105--106

 []


Underfull \hbox (badness 10000) in paragraph at lines 107--110

 []


Underfull \hbox (badness 10000) in paragraph at lines 111--112

 []


Underfull \hbox (badness 10000) in paragraph at lines 113--114

 []


Underfull \hbox (badness 10000) in paragraph at lines 115--116

 []


Underfull \hbox (badness 10000) in paragraph at lines 117--118

 []


Underfull \hbox (badness 10000) in paragraph at lines 119--120

 []

(./start.tex [9] [10

]
Chapter 1.

Underfull \hbox (badness 10000) in paragraph at lines 5--6

 []

File: system-architecture.png Graphic file (type QTm)
<use  "system-architecture.png" >
Overfull \hbox (9.93832pt too wide) in paragraph at lines 7--8
[][] 
 []

[11]
LaTeX Font Info:    Try loading font information for T1+CourierNew(0) on input 
line 15.
LaTeX Font Info:    No file T1CourierNew(0).fd. on input line 15.


LaTeX Font Warning: Font shape `T1/CourierNew(0)/m/n' undefined
(Font)              using `T1/cmr/m/n' instead on input line 15.


Underfull \hbox (badness 10000) in paragraph at lines 27--28

 []


Underfull \hbox (badness 10000) in paragraph at lines 36--40

 []

[12]
Underfull \hbox (badness 10000) in paragraph at lines 41--42

 []

File: sourcetree.png Graphic file (type QTm)
<use  "sourcetree.png" > [13]
Underfull \hbox (badness 10000) in paragraph at lines 59--61

 []


Underfull \hbox (badness 10000) in paragraph at lines 62--65

 []


Underfull \hbox (badness 10000) in paragraph at lines 75--77

 []


Overfull \hbox (29.2004pt too wide) in paragraph at lines 78--82
\EU1/lmr/m/n/10.95 style \EU1/NanumMyeongjo(0)/m/n/10.95 은 \EU1/lmr/m/n/10.95 /
frameworks/base/core/res/res/values/styles.xml[][][]\EU1/NanumMyeongjo(0)/m/n/1
0.95 에 서 \EU1/lmr/m/n/10.95 “Widget.CompoundButton.CheckBox”
 []


Underfull \hbox (badness 10000) in paragraph at lines 78--82

 []

[14]
Underfull \hbox (badness 10000) in paragraph at lines 83--84

 []


Underfull \hbox (badness 10000) in paragraph at lines 85--87

 []


Underfull \hbox (badness 10000) in paragraph at lines 88--89

 []


Underfull \hbox (badness 10000) in paragraph at lines 90--91

 []

[15]
Underfull \hbox (badness 10000) in paragraph at lines 118--120

 []


Underfull \hbox (badness 10000) in paragraph at lines 121--140

 []


Underfull \hbox (badness 10000) in paragraph at lines 141--144

 []

[16]
Overfull \hbox (6.82092pt too wide) in paragraph at lines 148--149
[][]$[][][][] [] [] [] [][][][][][][][][][][][][] [] [][][] [] [][] [] [][][][]
[][][][][][] [] [][][][][][][][][][][][][][][][][][][][][][][][][][][][][]$[] 
 []


Underfull \hbox (badness 10000) in paragraph at lines 157--160

 []


Underfull \hbox (badness 10000) in paragraph at lines 161--164

 []


Underfull \hbox (badness 10000) in paragraph at lines 167--168

 []

[17]
Underfull \hbox (badness 10000) in paragraph at lines 270--272

 []

[18]
Underfull \hbox (badness 10000) in paragraph at lines 273--275

 []


Underfull \hbox (badness 10000) in paragraph at lines 289--290

 []


Underfull \hbox (badness 10000) in paragraph at lines 291--293

 []


Underfull \hbox (badness 10000) in paragraph at lines 305--306

 []

[19]
Underfull \vbox (badness 2426) has occurred while \output is active []

 [20]
Underfull \vbox (badness 10000) has occurred while \output is active []

 [21]
[22]) (./singlethread.tex [23] [24

]
Chapter 2.

Underfull \hbox (badness 10000) in paragraph at lines 5--8

 []


Underfull \hbox (badness 10000) in paragraph at lines 24--27

 []

[25] [26]
Underfull \hbox (badness 10000) in paragraph at lines 124--129

 []

[27]
Underfull \hbox (badness 10000) in paragraph at lines 133--137

 []


Underfull \hbox (badness 10000) in paragraph at lines 167--170

 []

[28]
Underfull \hbox (badness 10000) in paragraph at lines 171--175

 []


Overfull \hbox (6.20325pt too wide) in paragraph at lines 182--184
\EU1/lmr/m/n/10.95 Handler \EU1/NanumMyeongjo(0)/m/n/10.95 를 사 용 하 려 면 먼 저 생 성 
자 를 이 해 해 야 한 다. \EU1/lmr/m/n/10.95 Handler \EU1/NanumMyeongjo(0)/m/n/10.95 에 는
 기 본 생 성 자 외 에 \EU1/lmr/m/n/10.95 Hanlder.Callback
 []


Underfull \hbox (badness 10000) in paragraph at lines 190--195

 []

[29]
Underfull \hbox (badness 10000) in paragraph at lines 196--199

 []


Underfull \hbox (badness 10000) in paragraph at lines 219--220

 []


Underfull \hbox (badness 10000) in paragraph at lines 221--226

 []

[30]
Underfull \hbox (badness 10000) in paragraph at lines 265--266

 []


Overfull \hbox (4.01756pt too wide) in paragraph at lines 267--285
[] 
 []


Underfull \hbox (badness 10000) in paragraph at lines 267--285

 []


Underfull \vbox (badness 10000) has occurred while \output is active []

 [31]
[32] [33]
Underfull \hbox (badness 10000) in paragraph at lines 371--372

 []

[34]
Overfull \hbox (9.05339pt too wide) in paragraph at lines 412--414
\EU1/lmr/m/n/10.95 SUME_ACTIVITY, PAUSE_ACTIVITY, DESTROY_ACTIVITY, CREATE_SERV
ICE,
 []


Overfull \hbox (84.11562pt too wide) in paragraph at lines 415--419
\EU1/lmr/m/n/10.95 MSG_RESIZED, MSG_DISPATCH_INPUT_EVENT, MSG_CHECK_FOCUS, MESS
AGE_DISPACH-
 []


Underfull \hbox (badness 10000) in paragraph at lines 427--428

 []


Underfull \hbox (badness 10000) in paragraph at lines 429--435

 []

[35]
Underfull \hbox (badness 10000) in paragraph at lines 459--463

 []

[36]
Underfull \hbox (badness 10000) in paragraph at lines 474--475

 []


Overfull \hbox (10.01724pt too wide) in paragraph at lines 480--483
[]\EU1/lmr/m/n/10.95 invalidateChild() \EU1/NanumMyeongjo(0)/m/n/10.95 메 서 드 는 
\EU1/lmr/m/n/10.95 do while \EU1/NanumMyeongjo(0)/m/n/10.95 문 에 서 \EU1/lmr/m/n/
10.95 parent = parent.invalidateChildInParent(location,
 []


Overfull \hbox (32.32797pt too wide) in paragraph at lines 480--483
\EU1/NanumMyeongjo(0)/m/n/10.95 것 이 다. 가 장 상 위 는 역 시 \EU1/lmr/m/n/10.95 ViewGro
up \EU1/NanumMyeongjo(0)/m/n/10.95 인 데 \EU1/lmr/m/n/10.95 (com.android.internal
.policy.PhoneWindow$DecorView)
 []


Underfull \hbox (badness 10000) in paragraph at lines 499--502

 []

[37]
Underfull \hbox (badness 10000) in paragraph at lines 503--509

 []


Underfull \hbox (badness 10000) in paragraph at lines 510--513

 []


Underfull \hbox (badness 10000) in paragraph at lines 530--535

 []

[38]
Underfull \hbox (badness 10000) in paragraph at lines 545--546

 []


Overfull \hbox (76.45137pt too wide) in paragraph at lines 562--564
\EU1/NanumMyeongjo(0)/m/n/10.95 라 운 드 로 명 시 하 는 방 법 은 \EU1/lmr/m/n/10.95 sendBr
oadcast() \EU1/NanumMyeongjo(0)/m/n/10.95 에 전 달 되 는 \EU1/lmr/m/n/10.95 Intent \
EU1/NanumMyeongjo(0)/m/n/10.95 에 \EU1/lmr/m/n/10.95 Intent.FLAG_RECEIVER_FOREGR
OUD
 []


Underfull \hbox (badness 10000) in paragraph at lines 566--567

 []


Underfull \hbox (badness 10000) in paragraph at lines 568--571

 []

[39]
Underfull \hbox (badness 10000) in paragraph at lines 572--574

 []


Underfull \hbox (badness 10000) in paragraph at lines 577--578

 []


Underfull \hbox (badness 10000) in paragraph at lines 577--578

 []


Underfull \hbox (badness 10000) in paragraph at lines 584--585

 []


Underfull \hbox (badness 10000) in paragraph at lines 586--588

 []


Overfull \hbox (13.69572pt too wide) in paragraph at lines 589--592
\EU1/NanumMyeongjo(0)/m/n/10.95 임 아 웃 이 지 나 면 \EU1/lmr/m/n/10.95 onANRLocked() 
\EU1/NanumMyeongjo(0)/m/n/10.95 메 서 드 를 호 출 하 고, \EU1/lmr/m/n/10.95 com.android
.server.input.InputManagerService
 []


Underfull \hbox (badness 10000) in paragraph at lines 589--592

 []


Underfull \hbox (badness 10000) in paragraph at lines 593--597

 []

[40]
Underfull \hbox (badness 10000) in paragraph at lines 598--603

 []


Underfull \hbox (badness 10000) in paragraph at lines 626--628

 []


Underfull \hbox (badness 10000) in paragraph at lines 629--632

 []

[41] [42

]
Chapter 3.

Underfull \hbox (badness 10000) in paragraph at lines 643--646

 []


Underfull \hbox (badness 10000) in paragraph at lines 647--654

 []

[43]
Underfull \hbox (badness 10000) in paragraph at lines 675--676

 []


Underfull \hbox (badness 10000) in paragraph at lines 677--679

 []

File: favorite_sample.png Graphic file (type QTm)
<use  "favorite_sample.png" >
Underfull \hbox (badness 10000) in paragraph at lines 684--690

 []

[44] [45]
Underfull \hbox (badness 10000) in paragraph at lines 842--846

 []

[46]
Underfull \hbox (badness 10000) in paragraph at lines 876--877

 []

[47]
Underfull \hbox (badness 10000) in paragraph at lines 897--898

 []


Underfull \hbox (badness 10000) in paragraph at lines 900--902

 []


Underfull \hbox (badness 10000) in paragraph at lines 903--904

 []


Underfull \hbox (badness 10000) in paragraph at lines 905--909

 []


Underfull \hbox (badness 10000) in paragraph at lines 920--922

 []

[48]
Overfull \hbox (4.33273pt too wide) in paragraph at lines 932--933
[]\EU1/lmr/m/n/10.95 newCachedThreadPool(): \EU1/NanumMyeongjo(0)/m/n/10.95 필 요
 할 때 스 레 드 를 생 성 하 고 스 레 드 는 개 수 제 한 이 없 다. \EU1/lmr/m/n/10.95 keepAlive-
 []


Overfull \hbox (1.84566pt too wide) in paragraph at lines 946--947
[]\EU1/lmr/m/n/10.95 newScheduledThreadPool(int corePoolSize): corePoolSize \EU
1/NanumMyeongjo(0)/m/n/10.95 개 수 의 \EU1/lmr/m/n/10.95 ScheduledThreadPoolEx-
 []


Underfull \hbox (badness 10000) in paragraph at lines 953--954

 []


Underfull \hbox (badness 10000) in paragraph at lines 957--961

 []

[49] [50] [51]
Underfull \hbox (badness 10000) in paragraph at lines 1077--1078

 []


Underfull \hbox (badness 10000) in paragraph at lines 1079--1080

 []


Underfull \hbox (badness 10000) in paragraph at lines 1085--1086

 []


Underfull \hbox (badness 10000) in paragraph at lines 1090--1093

 []


Underfull \hbox (badness 10000) in paragraph at lines 1094--1096

 []


Underfull \hbox (badness 10000) in paragraph at lines 1097--1106

 []

[52] [53]
Underfull \hbox (badness 10000) in paragraph at lines 1134--1135

 []


Underfull \hbox (badness 10000) in paragraph at lines 1136--1137

 []


Underfull \hbox (badness 10000) in paragraph at lines 1143--1145

 []

[54] [55]
Underfull \hbox (badness 10000) in paragraph at lines 1207--1211

 []

) (./context.tex [56]
Chapter 4.

Underfull \hbox (badness 10000) in paragraph at lines 2--4

 []


Underfull \hbox (badness 10000) in paragraph at lines 5--7

 []

[57

]
Underfull \hbox (badness 10000) in paragraph at lines 63--65

 []


Underfull \hbox (badness 10000) in paragraph at lines 66--67

 []

[58]
File: context.png Graphic file (type QTm)
 <use  "context.png" >
Underfull \hbox (badness 10000) in paragraph at lines 76--80

 []


Underfull \hbox (badness 10000) in paragraph at lines 89--90

 []

[59]) (./activity.tex [60]
Chapter 5.

Underfull \hbox (badness 10000) in paragraph at lines 2--6

 []


Underfull \hbox (badness 10000) in paragraph at lines 7--13

 []

File: activity-lifecycle.png Graphic file (type QTm)
<use  "activity-lifecycle.png" >
Underfull \vbox (badness 10000) has occurred while \output is active []

 [61

]
Underfull \hbox (badness 10000) in paragraph at lines 22--23

 []


Underfull \hbox (badness 10000) in paragraph at lines 26--28

 []


Underfull \hbox (badness 10000) in paragraph at lines 29--31

 []


Underfull \hbox (badness 10000) in paragraph at lines 32--34

 []


Underfull \hbox (badness 10000) in paragraph at lines 35--37

 []


Underfull \hbox (badness 10000) in paragraph at lines 38--40

 []


Underfull \hbox (badness 10000) in paragraph at lines 41--44

 []


Underfull \hbox (badness 10000) in paragraph at lines 45--47

 []

[62]
Underfull \hbox (badness 10000) in paragraph at lines 57--61

 []

File: basic-lifecycle-paused.png Graphic file (type QTm)
<use  "basic-lifecycle-paused.png" >
Underfull \hbox (badness 10000) in paragraph at lines 76--77

 []

[63]
Underfull \hbox (badness 10000) in paragraph at lines 78--81

 []


Underfull \hbox (badness 10000) in paragraph at lines 82--85

 []


Underfull \hbox (badness 10000) in paragraph at lines 97--100

 []


Overfull \hbox (21.6094pt too wide) in paragraph at lines 101--105
\EU1/NanumMyeongjo(0)/m/n/10.95 이 다. 이 플 래 그 는 \EU1/lmr/m/n/10.95 startActivity
ForResult() \EU1/NanumMyeongjo(0)/m/n/10.95 에 서 쓰 려 고 하 면 \EU1/lmr/m/n/10.95 “a
ndroid.util.AndroidRuntimeExce-
 []

[64]
Underfull \hbox (badness 10000) in paragraph at lines 108--109

 []


Underfull \hbox (badness 10000) in paragraph at lines 121--125

 []


Underfull \hbox (badness 10000) in paragraph at lines 126--131

 []

[65]
Underfull \hbox (badness 10000) in paragraph at lines 174--176

 []


Underfull \hbox (badness 10000) in paragraph at lines 177--181

 []


Underfull \hbox (badness 10000) in paragraph at lines 182--188

 []

[66] [67]
Underfull \hbox (badness 10000) in paragraph at lines 244--248

 []

[68] [69]
Underfull \hbox (badness 10000) in paragraph at lines 315--320

 []

[70]
LaTeX Font Info:    Try loading font information for EU1+mono on input line 339
.
LaTeX Font Info:    No file EU1mono.fd. on input line 339.


LaTeX Font Warning: Font shape `EU1/mono/m/n' undefined
(Font)              using `EU1/lmr/m/n' instead on input line 339.

[71]
Underfull \vbox (badness 10000) detected at line 386
 []


Overfull \hbox (1.0157pt too wide) in paragraph at lines 392--393
[]\EU1/lmr/m/n/10.95 Configuration \EU1/NanumMyeongjo(0)/m/n/10.95 가 운 데 서 \EU1
/lmr/m/n/10.95 fontScale \EU1/NanumMyeongjo(0)/m/n/10.95 은 \EU1/lmr/m/n/10.95 C
onfiguration qualifier \EU1/NanumMyeongjo(0)/m/n/10.95 와 관 련 된 것 이 없 다. 즉, \EU1
/lmr/m/n/10.95 fontScale
 []

[72]
Underfull \hbox (badness 10000) in paragraph at lines 399--405

 []


Underfull \hbox (badness 10000) in paragraph at lines 406--409

 []


Underfull \hbox (badness 10000) in paragraph at lines 410--414

 []


Underfull \hbox (badness 10000) in paragraph at lines 415--417

 []


Underfull \hbox (badness 10000) in paragraph at lines 418--420

 []


Underfull \hbox (badness 10000) in paragraph at lines 421--423

 []

[73]
Overfull \hbox (3.10052pt too wide) in paragraph at lines 444--445
[][][][][][][] [] [][][] [] [][][][] [] [][] [] [][][][][][][][][] [] [][][][][
][][] [] [] [] [][][][] [] [][][][] [] [][][][][][][][][][][][][]$[]\EU1/NanumM
yeongjo(0)/m/n/10.95 에 는 \EU1/lmr/m/n/10.95 14 \EU1/NanumMyeongjo(0)/m/n/10.95 
개
 []


Overfull \hbox (20.64046pt too wide) in paragraph at lines 444--445
\EU1/NanumMyeongjo(0)/m/n/10.95 가 모 두 나 오 지 만 \EU1/lmr/m/n/10.95 http://develop
er.android.com/intl/ko/guide/topics/manifest/activity-element.html
 []


Underfull \hbox (badness 10000) in paragraph at lines 444--445

 []


Underfull \hbox (badness 10000) in paragraph at lines 446--449

 []


Underfull \hbox (badness 10000) in paragraph at lines 450--457

 []


Underfull \hbox (badness 10000) in paragraph at lines 458--460

 []

[74]
Underfull \hbox (badness 10000) in paragraph at lines 461--462

 []


Overfull \hbox (4.76343pt too wide) in paragraph at lines 464--466
[]\EU1/lmr/m/n/10.95 android:configChanges \EU1/NanumMyeongjo(0)/m/n/10.95 에 항 
목 을 넣 어 서 활 용 하 는 경 우 를 예 를 들 어 보 자. \EU1/lmr/m/n/10.95 onConfigurationChanged(
)
 []

[75]
Underfull \hbox (badness 10000) in paragraph at lines 521--522

 []

[76]
Underfull \hbox (badness 10000) in paragraph at lines 533--536

 []


Underfull \hbox (badness 10000) in paragraph at lines 537--541

 []


Overfull \hbox (4.32372pt too wide) in paragraph at lines 542--546
[] \EU1/NanumMyeongjo(0)/m/n/10.95 그 리 고 화 면 회 전 과 관 련 해 서 \EU1/lmr/m/n/10.95 k
eyboardHidden \EU1/NanumMyeongjo(0)/m/n/10.95 도 포 함 해 서 \EU1/lmr/m/n/10.95 “key
boardHidden|orientation|screenSize”
 []


Underfull \hbox (badness 10000) in paragraph at lines 542--546

 []


Underfull \hbox (badness 10000) in paragraph at lines 547--548

 []


Underfull \hbox (badness 10000) in paragraph at lines 549--550

 []


Overfull \hbox (24.93599pt too wide) in paragraph at lines 561--564
[]\EU1/lmr/m/n/10.95 android:configChanges \EU1/NanumMyeongjo(0)/m/n/10.95 에 값 
을 넣 어 도 \EU1/lmr/m/n/10.95 onSaveInstanceState() \EU1/NanumMyeongjo(0)/m/n/10.9
5 는 여 전 히 불 린 다. \EU1/lmr/m/n/10.95 “orientation|screenSize”
 []


Underfull \hbox (badness 10000) in paragraph at lines 561--564

 []

[77]
Underfull \hbox (badness 10000) in paragraph at lines 569--570

 []

[78]
Underfull \hbox (badness 10000) in paragraph at lines 596--597

 []


Underfull \hbox (badness 10000) in paragraph at lines 598--602

 []


Underfull \hbox (badness 10000) in paragraph at lines 603--605

 []

[79]
Underfull \hbox (badness 10000) in paragraph at lines 609--612

 []

) (./activity2.tex
File: diagram_backstack.png Graphic file (type QTm)
 <use  "diagram_backstack.png" >
Underfull \hbox (badness 10000) in paragraph at lines 6--7

 []


Underfull \hbox (badness 10000) in paragraph at lines 8--9

 []

[80]
Underfull \hbox (badness 10000) in paragraph at lines 21--23

 []


Underfull \hbox (badness 10000) in paragraph at lines 24--26

 []


Underfull \hbox (badness 10000) in paragraph at lines 34--36

 []

[81]
Underfull \hbox (badness 10000) in paragraph at lines 37--39

 []


Underfull \hbox (badness 10000) in paragraph at lines 40--41

 []


Underfull \hbox (badness 10000) in paragraph at lines 42--44

 []

[82]
Underfull \vbox (badness 10000) has occurred while \output is active []

 [83]
[84]
Underfull \hbox (badness 10000) in paragraph at lines 196--201

 []


Underfull \hbox (badness 10000) in paragraph at lines 202--208

 []


Overfull \hbox (41.08563pt too wide) in paragraph at lines 209--211
[] \EU1/NanumMyeongjo(0)/m/n/10.95 이 런 케 이 스 를 막 기 위 해 서 \EU1/mono/m/n/10.95 Al
armAlert \EU1/NanumMyeongjo(0)/m/n/10.95 의 \EU1/mono/m/n/10.95 android:taskAffi
nity \EU1/NanumMyeongjo(0)/m/n/10.95 속 성 을 다 르 게 세 팅 하 면, \EU1/mono/m/n/10.95 F
LAG_ACTIVITY-
 []

File: diagram_multiple_instances.png Graphic file (type QTm)
<use  "diagram_multiple_instances.png" > [85]
Underfull \hbox (badness 10000) in paragraph at lines 231--234

 []


Underfull \hbox (badness 10000) in paragraph at lines 235--238

 []

[86]
Underfull \hbox (badness 10000) in paragraph at lines 239--241

 []


Underfull \hbox (badness 10000) in paragraph at lines 255--257

 []


Underfull \hbox (badness 10000) in paragraph at lines 258--261

 []


Underfull \hbox (badness 10000) in paragraph at lines 262--266

 []


Overfull \hbox (10.81924pt too wide) in paragraph at lines 276--278
 []\T1/lmr/bx/n/10.95 Caller \EU1/NanumMyeongjo(0)/bx/n/10.95 속 성 부 여 는 \EU1/lm
r/bx/n/10.95 Intent Flags \EU1/NanumMyeongjo(0)/bx/n/10.95 에 지 정 한 다.[] \EU1/mo
no/m/n/10.95 Intent \EU1/NanumMyeongjo(0)/m/n/10.95 에 는 \EU1/mono/m/n/10.95 set
Flags(int flags) \EU1/NanumMyeongjo(0)/m/n/10.95 메 서 드 와 \EU1/mono/m/n/10.95 ad
dFlags(int
 []


Underfull \hbox (badness 10000) in paragraph at lines 276--278

 []

[87]
Underfull \hbox (badness 10000) in paragraph at lines 285--289

 []


Overfull \hbox (44.23006pt too wide) in paragraph at lines 290--291
[] \EU1/NanumMyeongjo(0)/m/n/10.95 이 제 \EU1/mono/m/n/10.95 FLAG_ACTIVITY_CLEAR_
TOP \EU1/NanumMyeongjo(0)/m/n/10.95 의 한 계 도 알 고 있 어 야 한 다. \EU1/mono/m/n/10.95 
ActivityA$\OMS/cmsy/m/n/10.95 )$\EU1/mono/m/n/10.95 ActivityB$\OMS/cmsy/m/n/10.
95 )$\EU1/mono/m/n/10.95 Activi-
 []


Overfull \hbox (4.25037pt too wide) in paragraph at lines 290--291
\EU1/NanumMyeongjo(0)/m/n/10.95 위 에 있 는 \EU1/mono/m/n/10.95 ActivityA \EU1/Nanu
mMyeongjo(0)/m/n/10.95 기 준 으 로 \EU1/mono/m/n/10.95 ClearTop \EU1/NanumMyeongjo(
0)/m/n/10.95 이 되 면 서 결 과 로 서 \EU1/mono/m/n/10.95 ActivityA$\OMS/cmsy/m/n/10.95 
)$\EU1/mono/m/n/10.95 ActivityB$\OMS/cmsy/m/n/10.95 )$\EU1/mono/m/n/10.95 Activ
ityA
 []


Overfull \hbox (49.33923pt too wide) in paragraph at lines 299--300
[]\EU1/mono/m/n/10.95 Caller \EU1/NanumMyeongjo(0)/m/n/10.95 가 \EU1/mono/m/n/10
.95 Activity \EU1/NanumMyeongjo(0)/m/n/10.95 일 때 만 정 상 적 으 로 \EU1/mono/m/n/10.9
5 REORDER \EU1/NanumMyeongjo(0)/m/n/10.95 가 동 작 한 다. \EU1/mono/m/n/10.95 FLAG_A
CTIVITY_NEW_TASK
 []


Overfull \hbox (44.36578pt too wide) in paragraph at lines 299--300
\EU1/NanumMyeongjo(0)/m/n/10.95 를 플 래 그 에 함 께 사 용 해 야 하 는 \EU1/mono/m/n/10.95 S
ervice, BroadcastReceiver, Application \EU1/NanumMyeongjo(0)/m/n/10.95 에 서 는 \E
U1/mono/m/n/10.95 FLAG_ACTIVI-
 []

[88]
Overfull \hbox (30.99472pt too wide) in paragraph at lines 339--341
\EU1/mono/m/n/10.95 Name(String pkg, String cls)) \EU1/NanumMyeongjo(0)/m/n/10.
95 와 동 일 하 다. \EU1/mono/m/n/10.95 cls \EU1/NanumMyeongjo(0)/m/n/10.95 파 라 미 터 에
 \EU1/mono/m/n/10.95 “com.suribada.someapp.SplashActivity”
 []

) (./service.tex [89] [90]
Chapter 6.

Underfull \hbox (badness 10000) in paragraph at lines 2--3

 []


Underfull \hbox (badness 10000) in paragraph at lines 34--35

 []

[91

]
Underfull \hbox (badness 10000) in paragraph at lines 36--39

 []

[92]
Underfull \hbox (badness 10000) in paragraph at lines 105--108

 []

[93]
Underfull \hbox (badness 10000) in paragraph at lines 109--113

 []


Underfull \hbox (badness 10000) in paragraph at lines 114--116

 []


Underfull \hbox (badness 10000) in paragraph at lines 117--120

 []


Underfull \hbox (badness 10000) in paragraph at lines 121--122

 []

File: service-lifecycle.png Graphic file (type QTm)
<use  "service-lifecycle.png" >
Underfull \vbox (badness 10000) has occurred while \output is active []

 [94]
Underfull \hbox (badness 10000) in paragraph at lines 127--130

 []

) (./service2.tex
Underfull \hbox (badness 10000) in paragraph at lines 2--5

 []


Underfull \hbox (badness 10000) in paragraph at lines 6--8

 []

[95]
Underfull \hbox (badness 10000) in paragraph at lines 14--18

 []


Underfull \hbox (badness 10000) in paragraph at lines 19--23

 []


Underfull \hbox (badness 10000) in paragraph at lines 24--25

 []

[96] [97]
Underfull \hbox (badness 10000) in paragraph at lines 96--99

 []


Underfull \hbox (badness 10000) in paragraph at lines 105--108

 []


Underfull \hbox (badness 10000) in paragraph at lines 109--114

 []


Underfull \hbox (badness 10000) in paragraph at lines 115--116

 []


Underfull \hbox (badness 10000) in paragraph at lines 117--124

 []

[98]
Underfull \hbox (badness 10000) in paragraph at lines 129--132

 []

[99]
Overfull \hbox (19.82706pt too wide) in paragraph at lines 172--175
\EU1/mono/m/n/10.95 plicit intents with startService are not safe: Intent  act=
com.naver.android.sample.SYNC_SERVICE
 []


Underfull \hbox (badness 10000) in paragraph at lines 172--175

 []


Underfull \hbox (badness 10000) in paragraph at lines 179--181

 []


Underfull \vbox (badness 1910) has occurred while \output is active []

 [100]
Overfull \hbox (40.67764pt too wide) in paragraph at lines 198--199
\EU1/mono/m/n/10.95 IntentService \EU1/NanumMyeongjo(0)/m/n/10.95 에 서 내 부 적 으 로
 구 현 한 \EU1/mono/m/n/10.95 onStartCommand() \EU1/NanumMyeongjo(0)/m/n/10.95 메 서
 드 는 기 본 리 턴 값 은 \EU1/mono/m/n/10.95 START_NOT_STICKY
 []


Underfull \hbox (badness 10000) in paragraph at lines 203--205

 []


Underfull \hbox (badness 10000) in paragraph at lines 206--207

 []


Underfull \hbox (badness 10000) in paragraph at lines 208--210

 []


Underfull \hbox (badness 10000) in paragraph at lines 211--212

 []


Underfull \hbox (badness 10000) in paragraph at lines 213--215

 []

[101]
Underfull \hbox (badness 10000) in paragraph at lines 216--219

 []


Underfull \hbox (badness 10000) in paragraph at lines 234--243

 []


Underfull \hbox (badness 10000) in paragraph at lines 244--246

 []

[102]
Underfull \vbox (badness 10000) has occurred while \output is active []

 [103]
Underfull \hbox (badness 10000) in paragraph at lines 298--300

 []


Underfull \hbox (badness 10000) in paragraph at lines 329--331

 []

[104]
Underfull \hbox (badness 10000) in paragraph at lines 340--341

 []


Underfull \hbox (badness 10000) in paragraph at lines 363--365

 []

[105]
Underfull \hbox (badness 10000) in paragraph at lines 366--367

 []

[106]
Underfull \vbox (badness 10000) has occurred while \output is active []

 [107]
[108] [109]
Overfull \hbox (23.2101pt too wide) in paragraph at lines 560--564
[]\EU1/mono/m/n/10.95 3 \EU1/NanumMyeongjo(0)/m/n/10.95 라 인 \EU1/mono/m/n/10.95
 (1) \EU1/NanumMyeongjo(0)/m/n/10.95 에 서 커 넥 션 \EU1/mono/m/n/10.95 Callback \EU
1/NanumMyeongjo(0)/m/n/10.95 인 \EU1/mono/m/n/10.95 ServiceConnection \EU1/Nanum
Myeongjo(0)/m/n/10.95 을 생 성 하 였 다. \EU1/mono/m/n/10.95 7 \EU1/NanumMyeongjo(0)/
m/n/10.95 라 인 \EU1/mono/m/n/10.95 (2) \EU1/NanumMyeongjo(0)/m/n/10.95 의 \EU1/mo
no/m/n/10.95 Stub.asInterface()
 []


Underfull \hbox (badness 10000) in paragraph at lines 569--571

 []


Underfull \hbox (badness 10000) in paragraph at lines 572--575

 []

[110]
Underfull \hbox (badness 10000) in paragraph at lines 583--586

 []


Underfull \hbox (badness 10000) in paragraph at lines 615--616

 []

[111]
Underfull \vbox (badness 10000) has occurred while \output is active []

 [112]
Underfull \hbox (badness 10000) in paragraph at lines 672--676

 []

[113]
File: service-binding-tree-lifecycle.png Graphic file (type QTm)
 <use  "service-binding-tree-lifecycle.png" >
Underfull \hbox (badness 10000) in paragraph at lines 754--759

 []


Underfull \hbox (badness 10000) in paragraph at lines 760--763

 []

[114]
Underfull \hbox (badness 10000) in paragraph at lines 764--766

 []


Underfull \hbox (badness 10000) in paragraph at lines 796--797

 []

[115]
Underfull \hbox (badness 10000) in paragraph at lines 818--822

 []

[116] [117]
Underfull \vbox (badness 10000) has occurred while \output is active []

 [118]
[119]
Underfull \vbox (badness 10000) has occurred while \output is active []

 [120]
[121]) (./contentprovider.tex [122]
Chapter 7.

Underfull \hbox (badness 10000) in paragraph at lines 3--7

 []


Underfull \hbox (badness 10000) in paragraph at lines 8--10

 []

[123

]
Underfull \vbox (badness 10000) has occurred while \output is active []

 [124]
Underfull \hbox (badness 10000) in paragraph at lines 98--101

 []


Underfull \hbox (badness 10000) in paragraph at lines 102--107

 []

[125]
Overfull \hbox (2.4186pt too wide) in paragraph at lines 165--167
[][][][][][][][][] [] [][][][][][][] [] [][][] [] [][][][][][][][][] [] [][][][
][][][] [] [][][][][][][][] [] [][][][][][][][] [] [][][][][][] [] [][][][]$[]\
EU1/mono/m/n/10.95 )
 []


Underfull \hbox (badness 10000) in paragraph at lines 165--167

 []

[126]
Underfull \hbox (badness 10000) in paragraph at lines 189--190

 []


Underfull \hbox (badness 10000) in paragraph at lines 206--209

 []


Underfull \hbox (badness 10000) in paragraph at lines 212--215

 []


Underfull \hbox (badness 10000) in paragraph at lines 216--219

 []

[127]
Underfull \hbox (badness 10000) in paragraph at lines 226--228

 []


Underfull \hbox (badness 10000) in paragraph at lines 230--234

 []


Underfull \hbox (badness 10000) in paragraph at lines 242--245

 []

[128]
Underfull \hbox (badness 10000) in paragraph at lines 279--280

 []


Overfull \hbox (13.30116pt too wide) in paragraph at lines 281--283
[]$[][][][][] [] [] [] [][][][][][] [] [][][] [] [][][][][][][][] [] [][][][][]
[][][][][][][][][][][][][][][][][][][][][][][][][][][][][][][][][][][][][][][][
][][]$[] 
 []


Underfull \hbox (badness 10000) in paragraph at lines 281--283

 []

[129]
Underfull \hbox (badness 10000) in paragraph at lines 300--301

 []


Underfull \hbox (badness 10000) in paragraph at lines 302--304

 []


Underfull \hbox (badness 10000) in paragraph at lines 305--307

 []


Underfull \hbox (badness 10000) in paragraph at lines 352--354

 []


Underfull \hbox (badness 10000) in paragraph at lines 355--358

 []

[130]
Underfull \hbox (badness 10000) in paragraph at lines 388--391

 []

[131]
Underfull \hbox (badness 10000) in paragraph at lines 423--427

 []

[132]
Underfull \hbox (badness 10000) in paragraph at lines 454--457

 []

[133]
Underfull \hbox (badness 10000) in paragraph at lines 465--467

 []


Underfull \hbox (badness 10000) in paragraph at lines 475--477

 []

[134]
Underfull \hbox (badness 10000) in paragraph at lines 494--498

 []

[135]
Underfull \vbox (badness 10000) has occurred while \output is active []

 [136]
[137]
Overfull \hbox (49.91699pt too wide) in paragraph at lines 645--649
[]\EU1/mono/m/n/10.95 insert/update/delete \EU1/NanumMyeongjo(0)/m/n/10.95 메 서 
드 에 서 \EU1/mono/m/n/10.95 DB \EU1/NanumMyeongjo(0)/m/n/10.95 명 령 실 행 후 에 \EU1/m
ono/m/n/10.95 getContext().getContentResolver().notifyChange-
 []

[138]
Overfull \hbox (31.16678pt too wide) in paragraph at lines 685--688
\EU1/NanumMyeongjo(0)/m/n/10.95 서 속 도 를 향 상 시 키 고 싶 다 면, \EU1/mono/m/n/10.95 Co
ntentProvider \EU1/NanumMyeongjo(0)/m/n/10.95 에 서 \EU1/mono/m/n/10.95 applyBatc
h(ArrayList$\OML/cmm/m/it/10.95 <$\EU1/mono/m/n/10.95 ContentProviderOperation$
\OML/cmm/m/it/10.95 >$
 []


Underfull \hbox (badness 10000) in paragraph at lines 772--775

 []

[139]
Underfull \hbox (badness 10000) in paragraph at lines 811--813

 []


Underfull \hbox (badness 10000) in paragraph at lines 814--816

 []


Underfull \hbox (badness 10000) in paragraph at lines 817--820

 []

[140] [141]
Underfull \hbox (badness 10000) in paragraph at lines 894--898

 []

[142]
Underfull \hbox (badness 10000) in paragraph at lines 915--916

 []

) (./broadcastreceiver.tex [143] [144

]
Chapter 8.

Underfull \hbox (badness 10000) in paragraph at lines 2--5

 []


Underfull \hbox (badness 10000) in paragraph at lines 15--18

 []


Underfull \hbox (badness 10000) in paragraph at lines 19--20

 []

[145]
Underfull \hbox (badness 10000) in paragraph at lines 21--22

 []


Underfull \hbox (badness 10000) in paragraph at lines 23--24

 []


Underfull \hbox (badness 10000) in paragraph at lines 25--26

 []


Underfull \hbox (badness 10000) in paragraph at lines 27--30

 []


Underfull \hbox (badness 10000) in paragraph at lines 31--33

 []


Underfull \hbox (badness 10000) in paragraph at lines 39--41

 []

[146] [147]
Overfull \hbox (41.24998pt too wide) in paragraph at lines 103--107
[]\EU1/mono/m/n/10.95 Intent \EU1/NanumMyeongjo(0)/m/n/10.95 클 래 스 에 정 의 된 모 든 
\EU1/mono/m/n/10.95 Broadcast Action \EU1/NanumMyeongjo(0)/m/n/10.95 이 \EU1/mon
o/m/n/10.95 ‘protected intent’ \EU1/NanumMyeongjo(0)/m/n/10.95 인 것 은 아 니 다. \EU
1/mono/m/n/10.95 ACTION_MEDIA_SC-
 []


Underfull \hbox (badness 10000) in paragraph at lines 103--107

 []


Overfull \hbox (43.60855pt too wide) in paragraph at lines 108--113
[] \EU1/NanumMyeongjo(0)/m/n/10.95 캘 린 더 앱 이 라 면, 처 리 해 야 하 는 이 벤 트 로 는 \EU1/mo
no/m/n/10.95 ACTION_TIMEZONE_CHANGED, ACTION_LOCALE_C-
 []


Overfull \hbox (17.7489pt too wide) in paragraph at lines 108--113
\EU1/mono/m/n/10.95 HANGED Action \EU1/NanumMyeongjo(0)/m/n/10.95 이 있 다. 그 리 고 
많 은 앱 에 서 처 리 하 는 이 벤 트 로 는 \EU1/mono/m/n/10.95 ACTION_BOOT_COMPLETED
 []


Underfull \hbox (badness 10000) in paragraph at lines 108--113

 []

[148]
Underfull \hbox (badness 10000) in paragraph at lines 153--157

 []


Overfull \hbox (49.59935pt too wide) in paragraph at lines 158--159
[] \EU1/NanumMyeongjo(0)/m/n/10.95 바 탕 화 면 에 \EU1/mono/m/n/10.95 Shortcut \EU1/
NanumMyeongjo(0)/m/n/10.95 을 설 치 하 는 것 도 \EU1/mono/m/n/10.95 Broadcast \EU1/Nan
umMyeongjo(0)/m/n/10.95 를 통 해 서 한 다. \EU1/mono/m/n/10.95 com.android.launcher.a
ction.INSTALL_SH-
 []

[149]
Overfull \hbox (11.30116pt too wide) in paragraph at lines 180--182
[]$[][][][] [] [] [] [][][][][][][][][] [] [][][][][][][] [] [][][] [] [][][][]
[][][][][] [] [][][][][][][] [] [][][][][][][][] [] [][][][][][][][][][] [] [][
][][]$[] 
 []


Underfull \hbox (badness 10000) in paragraph at lines 186--188

 []


Underfull \hbox (badness 10000) in paragraph at lines 193--195

 []


Underfull \hbox (badness 10000) in paragraph at lines 196--197

 []


Underfull \hbox (badness 10000) in paragraph at lines 198--200

 []


Underfull \hbox (badness 10000) in paragraph at lines 201--203

 []

[150]
Underfull \hbox (badness 10000) in paragraph at lines 226--227

 []


Underfull \hbox (badness 10000) in paragraph at lines 229--231

 []


Overfull \hbox (42.76753pt too wide) in paragraph at lines 232--233
[] \EU1/NanumMyeongjo(0)/m/n/10.95 시 스 템 에 서 보 내 는 \EU1/mono/m/n/10.95 Sticky B
roadcast \EU1/NanumMyeongjo(0)/m/n/10.95 는 \EU1/mono/m/n/10.95 Intent API \EU1/
NanumMyeongjo(0)/m/n/10.95 문 서 에 서 확 인 할 수 있 다. \EU1/mono/m/n/10.95 ACTION_BATT
ERY_CHAN-
 []


Underfull \hbox (badness 10000) in paragraph at lines 232--233

 []

[151]
Underfull \hbox (badness 10000) in paragraph at lines 255--260

 []


Underfull \hbox (badness 10000) in paragraph at lines 278--279

 []


Underfull \hbox (badness 10000) in paragraph at lines 280--284

 []

[152]
Underfull \hbox (badness 10000) in paragraph at lines 296--297

 []


Underfull \hbox (badness 10000) in paragraph at lines 320--322

 []

[153] [154]
Overfull \hbox (47.31046pt too wide) in paragraph at lines 400--403
[]\EU1/mono/m/n/10.95 ACTION_APPWIDGET_DELETED, ACTION_OPTIONS_CHANGED, ACTION_
ENABLED, 
 []


Underfull \hbox (badness 10000) in paragraph at lines 405--406

 []


Underfull \hbox (badness 10000) in paragraph at lines 408--410

 []

[155]
Underfull \hbox (badness 10000) in paragraph at lines 413--414

 []


Underfull \hbox (badness 10000) in paragraph at lines 413--414

 []


Underfull \hbox (badness 10000) in paragraph at lines 415--417

 []


Overfull \hbox (7.99995pt too wide) in paragraph at lines 418--421
\EU1/mono/m/n/10.95 AnalogClock, Button, Chronometer, ImageButton, ImageView, P
rogressBar, TextView, ViewFlip-
 []


Underfull \hbox (badness 10000) in paragraph at lines 418--421

 []


Underfull \hbox (badness 10000) in paragraph at lines 429--431

 []


Underfull \hbox (badness 10000) in paragraph at lines 432--435

 []

[156]
Underfull \hbox (badness 10000) in paragraph at lines 451--453

 []


Underfull \hbox (badness 10000) in paragraph at lines 467--470

 []

[157]
Underfull \hbox (badness 10000) in paragraph at lines 471--475

 []


Underfull \hbox (badness 10000) in paragraph at lines 479--482

 []


Underfull \hbox (badness 10000) in paragraph at lines 483--485

 []


Underfull \hbox (badness 10000) in paragraph at lines 486--488

 []


Underfull \hbox (badness 10000) in paragraph at lines 493--494

 []

[158]
Underfull \hbox (badness 10000) in paragraph at lines 499--500

 []


Underfull \hbox (badness 10000) in paragraph at lines 501--504

 []


Underfull \hbox (badness 10000) in paragraph at lines 519--522

 []


Overfull \hbox (13.77936pt too wide) in paragraph at lines 523--527
[] \EU1/NanumMyeongjo(0)/m/n/10.95 기 존 에 는 문 제 가 없 었 는 데 특 히 최 신 단 말 에 서 \EU1/m
ono/m/n/10.95 App Widget \EU1/NanumMyeongjo(0)/m/n/10.95 을 생 성 하 면 서 \EU1/mono/
m/n/10.95 Bitmap.createBitmap()
 []

[159]) (./application.tex [160]
Chapter 9.

Underfull \hbox (badness 10000) in paragraph at lines 2--5

 []


Underfull \hbox (badness 10000) in paragraph at lines 10--13

 []


Underfull \hbox (badness 10000) in paragraph at lines 15--17

 []

[161

] [162]
Underfull \hbox (badness 10000) in paragraph at lines 87--92

 []

[163]
Underfull \hbox (badness 10000) in paragraph at lines 103--104

 []


Underfull \hbox (badness 10000) in paragraph at lines 105--108

 []


Underfull \hbox (badness 10000) in paragraph at lines 109--110

 []


Underfull \hbox (badness 10000) in paragraph at lines 111--112

 []


Underfull \hbox (badness 10000) in paragraph at lines 113--118

 []

[164]
Underfull \vbox (badness 10000) has occurred while \output is active []

 [165]
Underfull \hbox (badness 10000) in paragraph at lines 201--203

 []


Underfull \hbox (badness 10000) in paragraph at lines 204--206

 []


Underfull \hbox (badness 10000) in paragraph at lines 216--217

 []


Underfull \hbox (badness 10000) in paragraph at lines 218--219

 []

[166]
Overfull \hbox (105.70256pt too wide) in paragraph at lines 220--223
\EU1/mono/m/n/10.95 ryUpdaterService(\EU1/NanumMyeongjo(0)/m/n/10.95 디 폴 트 프 로 
세 스\EU1/mono/m/n/10.95 ) \EU1/NanumMyeongjo(0)/m/n/10.95 가 있 고, \EU1/mono/m/n/1
0.95 ActivityA(\EU1/NanumMyeongjo(0)/m/n/10.95 메 인 \EU1/mono/m/n/10.95 Activity
, \EU1/NanumMyeongjo(0)/m/n/10.95 디 폴 트 프 로 세 스\EU1/mono/m/n/10.95 ), ActivityB
(android:process=“:ca-
 []


Underfull \hbox (badness 10000) in paragraph at lines 233--235

 []

[167]
Underfull \hbox (badness 10000) in paragraph at lines 264--269

 []


Underfull \hbox (badness 10000) in paragraph at lines 270--276

 []


Overfull \hbox (46.61594pt too wide) in paragraph at lines 297--303
\EU1/NanumMyeongjo(0)/m/n/10.95 꾸 기 만 하 면, 매 번 \EU1/mono/m/n/10.95 reload \EU1/
NanumMyeongjo(0)/m/n/10.95 해 서 값 을 읽 어 오 게 된 다. 프 레 임 워 크 소 스 에 서 \EU1/mono/m/n
/10.95 Context.MODE_MULTI_PROCESS
 []


Underfull \hbox (badness 10000) in paragraph at lines 297--303

 []

) (./binder.tex [168] [169] [170

]
Chapter 10.

Underfull \hbox (badness 10000) in paragraph at lines 40--43

 []

[171]
Underfull \hbox (badness 10000) in paragraph at lines 111--115

 []


Overfull \hbox (2.33472pt too wide) in paragraph at lines 117--179
[] 
 []


Underfull \vbox (badness 10000) has occurred while \output is active []

 [172]
Underfull \vbox (badness 10000) has occurred while \output is active []

 [173]
Overfull \vbox (10.4408pt too high) has occurred while \output is active []


[174]
Overfull \hbox (5.45819pt too wide) in paragraph at lines 183--184
[]\EU1/mono/m/n/10.95 getSystemService() \EU1/NanumMyeongjo(0)/m/n/10.95 의 결 과 
로 서 \EU1/mono/m/n/10.95 -Manager \EU1/NanumMyeongjo(0)/m/n/10.95 네 이 밍 을 따 르 지 
않 는 것 은 \EU1/mono/m/n/10.95 JobScheduler, Launcher-
 []


Overfull \hbox (18.40907pt too wide) in paragraph at lines 189--190
[]\EU1/mono/m/n/10.95 (LayoutInflator) Context.getSystemService(Context.LAYOUT_
INFLATER_SERVICE) 
 []


Overfull \hbox (19.15796pt too wide) in paragraph at lines 199--203
\EU1/mono/m/n/10.95 tent.ACTION_MEDIA_MOUNTED, ConnectivityManager.CONNECTIVITY
_ACTION(\EU1/NanumMyeongjo(0)/m/n/10.95 연
 []

[175]
Underfull \hbox (badness 10000) in paragraph at lines 222--224

 []


Underfull \hbox (badness 10000) in paragraph at lines 225--227

 []

[176]
Underfull \hbox (badness 10000) in paragraph at lines 265--269

 []

[177] [178] [179]
Underfull \vbox (badness 10000) has occurred while \output is active []

 [180]
Underfull \hbox (badness 10000) in paragraph at lines 460--464

 []

[181] [182]
Underfull \vbox (badness 10000) has occurred while \output is active []

 [183]
Underfull \hbox (badness 10000) in paragraph at lines 625--632

 []


Overfull \hbox (24.84026pt too wide) in paragraph at lines 649--651
\EU1/NanumMyeongjo(0)/m/n/10.95 가 부 족 하 다 면 가 능 한 얘 기 이 다. 이 때 스 택 트 레 이 스 에 는 
\EU1/mono/m/n/10.95 “Caused by: java.lang.RuntimeException:
 []


Underfull \hbox (badness 10000) in paragraph at lines 653--654

 []

[184]
Underfull \hbox (badness 10000) in paragraph at lines 659--660

 []


Underfull \hbox (badness 10000) in paragraph at lines 661--663

 []


Underfull \hbox (badness 10000) in paragraph at lines 664--665

 []


Underfull \hbox (badness 10000) in paragraph at lines 683--685

 []


Underfull \hbox (badness 10000) in paragraph at lines 686--692

 []


Underfull \hbox (badness 10000) in paragraph at lines 693--695

 []

[185]
Underfull \hbox (badness 10000) in paragraph at lines 710--712

 []


Underfull \hbox (badness 10000) in paragraph at lines 732--739

 []

[186]
Underfull \hbox (badness 10000) in paragraph at lines 752--755

 []


Underfull \hbox (badness 10000) in paragraph at lines 767--770

 []

[187]
Underfull \hbox (badness 10000) in paragraph at lines 771--774

 []

[188] [189]) (./pattern.tex [190]
Chapter 11.

Underfull \hbox (badness 10000) in paragraph at lines 10--13

 []

[191

]
Underfull \hbox (badness 10000) in paragraph at lines 38--41

 []


Underfull \hbox (badness 10000) in paragraph at lines 52--53

 []


Underfull \hbox (badness 10000) in paragraph at lines 83--84

 []


Overfull \hbox (38.20042pt too wide) in paragraph at lines 85--86
[] \EU1/NanumMyeongjo(0)/m/n/10.95 두 번 째 는 싱 글 톤 을 사 용 하 는 \EU1/mono/m/n/10.95 
Activity \EU1/NanumMyeongjo(0)/m/n/10.95 이 다. \EU1/mono/m/n/10.95 AndroidManife
st.xml \EU1/NanumMyeongjo(0)/m/n/10.95 의 \EU1/mono/m/n/10.95 Activity \EU1/Nanu
mMyeongjo(0)/m/n/10.95 선 언 에 \EU1/mono/m/n/10.95 android:configChanges
 []

[192] [193] [194]
Underfull \hbox (badness 10000) in paragraph at lines 184--187

 []

[195]
Underfull \hbox (badness 10000) in paragraph at lines 204--207

 []

[196]
Underfull \hbox (badness 10000) in paragraph at lines 257--259

 []


Underfull \hbox (badness 10000) in paragraph at lines 260--263

 []

[197]
Underfull \hbox (badness 10000) in paragraph at lines 309--312

 []


Underfull \hbox (badness 10000) in paragraph at lines 322--328

 []


Underfull \hbox (badness 10000) in paragraph at lines 329--334

 []

[198]
Underfull \hbox (badness 10000) in paragraph at lines 353--354

 []

[199] [200]
Underfull \hbox (badness 10000) in paragraph at lines 461--463

 []

[201]
Underfull \hbox (badness 10000) in paragraph at lines 494--495

 []

)
No file android_note.bbl.
Package atveryend Info: Empty hook `BeforeClearDocument' on input line 158.
[202]
Package atveryend Info: Empty hook `AfterLastShipout' on input line 158.
 (./android_note.aux)
Package atveryend Info: Empty hook `AtVeryEndDocument' on input line 158.
Package atveryend Info: Empty hook `AtEndAfterFileList' on input line 158.


LaTeX Font Warning: Some font shapes were not available, defaults substituted.

Package atveryend Info: Empty hook `AtVeryVeryEnd' on input line 158.
 ) 
Here is how much of TeX's memory you used:
 27894 strings out of 493638
 467711 string characters out of 6147976
 757570 words of memory out of 5000000
 30956 multiletter control sequences out of 15000+600000
 62666 words of font info for 112 fonts, out of 8000000 for 9000
 1328 hyphenation exceptions out of 8191
 68i,15n,71p,10453b,2248s stack positions out of 5000i,500n,10000p,200000b,80000s

Output written on android_note.pdf (202 pages).
