This is pdfTeX, Version 3.14159265-2.6-1.40.16 (TeX Live 2015/W32TeX) (preloaded format=pdflatex 2015.11.18)  3 DEC 2015 01:46
entering extended mode
 restricted \write18 enabled.
 %&-line parsing enabled.
**./android_advanced.tex
(./android_advanced.tex
LaTeX2e <2015/10/01> patch level 2
Babel <3.9m> and hyphenation patterns for 79 languages loaded.
(c:/texlive/2015/texmf-dist/tex/latex/base/article.cls
Document Class: article 2014/09/29 v1.4h Standard LaTeX document class
(c:/texlive/2015/texmf-dist/tex/latex/base/size10.clo
File: size10.clo 2014/09/29 v1.4h Standard LaTeX file (size option)
)
\c@part=\count79
\c@section=\count80
\c@subsection=\count81
\c@subsubsection=\count82
\c@paragraph=\count83
\c@subparagraph=\count84
\c@figure=\count85
\c@table=\count86
\abovecaptionskip=\skip41
\belowcaptionskip=\skip42
\bibindent=\dimen102
)
(c:/texlive/2015/texmf-dist/tex/latex/cjk-ko/kotex.sty
Package: kotex 2015/04/19 v1.6 Korean TeX (ko.TeX)

(c:/texlive/2015/texmf-dist/tex/latex/kotex-utf/kotex.cfg)
(c:/texlive/2015/texmf-dist/tex/latex/kotex-utf/kotexutf.sty
Package: kotexutf 2015/07/18 v2.1.1 typesetting UTF-8 Korean documents

(c:/texlive/2015/texmf-dist/tex/latex/base/inputenc.sty
Package: inputenc 2015/03/17 v1.2c Input encoding file
\inpenc@prehook=\toks14
\inpenc@posthook=\toks15

(c:/texlive/2015/texmf-dist/tex/latex/base/utf8.def
File: utf8.def 2015/09/07 v1.1p UTF-8 support for inputenc
Now handling font encoding OML ...
... no UTF-8 mapping file for font encoding OML
Now handling font encoding T1 ...
... processing UTF-8 mapping file for font encoding T1

(c:/texlive/2015/texmf-dist/tex/latex/base/t1enc.dfu
File: t1enc.dfu 2015/09/07 v1.1p UTF-8 support for inputenc
   defining Unicode char U+00A0 (decimal 160)
   defining Unicode char U+00A1 (decimal 161)
   defining Unicode char U+00A3 (decimal 163)
   defining Unicode char U+00AB (decimal 171)
   defining Unicode char U+00AD (decimal 173)
   defining Unicode char U+00BB (decimal 187)
   defining Unicode char U+00BF (decimal 191)
   defining Unicode char U+00C0 (decimal 192)
   defining Unicode char U+00C1 (decimal 193)
   defining Unicode char U+00C2 (decimal 194)
   defining Unicode char U+00C3 (decimal 195)
   defining Unicode char U+00C4 (decimal 196)
   defining Unicode char U+00C5 (decimal 197)
   defining Unicode char U+00C6 (decimal 198)
   defining Unicode char U+00C7 (decimal 199)
   defining Unicode char U+00C8 (decimal 200)
   defining Unicode char U+00C9 (decimal 201)
   defining Unicode char U+00CA (decimal 202)
   defining Unicode char U+00CB (decimal 203)
   defining Unicode char U+00CC (decimal 204)
   defining Unicode char U+00CD (decimal 205)
   defining Unicode char U+00CE (decimal 206)
   defining Unicode char U+00CF (decimal 207)
   defining Unicode char U+00D0 (decimal 208)
   defining Unicode char U+00D1 (decimal 209)
   defining Unicode char U+00D2 (decimal 210)
   defining Unicode char U+00D3 (decimal 211)
   defining Unicode char U+00D4 (decimal 212)
   defining Unicode char U+00D5 (decimal 213)
   defining Unicode char U+00D6 (decimal 214)
   defining Unicode char U+00D8 (decimal 216)
   defining Unicode char U+00D9 (decimal 217)
   defining Unicode char U+00DA (decimal 218)
   defining Unicode char U+00DB (decimal 219)
   defining Unicode char U+00DC (decimal 220)
   defining Unicode char U+00DD (decimal 221)
   defining Unicode char U+00DE (decimal 222)
   defining Unicode char U+00DF (decimal 223)
   defining Unicode char U+00E0 (decimal 224)
   defining Unicode char U+00E1 (decimal 225)
   defining Unicode char U+00E2 (decimal 226)
   defining Unicode char U+00E3 (decimal 227)
   defining Unicode char U+00E4 (decimal 228)
   defining Unicode char U+00E5 (decimal 229)
   defining Unicode char U+00E6 (decimal 230)
   defining Unicode char U+00E7 (decimal 231)
   defining Unicode char U+00E8 (decimal 232)
   defining Unicode char U+00E9 (decimal 233)
   defining Unicode char U+00EA (decimal 234)
   defining Unicode char U+00EB (decimal 235)
   defining Unicode char U+00EC (decimal 236)
   defining Unicode char U+00ED (decimal 237)
   defining Unicode char U+00EE (decimal 238)
   defining Unicode char U+00EF (decimal 239)
   defining Unicode char U+00F0 (decimal 240)
   defining Unicode char U+00F1 (decimal 241)
   defining Unicode char U+00F2 (decimal 242)
   defining Unicode char U+00F3 (decimal 243)
   defining Unicode char U+00F4 (decimal 244)
   defining Unicode char U+00F5 (decimal 245)
   defining Unicode char U+00F6 (decimal 246)
   defining Unicode char U+00F8 (decimal 248)
   defining Unicode char U+00F9 (decimal 249)
   defining Unicode char U+00FA (decimal 250)
   defining Unicode char U+00FB (decimal 251)
   defining Unicode char U+00FC (decimal 252)
   defining Unicode char U+00FD (decimal 253)
   defining Unicode char U+00FE (decimal 254)
   defining Unicode char U+00FF (decimal 255)
   defining Unicode char U+0102 (decimal 258)
   defining Unicode char U+0103 (decimal 259)
   defining Unicode char U+0104 (decimal 260)
   defining Unicode char U+0105 (decimal 261)
   defining Unicode char U+0106 (decimal 262)
   defining Unicode char U+0107 (decimal 263)
   defining Unicode char U+010C (decimal 268)
   defining Unicode char U+010D (decimal 269)
   defining Unicode char U+010E (decimal 270)
   defining Unicode char U+010F (decimal 271)
   defining Unicode char U+0110 (decimal 272)
   defining Unicode char U+0111 (decimal 273)
   defining Unicode char U+0118 (decimal 280)
   defining Unicode char U+0119 (decimal 281)
   defining Unicode char U+011A (decimal 282)
   defining Unicode char U+011B (decimal 283)
   defining Unicode char U+011E (decimal 286)
   defining Unicode char U+011F (decimal 287)
   defining Unicode char U+0130 (decimal 304)
   defining Unicode char U+0131 (decimal 305)
   defining Unicode char U+0132 (decimal 306)
   defining Unicode char U+0133 (decimal 307)
   defining Unicode char U+0139 (decimal 313)
   defining Unicode char U+013A (decimal 314)
   defining Unicode char U+013D (decimal 317)
   defining Unicode char U+013E (decimal 318)
   defining Unicode char U+0141 (decimal 321)
   defining Unicode char U+0142 (decimal 322)
   defining Unicode char U+0143 (decimal 323)
   defining Unicode char U+0144 (decimal 324)
   defining Unicode char U+0147 (decimal 327)
   defining Unicode char U+0148 (decimal 328)
   defining Unicode char U+014A (decimal 330)
   defining Unicode char U+014B (decimal 331)
   defining Unicode char U+0150 (decimal 336)
   defining Unicode char U+0151 (decimal 337)
   defining Unicode char U+0152 (decimal 338)
   defining Unicode char U+0153 (decimal 339)
   defining Unicode char U+0154 (decimal 340)
   defining Unicode char U+0155 (decimal 341)
   defining Unicode char U+0158 (decimal 344)
   defining Unicode char U+0159 (decimal 345)
   defining Unicode char U+015A (decimal 346)
   defining Unicode char U+015B (decimal 347)
   defining Unicode char U+015E (decimal 350)
   defining Unicode char U+015F (decimal 351)
   defining Unicode char U+0160 (decimal 352)
   defining Unicode char U+0161 (decimal 353)
   defining Unicode char U+0162 (decimal 354)
   defining Unicode char U+0163 (decimal 355)
   defining Unicode char U+0164 (decimal 356)
   defining Unicode char U+0165 (decimal 357)
   defining Unicode char U+016E (decimal 366)
   defining Unicode char U+016F (decimal 367)
   defining Unicode char U+0170 (decimal 368)
   defining Unicode char U+0171 (decimal 369)
   defining Unicode char U+0174 (decimal 372)
   defining Unicode char U+0175 (decimal 373)
   defining Unicode char U+0176 (decimal 374)
   defining Unicode char U+0177 (decimal 375)
   defining Unicode char U+0178 (decimal 376)
   defining Unicode char U+0179 (decimal 377)
   defining Unicode char U+017A (decimal 378)
   defining Unicode char U+017B (decimal 379)
   defining Unicode char U+017C (decimal 380)
   defining Unicode char U+017D (decimal 381)
   defining Unicode char U+017E (decimal 382)
   defining Unicode char U+0218 (decimal 536)
   defining Unicode char U+0219 (decimal 537)
   defining Unicode char U+021A (decimal 538)
   defining Unicode char U+021B (decimal 539)
   defining Unicode char U+200C (decimal 8204)
   defining Unicode char U+2013 (decimal 8211)
   defining Unicode char U+2014 (decimal 8212)
   defining Unicode char U+2018 (decimal 8216)
   defining Unicode char U+2019 (decimal 8217)
   defining Unicode char U+201A (decimal 8218)
   defining Unicode char U+201C (decimal 8220)
   defining Unicode char U+201D (decimal 8221)
   defining Unicode char U+201E (decimal 8222)
   defining Unicode char U+2030 (decimal 8240)
   defining Unicode char U+2031 (decimal 8241)
   defining Unicode char U+2039 (decimal 8249)
   defining Unicode char U+203A (decimal 8250)
   defining Unicode char U+2423 (decimal 9251)
)
Now handling font encoding OT1 ...
... processing UTF-8 mapping file for font encoding OT1

(c:/texlive/2015/texmf-dist/tex/latex/base/ot1enc.dfu
File: ot1enc.dfu 2015/09/07 v1.1p UTF-8 support for inputenc
   defining Unicode char U+00A0 (decimal 160)
   defining Unicode char U+00A1 (decimal 161)
   defining Unicode char U+00A3 (decimal 163)
   defining Unicode char U+00AD (decimal 173)
   defining Unicode char U+00B8 (decimal 184)
   defining Unicode char U+00BF (decimal 191)
   defining Unicode char U+00C5 (decimal 197)
   defining Unicode char U+00C6 (decimal 198)
   defining Unicode char U+00D8 (decimal 216)
   defining Unicode char U+00DF (decimal 223)
   defining Unicode char U+00E6 (decimal 230)
   defining Unicode char U+00EC (decimal 236)
   defining Unicode char U+00ED (decimal 237)
   defining Unicode char U+00EE (decimal 238)
   defining Unicode char U+00EF (decimal 239)
   defining Unicode char U+00F8 (decimal 248)
   defining Unicode char U+0131 (decimal 305)
   defining Unicode char U+0141 (decimal 321)
   defining Unicode char U+0142 (decimal 322)
   defining Unicode char U+0152 (decimal 338)
   defining Unicode char U+0153 (decimal 339)
   defining Unicode char U+0174 (decimal 372)
   defining Unicode char U+0175 (decimal 373)
   defining Unicode char U+0176 (decimal 374)
   defining Unicode char U+0177 (decimal 375)
   defining Unicode char U+0218 (decimal 536)
   defining Unicode char U+0219 (decimal 537)
   defining Unicode char U+021A (decimal 538)
   defining Unicode char U+021B (decimal 539)
   defining Unicode char U+2013 (decimal 8211)
   defining Unicode char U+2014 (decimal 8212)
   defining Unicode char U+2018 (decimal 8216)
   defining Unicode char U+2019 (decimal 8217)
   defining Unicode char U+201C (decimal 8220)
   defining Unicode char U+201D (decimal 8221)
)
Now handling font encoding OMS ...
... processing UTF-8 mapping file for font encoding OMS

(c:/texlive/2015/texmf-dist/tex/latex/base/omsenc.dfu
File: omsenc.dfu 2015/09/07 v1.1p UTF-8 support for inputenc
   defining Unicode char U+00A7 (decimal 167)
   defining Unicode char U+00B6 (decimal 182)
   defining Unicode char U+00B7 (decimal 183)
   defining Unicode char U+2020 (decimal 8224)
   defining Unicode char U+2021 (decimal 8225)
   defining Unicode char U+2022 (decimal 8226)
)
Now handling font encoding OMX ...
... no UTF-8 mapping file for font encoding OMX
Now handling font encoding U ...
... no UTF-8 mapping file for font encoding U
   defining Unicode char U+00A9 (decimal 169)
   defining Unicode char U+00AA (decimal 170)
   defining Unicode char U+00AE (decimal 174)
   defining Unicode char U+00BA (decimal 186)
   defining Unicode char U+02C6 (decimal 710)
   defining Unicode char U+02DC (decimal 732)
   defining Unicode char U+200C (decimal 8204)
   defining Unicode char U+2026 (decimal 8230)
   defining Unicode char U+2122 (decimal 8482)
   defining Unicode char U+2423 (decimal 9251)
))
(c:/texlive/2015/texmf-dist/tex/plain/kotex-plain/kotexutf-core.tex
\unih@ngulpoint=\count87
\dhucs@emph@raise=\dimen103
)
Now handling font encoding LUC ...
... processing UTF-8 mapping file for font encoding LUC

(c:/texlive/2015/texmf-dist/tex/latex/kotex-utf/lucenc.dfu
File: lucenc.dfu 2007/09/05 UTF-8 support for dhucs
   defining Unicode char U+00B7 (decimal 183)
   defining Unicode char U+2018 (decimal 8216)
   defining Unicode char U+2019 (decimal 8217)
   defining Unicode char U+201C (decimal 8220)
   defining Unicode char U+201D (decimal 8221)
   defining Unicode char U+3001 (decimal 12289)
   defining Unicode char U+3002 (decimal 12290)
   defining Unicode char U+3008 (decimal 12296)
   defining Unicode char U+3009 (decimal 12297)
   defining Unicode char U+300A (decimal 12298)
   defining Unicode char U+300B (decimal 12299)
   defining Unicode char U+300C (decimal 12300)
   defining Unicode char U+300D (decimal 12301)
   defining Unicode char U+300E (decimal 12302)
   defining Unicode char U+300F (decimal 12303)
   defining Unicode char U+3010 (decimal 12304)
   defining Unicode char U+3011 (decimal 12305)
   defining Unicode char U+3014 (decimal 12308)
   defining Unicode char U+3015 (decimal 12309)
   defining Unicode char U+3016 (decimal 12310)
   defining Unicode char U+3017 (decimal 12311)
   defining Unicode char U+3018 (decimal 12312)
   defining Unicode char U+3019 (decimal 12313)
   defining Unicode char U+301A (decimal 12314)
   defining Unicode char U+301B (decimal 12315)
   defining Unicode char U+FF01 (decimal 65281)
   defining Unicode char U+FF08 (decimal 65288)
   defining Unicode char U+FF09 (decimal 65289)
   defining Unicode char U+FF0C (decimal 65292)
   defining Unicode char U+FF0E (decimal 65294)
   defining Unicode char U+FF1A (decimal 65306)
   defining Unicode char U+FF1B (decimal 65307)
   defining Unicode char U+FF1C (decimal 65308)
   defining Unicode char U+FF1D (decimal 65309)
   defining Unicode char U+FF1E (decimal 65310)
   defining Unicode char U+FF1F (decimal 65311)
   defining Unicode char U+FF3B (decimal 65339)
   defining Unicode char U+FF3D (decimal 65341)
   defining Unicode char U+FF5B (decimal 65371)
   defining Unicode char U+FF5D (decimal 65373)
   defining Unicode char U+FF61 (decimal 65377)
   defining Unicode char U+FF62 (decimal 65378)
   defining Unicode char U+FF63 (decimal 65379)
   defining Unicode char U+FF64 (decimal 65380)
   defining Unicode char U+FF65 (decimal 65381)
)
\@josa=\count88
\josatoks=\toks16

(c:/texlive/2015/texmf-dist/tex/latex/cjk-ko/kolabels-utf.sty
Package: kolabels-utf 2015/03/20 v1.5 UTF-8 Hangul item labels
)))
(c:/texlive/2015/texmf-dist/tex/latex/graphics/graphicx.sty
Package: graphicx 2014/10/28 v1.0g Enhanced LaTeX Graphics (DPC,SPQR)

(c:/texlive/2015/texmf-dist/tex/latex/graphics/keyval.sty
Package: keyval 2014/10/28 v1.15 key=value parser (DPC)
\KV@toks@=\toks17
)
(c:/texlive/2015/texmf-dist/tex/latex/graphics/graphics.sty
Package: graphics 2014/10/28 v1.0p Standard LaTeX Graphics (DPC,SPQR)

(c:/texlive/2015/texmf-dist/tex/latex/graphics/trig.sty
Package: trig 1999/03/16 v1.09 sin cos tan (DPC)
)
(c:/texlive/2015/texmf-dist/tex/latex/latexconfig/graphics.cfg
File: graphics.cfg 2010/04/23 v1.9 graphics configuration of TeX Live
)
Package graphics Info: Driver file: pdftex.def on input line 94.

(c:/texlive/2015/texmf-dist/tex/latex/pdftex-def/pdftex.def
File: pdftex.def 2011/05/27 v0.06d Graphics/color for pdfTeX

(c:/texlive/2015/texmf-dist/tex/generic/oberdiek/infwarerr.sty
Package: infwarerr 2010/04/08 v1.3 Providing info/warning/error messages (HO)
)
(c:/texlive/2015/texmf-dist/tex/generic/oberdiek/ltxcmds.sty
Package: ltxcmds 2011/11/09 v1.22 LaTeX kernel commands for general use (HO)
)
\Gread@gobject=\count89
))
\Gin@req@height=\dimen104
\Gin@req@width=\dimen105
)
(c:/texlive/2015/texmf-dist/tex/latex/upquote/upquote.sty
Package: upquote 2012/04/19 v1.3 upright-quote and grave-accent glyphs in verba
tim
)
(c:/texlive/2015/texmf-dist/tex/latex/listings/listings.sty
\lst@mode=\count90
\lst@gtempboxa=\box26
\lst@token=\toks18
\lst@length=\count91
\lst@currlwidth=\dimen106
\lst@column=\count92
\lst@pos=\count93
\lst@lostspace=\dimen107
\lst@width=\dimen108
\lst@newlines=\count94
\lst@lineno=\count95
\lst@maxwidth=\dimen109

(c:/texlive/2015/texmf-dist/tex/latex/listings/lstmisc.sty
File: lstmisc.sty 2015/06/04 1.6 (Carsten Heinz)
\c@lstnumber=\count96
\lst@skipnumbers=\count97
\lst@framebox=\box27
)
(c:/texlive/2015/texmf-dist/tex/latex/listings/listings.cfg
File: listings.cfg 2015/06/04 1.6 listings configuration
))
Package: listings 2015/06/04 1.6 (Carsten Heinz)

(c:/texlive/2015/texmf-dist/tex/latex/graphics/color.sty
Package: color 2014/10/28 v1.1a Standard LaTeX Color (DPC)

(c:/texlive/2015/texmf-dist/tex/latex/latexconfig/color.cfg
File: color.cfg 2007/01/18 v1.5 color configuration of teTeX/TeXLive
)
Package color Info: Driver file: pdftex.def on input line 142.
)
(c:/texlive/2015/texmf-dist/tex/latex/tools/verbatim.sty
Package: verbatim 2014/10/28 v1.5q LaTeX2e package for verbatim enhancements
\every@verbatim=\toks19
\verbatim@line=\toks20
\verbatim@in@stream=\read1
)
(c:/texlive/2015/texmf-dist/tex/latex/hyperref/hyperref.sty
Package: hyperref 2012/11/06 v6.83m Hypertext links for LaTeX

(c:/texlive/2015/texmf-dist/tex/generic/oberdiek/hobsub-hyperref.sty
Package: hobsub-hyperref 2012/05/28 v1.13 Bundle oberdiek, subset hyperref (HO)


(c:/texlive/2015/texmf-dist/tex/generic/oberdiek/hobsub-generic.sty
Package: hobsub-generic 2012/05/28 v1.13 Bundle oberdiek, subset generic (HO)
Package: hobsub 2012/05/28 v1.13 Construct package bundles (HO)
Package hobsub Info: Skipping package `infwarerr' (already loaded).
Package hobsub Info: Skipping package `ltxcmds' (already loaded).
Package: ifluatex 2010/03/01 v1.3 Provides the ifluatex switch (HO)
Package ifluatex Info: LuaTeX not detected.
Package: ifvtex 2010/03/01 v1.5 Detect VTeX and its facilities (HO)
Package ifvtex Info: VTeX not detected.
Package: intcalc 2007/09/27 v1.1 Expandable calculations with integers (HO)
Package: ifpdf 2011/01/30 v2.3 Provides the ifpdf switch (HO)
Package ifpdf Info: pdfTeX in PDF mode is detected.
Package: etexcmds 2011/02/16 v1.5 Avoid name clashes with e-TeX commands (HO)
Package etexcmds Info: Could not find \expanded.
(etexcmds)             That can mean that you are not using pdfTeX 1.50 or
(etexcmds)             that some package has redefined \expanded.
(etexcmds)             In the latter case, load this package earlier.
Package: kvsetkeys 2012/04/25 v1.16 Key value parser (HO)
Package: kvdefinekeys 2011/04/07 v1.3 Define keys (HO)
Package: pdftexcmds 2011/11/29 v0.20 Utility functions of pdfTeX for LuaTeX (HO
)
Package pdftexcmds Info: LuaTeX not detected.
Package pdftexcmds Info: \pdf@primitive is available.
Package pdftexcmds Info: \pdf@ifprimitive is available.
Package pdftexcmds Info: \pdfdraftmode found.
Package: pdfescape 2011/11/25 v1.13 Implements pdfTeX's escape features (HO)
Package: bigintcalc 2012/04/08 v1.3 Expandable calculations on big integers (HO
)
Package: bitset 2011/01/30 v1.1 Handle bit-vector datatype (HO)
Package: uniquecounter 2011/01/30 v1.2 Provide unlimited unique counter (HO)
)
Package hobsub Info: Skipping package `hobsub' (already loaded).
Package: letltxmacro 2010/09/02 v1.4 Let assignment for LaTeX macros (HO)
Package: hopatch 2012/05/28 v1.2 Wrapper for package hooks (HO)
Package: xcolor-patch 2011/01/30 xcolor patch
Package: atveryend 2011/06/30 v1.8 Hooks at the very end of document (HO)
Package atveryend Info: \enddocument detected (standard20110627).
Package: atbegshi 2011/10/05 v1.16 At begin shipout hook (HO)
Package: refcount 2011/10/16 v3.4 Data extraction from label references (HO)
Package: hycolor 2011/01/30 v1.7 Color options for hyperref/bookmark (HO)
)
(c:/texlive/2015/texmf-dist/tex/generic/ifxetex/ifxetex.sty
Package: ifxetex 2010/09/12 v0.6 Provides ifxetex conditional
)
(c:/texlive/2015/texmf-dist/tex/latex/oberdiek/auxhook.sty
Package: auxhook 2011/03/04 v1.3 Hooks for auxiliary files (HO)
)
(c:/texlive/2015/texmf-dist/tex/latex/oberdiek/kvoptions.sty
Package: kvoptions 2011/06/30 v3.11 Key value format for package options (HO)
)
\@linkdim=\dimen110
\Hy@linkcounter=\count98
\Hy@pagecounter=\count99

(c:/texlive/2015/texmf-dist/tex/latex/hyperref/pd1enc.def
File: pd1enc.def 2012/11/06 v6.83m Hyperref: PDFDocEncoding definition (HO)
Now handling font encoding PD1 ...
... no UTF-8 mapping file for font encoding PD1
)
\Hy@SavedSpaceFactor=\count100

(c:/texlive/2015/texmf-dist/tex/latex/latexconfig/hyperref.cfg
File: hyperref.cfg 2002/06/06 v1.2 hyperref configuration of TeXLive
)
Package hyperref Info: Hyper figures OFF on input line 4443.
Package hyperref Info: Link nesting OFF on input line 4448.
Package hyperref Info: Hyper index ON on input line 4451.
Package hyperref Info: Plain pages OFF on input line 4458.
Package hyperref Info: Backreferencing OFF on input line 4463.
Package hyperref Info: Implicit mode ON; LaTeX internals redefined.
Package hyperref Info: Bookmarks ON on input line 4688.
\c@Hy@tempcnt=\count101

(c:/texlive/2015/texmf-dist/tex/latex/url/url.sty
\Urlmuskip=\muskip10
Package: url 2013/09/16  ver 3.4  Verb mode for urls, etc.
)
LaTeX Info: Redefining \url on input line 5041.
\XeTeXLinkMargin=\dimen111
\Fld@menulength=\count102
\Field@Width=\dimen112
\Fld@charsize=\dimen113
Package hyperref Info: Hyper figures OFF on input line 6295.
Package hyperref Info: Link nesting OFF on input line 6300.
Package hyperref Info: Hyper index ON on input line 6303.
Package hyperref Info: backreferencing OFF on input line 6310.
Package hyperref Info: Link coloring OFF on input line 6315.
Package hyperref Info: Link coloring with OCG OFF on input line 6320.
Package hyperref Info: PDF/A mode OFF on input line 6325.
LaTeX Info: Redefining \ref on input line 6365.
LaTeX Info: Redefining \pageref on input line 6369.
\Hy@abspage=\count103
\c@Item=\count104
\c@Hfootnote=\count105
)

Package hyperref Message: Driver (autodetected): hpdftex.

(c:/texlive/2015/texmf-dist/tex/latex/hyperref/hpdftex.def
File: hpdftex.def 2012/11/06 v6.83m Hyperref driver for pdfTeX
\Fld@listcount=\count106
\c@bookmark@seq@number=\count107

(c:/texlive/2015/texmf-dist/tex/latex/oberdiek/rerunfilecheck.sty
Package: rerunfilecheck 2011/04/15 v1.7 Rerun checks for auxiliary files (HO)
Package uniquecounter Info: New unique counter `rerunfilecheck' on input line 2
82.
)
\Hy@SectionHShift=\skip43
)
(c:/texlive/2015/texmf-dist/tex/latex/geometry/geometry.sty
Package: geometry 2010/09/12 v5.6 Page Geometry
\Gm@cnth=\count108
\Gm@cntv=\count109
\c@Gm@tempcnt=\count110
\Gm@bindingoffset=\dimen114
\Gm@wd@mp=\dimen115
\Gm@odd@mp=\dimen116
\Gm@even@mp=\dimen117
\Gm@layoutwidth=\dimen118
\Gm@layoutheight=\dimen119
\Gm@layouthoffset=\dimen120
\Gm@layoutvoffset=\dimen121
\Gm@dimlist=\toks21
)
(c:/texlive/2015/texmf-dist/tex/latex/base/fontenc.sty
Package: fontenc 2005/09/27 v1.99g Standard LaTeX package

(c:/texlive/2015/texmf-dist/tex/latex/base/t1enc.def
File: t1enc.def 2005/09/27 v1.99g Standard LaTeX file
LaTeX Font Info:    Redeclaring font encoding T1 on input line 48.
))
(c:/texlive/2015/texmf-dist/tex/latex/base/textcomp.sty
Package: textcomp 2005/09/27 v1.99g Standard LaTeX package
Package textcomp Info: Sub-encoding information:
(textcomp)               5 = only ISO-Adobe without \textcurrency
(textcomp)               4 = 5 + \texteuro
(textcomp)               3 = 4 + \textohm
(textcomp)               2 = 3 + \textestimated + \textcurrency
(textcomp)               1 = TS1 - \textcircled - \t
(textcomp)               0 = TS1 (full)
(textcomp)             Font families with sub-encoding setting implement
(textcomp)             only a restricted character set as indicated.
(textcomp)             Family '?' is the default used for unknown fonts.
(textcomp)             See the documentation for details.
Package textcomp Info: Setting ? sub-encoding to TS1/1 on input line 79.

(c:/texlive/2015/texmf-dist/tex/latex/base/ts1enc.def
File: ts1enc.def 2001/06/05 v3.0e (jk/car/fm) Standard LaTeX file
Now handling font encoding TS1 ...
... processing UTF-8 mapping file for font encoding TS1

(c:/texlive/2015/texmf-dist/tex/latex/base/ts1enc.dfu
File: ts1enc.dfu 2015/09/07 v1.1p UTF-8 support for inputenc
   defining Unicode char U+00A2 (decimal 162)
   defining Unicode char U+00A3 (decimal 163)
   defining Unicode char U+00A4 (decimal 164)
   defining Unicode char U+00A5 (decimal 165)
   defining Unicode char U+00A6 (decimal 166)
   defining Unicode char U+00A7 (decimal 167)
   defining Unicode char U+00A8 (decimal 168)
   defining Unicode char U+00A9 (decimal 169)
   defining Unicode char U+00AA (decimal 170)
   defining Unicode char U+00AC (decimal 172)
   defining Unicode char U+00AE (decimal 174)
   defining Unicode char U+00AF (decimal 175)
   defining Unicode char U+00B0 (decimal 176)
   defining Unicode char U+00B1 (decimal 177)
   defining Unicode char U+00B2 (decimal 178)
   defining Unicode char U+00B3 (decimal 179)
   defining Unicode char U+00B4 (decimal 180)
   defining Unicode char U+00B5 (decimal 181)
   defining Unicode char U+00B6 (decimal 182)
   defining Unicode char U+00B7 (decimal 183)
   defining Unicode char U+00B9 (decimal 185)
   defining Unicode char U+00BA (decimal 186)
   defining Unicode char U+00BC (decimal 188)
   defining Unicode char U+00BD (decimal 189)
   defining Unicode char U+00BE (decimal 190)
   defining Unicode char U+00D7 (decimal 215)
   defining Unicode char U+00F7 (decimal 247)
   defining Unicode char U+0192 (decimal 402)
   defining Unicode char U+02C7 (decimal 711)
   defining Unicode char U+02D8 (decimal 728)
   defining Unicode char U+02DD (decimal 733)
   defining Unicode char U+0E3F (decimal 3647)
   defining Unicode char U+2016 (decimal 8214)
   defining Unicode char U+2020 (decimal 8224)
   defining Unicode char U+2021 (decimal 8225)
   defining Unicode char U+2022 (decimal 8226)
   defining Unicode char U+2030 (decimal 8240)
   defining Unicode char U+2031 (decimal 8241)
   defining Unicode char U+203B (decimal 8251)
   defining Unicode char U+203D (decimal 8253)
   defining Unicode char U+2044 (decimal 8260)
   defining Unicode char U+204E (decimal 8270)
   defining Unicode char U+2052 (decimal 8274)
   defining Unicode char U+20A1 (decimal 8353)
   defining Unicode char U+20A4 (decimal 8356)
   defining Unicode char U+20A6 (decimal 8358)
   defining Unicode char U+20A9 (decimal 8361)
   defining Unicode char U+20AB (decimal 8363)
   defining Unicode char U+20AC (decimal 8364)
   defining Unicode char U+20B1 (decimal 8369)
   defining Unicode char U+2103 (decimal 8451)
   defining Unicode char U+2116 (decimal 8470)
   defining Unicode char U+2117 (decimal 8471)
   defining Unicode char U+211E (decimal 8478)
   defining Unicode char U+2120 (decimal 8480)
   defining Unicode char U+2122 (decimal 8482)
   defining Unicode char U+2126 (decimal 8486)
   defining Unicode char U+2127 (decimal 8487)
   defining Unicode char U+212E (decimal 8494)
   defining Unicode char U+2190 (decimal 8592)
   defining Unicode char U+2191 (decimal 8593)
   defining Unicode char U+2192 (decimal 8594)
   defining Unicode char U+2193 (decimal 8595)
   defining Unicode char U+2329 (decimal 9001)
   defining Unicode char U+232A (decimal 9002)
   defining Unicode char U+2422 (decimal 9250)
   defining Unicode char U+25E6 (decimal 9702)
   defining Unicode char U+25EF (decimal 9711)
   defining Unicode char U+266A (decimal 9834)
))
LaTeX Info: Redefining \oldstylenums on input line 334.
Package textcomp Info: Setting cmr sub-encoding to TS1/0 on input line 349.
Package textcomp Info: Setting cmss sub-encoding to TS1/0 on input line 350.
Package textcomp Info: Setting cmtt sub-encoding to TS1/0 on input line 351.
Package textcomp Info: Setting cmvtt sub-encoding to TS1/0 on input line 352.
Package textcomp Info: Setting cmbr sub-encoding to TS1/0 on input line 353.
Package textcomp Info: Setting cmtl sub-encoding to TS1/0 on input line 354.
Package textcomp Info: Setting ccr sub-encoding to TS1/0 on input line 355.
Package textcomp Info: Setting ptm sub-encoding to TS1/4 on input line 356.
Package textcomp Info: Setting pcr sub-encoding to TS1/4 on input line 357.
Package textcomp Info: Setting phv sub-encoding to TS1/4 on input line 358.
Package textcomp Info: Setting ppl sub-encoding to TS1/3 on input line 359.
Package textcomp Info: Setting pag sub-encoding to TS1/4 on input line 360.
Package textcomp Info: Setting pbk sub-encoding to TS1/4 on input line 361.
Package textcomp Info: Setting pnc sub-encoding to TS1/4 on input line 362.
Package textcomp Info: Setting pzc sub-encoding to TS1/4 on input line 363.
Package textcomp Info: Setting bch sub-encoding to TS1/4 on input line 364.
Package textcomp Info: Setting put sub-encoding to TS1/5 on input line 365.
Package textcomp Info: Setting uag sub-encoding to TS1/5 on input line 366.
Package textcomp Info: Setting ugq sub-encoding to TS1/5 on input line 367.
Package textcomp Info: Setting ul8 sub-encoding to TS1/4 on input line 368.
Package textcomp Info: Setting ul9 sub-encoding to TS1/4 on input line 369.
Package textcomp Info: Setting augie sub-encoding to TS1/5 on input line 370.
Package textcomp Info: Setting dayrom sub-encoding to TS1/3 on input line 371.
Package textcomp Info: Setting dayroms sub-encoding to TS1/3 on input line 372.

Package textcomp Info: Setting pxr sub-encoding to TS1/0 on input line 373.
Package textcomp Info: Setting pxss sub-encoding to TS1/0 on input line 374.
Package textcomp Info: Setting pxtt sub-encoding to TS1/0 on input line 375.
Package textcomp Info: Setting txr sub-encoding to TS1/0 on input line 376.
Package textcomp Info: Setting txss sub-encoding to TS1/0 on input line 377.
Package textcomp Info: Setting txtt sub-encoding to TS1/0 on input line 378.
Package textcomp Info: Setting lmr sub-encoding to TS1/0 on input line 379.
Package textcomp Info: Setting lmdh sub-encoding to TS1/0 on input line 380.
Package textcomp Info: Setting lmss sub-encoding to TS1/0 on input line 381.
Package textcomp Info: Setting lmssq sub-encoding to TS1/0 on input line 382.
Package textcomp Info: Setting lmvtt sub-encoding to TS1/0 on input line 383.
Package textcomp Info: Setting lmtt sub-encoding to TS1/0 on input line 384.
Package textcomp Info: Setting qhv sub-encoding to TS1/0 on input line 385.
Package textcomp Info: Setting qag sub-encoding to TS1/0 on input line 386.
Package textcomp Info: Setting qbk sub-encoding to TS1/0 on input line 387.
Package textcomp Info: Setting qcr sub-encoding to TS1/0 on input line 388.
Package textcomp Info: Setting qcs sub-encoding to TS1/0 on input line 389.
Package textcomp Info: Setting qpl sub-encoding to TS1/0 on input line 390.
Package textcomp Info: Setting qtm sub-encoding to TS1/0 on input line 391.
Package textcomp Info: Setting qzc sub-encoding to TS1/0 on input line 392.
Package textcomp Info: Setting qhvc sub-encoding to TS1/0 on input line 393.
Package textcomp Info: Setting futs sub-encoding to TS1/4 on input line 394.
Package textcomp Info: Setting futx sub-encoding to TS1/4 on input line 395.
Package textcomp Info: Setting futj sub-encoding to TS1/4 on input line 396.
Package textcomp Info: Setting hlh sub-encoding to TS1/3 on input line 397.
Package textcomp Info: Setting hls sub-encoding to TS1/3 on input line 398.
Package textcomp Info: Setting hlst sub-encoding to TS1/3 on input line 399.
Package textcomp Info: Setting hlct sub-encoding to TS1/5 on input line 400.
Package textcomp Info: Setting hlx sub-encoding to TS1/5 on input line 401.
Package textcomp Info: Setting hlce sub-encoding to TS1/5 on input line 402.
Package textcomp Info: Setting hlcn sub-encoding to TS1/5 on input line 403.
Package textcomp Info: Setting hlcw sub-encoding to TS1/5 on input line 404.
Package textcomp Info: Setting hlcf sub-encoding to TS1/5 on input line 405.
Package textcomp Info: Setting pplx sub-encoding to TS1/3 on input line 406.
Package textcomp Info: Setting pplj sub-encoding to TS1/3 on input line 407.
Package textcomp Info: Setting ptmx sub-encoding to TS1/4 on input line 408.
Package textcomp Info: Setting ptmj sub-encoding to TS1/4 on input line 409.
)
(c:/texlive/2015/texmf-dist/tex/latex/hvfloat/hvfloat.sty
Package: hvfloat 2012/03/04 rotating of floating objects

`hvfloat' v1.1, 2012/03/04 (Herbert Voss)
(c:/texlive/2015/texmf-dist/tex/latex/caption/caption.sty
Package: caption 2015/09/17 v3.3-111 Customizing captions (AR)

(c:/texlive/2015/texmf-dist/tex/latex/caption/caption3.sty
Package: caption3 2015/09/20 v1.7-115 caption3 kernel (AR)
Package caption3 Info: TeX engine: e-TeX on input line 57.
\captionmargin=\dimen122
\captionmargin@=\dimen123
\captionwidth=\dimen124
\caption@tempdima=\dimen125
\caption@indent=\dimen126
\caption@parindent=\dimen127
\caption@hangindent=\dimen128
)
\c@ContinuedFloat=\count111
Package caption Info: hyperref package is loaded.
Package caption Info: listings package is loaded.
)
\hvObjectWidth=\skip44
\hvCapWidth=\skip45
\hvMaxCapWidth=\skip46
\hvObjectBox=\box28
\hvCaptionBox=\box29
\hvOBox=\box30
\hvAboveCaptionSkip=\skip47
\hvBelowCaptionSkip=\skip48
)
(./android_advanced.aux)
\openout1 = `android_advanced.aux'.

LaTeX Font Info:    Checking defaults for OML/cmm/m/it on input line 29.
LaTeX Font Info:    ... okay on input line 29.
LaTeX Font Info:    Checking defaults for T1/cmr/m/n on input line 29.
LaTeX Font Info:    ... okay on input line 29.
LaTeX Font Info:    Checking defaults for OT1/cmr/m/n on input line 29.
LaTeX Font Info:    ... okay on input line 29.
LaTeX Font Info:    Checking defaults for OMS/cmsy/m/n on input line 29.
LaTeX Font Info:    ... okay on input line 29.
LaTeX Font Info:    Checking defaults for OMX/cmex/m/n on input line 29.
LaTeX Font Info:    ... okay on input line 29.
LaTeX Font Info:    Checking defaults for U/cmr/m/n on input line 29.
LaTeX Font Info:    ... okay on input line 29.
LaTeX Font Info:    Checking defaults for LUC/nanummj/m/n on input line 29.
LaTeX Font Info:    Try loading font information for LUC+nanummj on input line 
29.

(c:/texlive/2015/texmf-dist/tex/latex/nanumtype1/lucnanummj.fd
File: lucnanummj.fd 2013/02/12 v0.1 Nanum Myeongjo font definitions
)
LaTeX Font Info:    ... okay on input line 29.
LaTeX Font Info:    Checking defaults for PD1/pdf/m/n on input line 29.
LaTeX Font Info:    ... okay on input line 29.
LaTeX Font Info:    Checking defaults for TS1/cmr/m/n on input line 29.
LaTeX Font Info:    Try loading font information for TS1+cmr on input line 29.

(c:/texlive/2015/texmf-dist/tex/latex/base/ts1cmr.fd
File: ts1cmr.fd 2014/09/29 v2.5h Standard LaTeX font definitions
)
LaTeX Font Info:    ... okay on input line 29.

(c:/texlive/2015/texmf-dist/tex/context/base/supp-pdf.mkii
[Loading MPS to PDF converter (version 2006.09.02).]
\scratchcounter=\count112
\scratchdimen=\dimen129
\scratchbox=\box31
\nofMPsegments=\count113
\nofMParguments=\count114
\everyMPshowfont=\toks22
\MPscratchCnt=\count115
\MPscratchDim=\dimen130
\MPnumerator=\count116
\makeMPintoPDFobject=\count117
\everyMPtoPDFconversion=\toks23
) (c:/texlive/2015/texmf-dist/tex/latex/oberdiek/epstopdf-base.sty
Package: epstopdf-base 2010/02/09 v2.5 Base part for package epstopdf

(c:/texlive/2015/texmf-dist/tex/latex/oberdiek/grfext.sty
Package: grfext 2010/08/19 v1.1 Manage graphics extensions (HO)
)
Package grfext Info: Graphics extension search list:
(grfext)             [.png,.pdf,.jpg,.mps,.jpeg,.jbig2,.jb2,.PNG,.PDF,.JPG,.JPE
G,.JBIG2,.JB2,.eps]
(grfext)             \AppendGraphicsExtensions on input line 452.

(c:/texlive/2015/texmf-dist/tex/latex/latexconfig/epstopdf-sys.cfg
File: epstopdf-sys.cfg 2010/07/13 v1.3 Configuration of (r)epstopdf for TeX Liv
e
))
\c@lstlisting=\count118
\AtBeginShipoutBox=\box32
Package hyperref Info: Link coloring OFF on input line 29.

(c:/texlive/2015/texmf-dist/tex/latex/hyperref/nameref.sty
Package: nameref 2012/10/27 v2.43 Cross-referencing by name of section

(c:/texlive/2015/texmf-dist/tex/generic/oberdiek/gettitlestring.sty
Package: gettitlestring 2010/12/03 v1.4 Cleanup title references (HO)
)
\c@section@level=\count119
)
LaTeX Info: Redefining \ref on input line 29.
LaTeX Info: Redefining \pageref on input line 29.
LaTeX Info: Redefining \nameref on input line 29.

(./android_advanced.out) (./android_advanced.out)
\@outlinefile=\write3
\openout3 = `android_advanced.out'.


*geometry* driver: auto-detecting
*geometry* detected driver: pdftex
*geometry* verbose mode - [ preamble ] result:
* driver: pdftex
* paper: a4paper
* layout: <same size as paper>
* layoutoffset:(h,v)=(0.0pt,0.0pt)
* modes: 
* h-part:(L,W,R)=(72.26999pt, 452.9679pt, 72.26999pt)
* v-part:(T,H,B)=(72.26999pt, 700.50687pt, 72.26999pt)
* \paperwidth=597.50787pt
* \paperheight=845.04684pt
* \textwidth=452.9679pt
* \textheight=700.50687pt
* \oddsidemargin=0.0pt
* \evensidemargin=0.0pt
* \topmargin=-37.0pt
* \headheight=12.0pt
* \headsep=25.0pt
* \topskip=10.0pt
* \footskip=30.0pt
* \marginparwidth=57.0pt
* \marginparsep=11.0pt
* \columnsep=10.0pt
* \skip\footins=9.0pt plus 4.0pt minus 2.0pt
* \hoffset=0.0pt
* \voffset=0.0pt
* \mag=1000
* \@twocolumnfalse
* \@twosidefalse
* \@mparswitchfalse
* \@reversemarginfalse
* (1in=72.27pt=25.4mm, 1cm=28.453pt)

Package caption Info: Begin \AtBeginDocument code.
Package caption Info: End \AtBeginDocument code.
LaTeX Font Info:    External font `cmex10' loaded for size
(Font)              <12> on input line 33.
LaTeX Font Info:    External font `cmex10' loaded for size
(Font)              <8> on input line 33.
LaTeX Font Info:    External font `cmex10' loaded for size
(Font)              <6> on input line 33.
(c:/texlive/2015/texmf-dist/tex/latex/listings/lstlang1.sty
File: lstlang1.sty 2015/06/04 1.6 listings language file
) (./binder.tex
Underfull \hbox (badness 10000) in paragraph at lines 39--41

 []


Underfull \hbox (badness 10000) in paragraph at lines 42--43

 []

LaTeX Font Info:    External font `cmex10' loaded for size
(Font)              <7> on input line 57.
LaTeX Font Info:    External font `cmex10' loaded for size
(Font)              <5> on input line 57.
[1

{c:/texlive/2015/texmf-var/fonts/map/pdftex/updmap/pdftex.map}]
Overfull \hbox (3.03738pt too wide) in paragraph at lines 112--116
\T1/cmr/m/n/10 /system/bin/mediaserver\LUC/nanummj/m/n/10/b2 ” \T1/cmr/m/n/10 M
e-di-aPlayer, Me-di-aRecorder, Cam-era \LUC/nanummj/m/n/10/ac ^^Y\LUC/nanummj/m
/n/10/c7 @ \LUC/nanummj/m/n/10/d0 t\LUC/nanummj/m/n/10/b7 ˜\LUC/nanummj/m/n/10/
c2 ¤\LUC/nanummj/m/n/10/c5 Ð\LUC/nanummj/m/n/10/c1 ^^\ \LUC/nanummj/m/n/10/c8 ^
^Q\LUC/nanummj/m/n/10/ad ü\LUC/nanummj/m/n/10/d5 X\LUC/nanummj/m/n/10/ac p\LUC/
nanummj/m/n/10/b0 ˜\T1/cmr/m/n/10 , Au-dioSer-
 []


Underfull \hbox (badness 10000) in paragraph at lines 118--121

 []

[2] [3]
*geometry* verbose mode - [ newgeometry ] result:
* driver: pdftex
* paper: a4paper
* layout: <same size as paper>
* layoutoffset:(h,v)=(0.0pt,0.0pt)
* modes: 
* h-part:(L,W,R)=(56.9055pt, 450.97528pt, 89.62709pt)
* v-part:(T,H,B)=(101.40665pt, 686.7347pt, 56.9055pt)
* \paperwidth=597.50787pt
* \paperheight=845.04684pt
* \textwidth=450.97528pt
* \textheight=686.7347pt
* \oddsidemargin=-15.36449pt
* \evensidemargin=-15.36449pt
* \topmargin=-7.86334pt
* \headheight=12.0pt
* \headsep=25.0pt
* \topskip=10.0pt
* \footskip=30.0pt
* \marginparwidth=57.0pt
* \marginparsep=11.0pt
* \columnsep=10.0pt
* \skip\footins=9.0pt plus 4.0pt minus 2.0pt
* \hoffset=0.0pt
* \voffset=0.0pt
* \mag=1000
* \@twocolumnfalse
* \@twosidefalse
* \@mparswitchfalse
* \@reversemarginfalse
* (1in=72.27pt=25.4mm, 1cm=28.453pt)


Overfull \hbox (50.7913pt too wide) in paragraph at lines 178--179
[][] 
 []

[4

]
Overfull \hbox (13.32129pt too wide) in paragraph at lines 187--190
\LUC/nanummj/m/n/10/b4 Ü\LUC/nanummj/m/n/10/b8 \\LUC/nanummj/m/n/10/b2 ” \T1/cm
r/m/n/10 (Lay-outIn-fla-tor) Con-text.getSystemService(Context.LAYOUT_INFLATER_
SERVICE), Lay-
 []


Overfull \hbox (10.54189pt too wide) in paragraph at lines 192--194
\T1/cmr/m/n/10 load-Receiver\LUC/nanummj/m/n/10/c5 Ð\LUC/nanummj/m/n/10/c1 ^^\ 
\T1/cmr/m/n/10 In-tent.ACTION_BOOT_COMPLETED, In-tent.ACTION_MEDIA_MOUNTED,
 []


Underfull \hbox (badness 10000) in paragraph at lines 207--209

 []


Underfull \hbox (badness 10000) in paragraph at lines 210--212

 []


Underfull \hbox (badness 10000) in paragraph at lines 213--215

 []

[5

]
Overfull \hbox (6.12587pt too wide) in paragraph at lines 221--223
\T1/cmr/m/n/10 s/base/ser-vices/-java/-com/an-droid/server/Sys-tem-Server.java[
][][]\LUC/nanummj/m/n/10/c5 Ð\LUC/nanummj/m/n/10/c1 ^^\ \LUC/nanummj/m/n/10/b0 
´\LUC/nanummj/m/n/10/bd € \LUC/nanummj/m/n/10/d0 t\LUC/nanummj/m/n/10/b7 ˜\LUC/
nanummj/m/n/10/c2 ¤\LUC/nanummj/m/n/10/c7 x \T1/cmr/m/n/10 Server-Thread\LUC/na
nummj/m/n/10/c7 X \T1/cmr/m/n/10 ini-tAnd-
 []

[6] [7] [8]
Underfull \hbox (badness 10000) in paragraph at lines 403--404

 []

[9]
Underfull \hbox (badness 10000) in paragraph at lines 481--485

 []

[10]
Overfull \hbox (49.59854pt too wide) in paragraph at lines 509--512
\LUC/nanummj/m/n/10/c7 t\LUC/nanummj/m/n/10/ac ƒ\LUC/nanummj/m/n/10/c7 t \LUC/n
anummj/m/n/10/b3 Ù\LUC/nanummj/m/n/10/c7 ‘\LUC/nanummj/m/n/10/d5 X\LUC/nanummj/
m/n/10/b2 ” \LUC/nanummj/m/n/10/c7 t \LUC/nanummj/m/n/10/b2 ” \T1/cmr/m/n/10 Bi
nder\LUC/nanummj/m/n/10/c5 Ð\LUC/nanummj/m/n/10/b3 Ä \LUC/nanummj/m/n/10/ae 0\L
UC/nanummj/m/n/10/bc ø\LUC/nanummj/m/n/10/c8 ^^A\LUC/nanummj/m/n/10/c7 <\LUC/na
nummj/m/n/10/b8 \ \T1/cmr/m/n/10 on-Trans-act \LUC/nanummj/m/n/10/ba T\LUC/nanu
mmj/m/n/10/c1 ^^\\LUC/nanummj/m/n/10/b4 Ü\LUC/nanummj/m/n/10/ac ^^@ \LUC/nanumm
j/m/n/10/c8 ^^U\LUC/nanummj/m/n/10/c7 X\LUC/nanummj/m/n/10/b4 ^^X\LUC/nanummj/m
/n/10/c5 ´ \LUC/nanummj/m/n/10/c7 ˆ\LUC/nanummj/m/n/10/ac à\T1/cmr/m/n/10 , \LU
C/nanummj/m/n/10/c5 ì\LUC/nanummj/m/n/10/ae 0\LUC/nanummj/m/n/10/c1 ^^\ \T1/cmr
/m/n/10 DUMP_TRANSACTION
 []

[11] [12]
Underfull \hbox (badness 10000) in paragraph at lines 642--645

 []


Underfull \hbox (badness 10000) in paragraph at lines 646--649

 []


Underfull \hbox (badness 10000) in paragraph at lines 668--669

 []

[13]) (./deepsleep.tex
Underfull \hbox (badness 10000) in paragraph at lines 23--25

 []

LaTeX Font Info:    Try loading font information for T1+cmtt on input line 27.
(c:/texlive/2015/texmf-dist/tex/latex/base/t1cmtt.fd
File: t1cmtt.fd 2014/09/29 v2.5h Standard LaTeX font definitions
)
Underfull \hbox (badness 10000) in paragraph at lines 26--31

 []


Underfull \hbox (badness 10000) in paragraph at lines 32--34

 []


Underfull \hbox (badness 10000) in paragraph at lines 44--46

 []

[14]
Underfull \hbox (badness 10000) in paragraph at lines 62--64

 []


Underfull \hbox (badness 10000) in paragraph at lines 65--66

 []


Underfull \hbox (badness 10000) in paragraph at lines 67--69

 []


Underfull \hbox (badness 10000) in paragraph at lines 72--78

 []


Underfull \hbox (badness 10000) in paragraph at lines 81--84

 []

[15] [16] [17] [18]
Underfull \hbox (badness 10000) in paragraph at lines 277--278

 []


Overfull \hbox (14.92929pt too wide) in paragraph at lines 288--289
[]\T1/cmr/m/n/10 PowerManagerService\LUC/nanummj/m/n/10/c5 Ð\LUC/nanummj/m/n/10
/c1 ^^\ \T1/cmr/m/n/10 up-date-Dis-play-Pow-er-State-Locked\LUC/nanummj/m/n/10/
c5 Ð\LUC/nanummj/m/n/10/c1 ^^\ \T1/cmr/m/n/10 Dis-play-Pow-er-Con-troller.reque
stPowerState
 []

[19]) (./singlethread.tex
Underfull \hbox (badness 10000) in paragraph at lines 5--8

 []


Underfull \hbox (badness 10000) in paragraph at lines 24--27

 []

[20] [21]
Underfull \hbox (badness 10000) in paragraph at lines 123--127

 []


Underfull \hbox (badness 10000) in paragraph at lines 130--134

 []

[22]
Underfull \hbox (badness 10000) in paragraph at lines 164--167

 []


Underfull \hbox (badness 10000) in paragraph at lines 168--169

 []


Underfull \hbox (badness 10000) in paragraph at lines 186--188

 []


Underfull \hbox (badness 10000) in paragraph at lines 189--192

 []

[23]
Underfull \hbox (badness 10000) in paragraph at lines 212--218

 []


Overfull \hbox (21.44797pt too wide) in paragraph at lines 227--229
[]\T1/cmr/m/n/10 process \LUC/nanummj/m/n/10/ba T\LUC/nanummj/m/n/10/c1 ^^\\LUC
/nanummj/m/n/10/b4 Ü\LUC/nanummj/m/n/10/b2 ” \LUC/nanummj/m/n/10/ba T\LUC/nanum
mj/m/n/10/c7 x \LUC/nanummj/m/n/10/c2 ¤\LUC/nanummj/m/n/10/b8 ^^H\LUC/nanummj/m
/n/10/b4 Ü\LUC/nanummj/m/n/10/c5 Ð\LUC/nanummj/m/n/10/c1 ^^\ \LUC/nanummj/m/n/1
0/d6 8\LUC/nanummj/m/n/10/cd œ\LUC/nanummj/m/n/10/d5 \\LUC/nanummj/m/n/10/b2 ä\
LUC/nanummj/m/n/10/ba t \LUC/nanummj/m/n/10/bb 8\LUC/nanummj/m/n/10/c8 ^^\\LUC/
nanummj/m/n/10/ac ^^@ \LUC/nanummj/m/n/10/c5 Æ\LUC/nanummj/m/n/10/c9 À\LUC/nanu
mmj/m/n/10/b9 Ì\T1/cmr/m/n/10 , \LUC/nanummj/m/n/10/c7 |\LUC/nanummj/m/n/10/bc 
^^X \LUC/nanummj/m/n/10/c2 ¤\LUC/nanummj/m/n/10/b8 ^^H\LUC/nanummj/m/n/10/b4 Ü\
LUC/nanummj/m/n/10/c5 Ð\LUC/nanummj/m/n/10/c1 ^^\ \LUC/nanummj/m/n/10/d6 8\LUC/
nanummj/m/n/10/cd œ\LUC/nanummj/m/n/10/d5 ˆ\LUC/nanummj/m/n/10/c7 D\LUC/nanummj
/m/n/10/b5 L \T1/cmr/m/n/10 Called-FromWrongTh-
 []


Underfull \hbox (badness 10000) in paragraph at lines 257--258

 []


Underfull \hbox (badness 10000) in paragraph at lines 259--260

 []


Overfull \hbox (31.9226pt too wide) in paragraph at lines 276--278
[][] 
 []


Underfull \hbox (badness 10000) in paragraph at lines 276--278

 []

[24] [25]
Underfull \hbox (badness 10000) in paragraph at lines 360--361

 []

[26]
Overfull \hbox (51.80588pt too wide) in paragraph at lines 402--406
[]\T1/cmr/m/n/10 Touch\LUC/nanummj/m/n/10/b0 ˜ \T1/cmr/m/n/10 Re-draw \LUC/nanu
mmj/m/n/10/b4 ñ \LUC/nanummj/m/n/10/c7 t\LUC/nanummj/m/n/10/bc ¤\LUC/nanummj/m/
n/10/d2 ¸ \LUC/nanummj/m/n/10/cc ˜\LUC/nanummj/m/n/10/b9 ¬| \LUC/nanummj/m/n/10
/c7 ^^D\LUC/nanummj/m/n/10/d5 \ \T1/cmr/m/n/10 View-RootImpl \LUC/nanummj/m/n/1
0/d0 t\LUC/nanummj/m/n/10/b7 ˜\LUC/nanummj/m/n/10/c2 ¤\LUC/nanummj/m/n/10/ac ^^
@ \LUC/nanummj/m/n/10/c7 ˆ\LUC/nanummj/m/n/10/b2 ä\T1/cmr/m/n/10 .[][][](MSG_IN
VALIDATE, MSG_RESIZED,
 []


Underfull \hbox (badness 10000) in paragraph at lines 411--412

 []


Underfull \hbox (badness 10000) in paragraph at lines 413--418

 []

[27]
Underfull \hbox (badness 10000) in paragraph at lines 442--445

 []


Underfull \hbox (badness 10000) in paragraph at lines 447--452

 []


Underfull \hbox (badness 10000) in paragraph at lines 474--475

 []


Overfull \hbox (30.6813pt too wide) in paragraph at lines 479--481
\T1/cmr/m/n/10 ground\LUC/nanummj/m/n/10/b8 \ \LUC/nanummj/m/n/10/ba …\LUC/nanu
mmj/m/n/10/c2 Ü\LUC/nanummj/m/n/10/d5 X\LUC/nanummj/m/n/10/b2 ” \LUC/nanummj/m/
n/10/bc )•\LUC/nanummj/m/n/10/c7 @ \T1/cmr/m/n/10 send-Broad-cast\LUC/nanummj/m
/n/10/c5 Ð \LUC/nanummj/m/n/10/c8 ^^D\LUC/nanummj/m/n/10/b2 ì\LUC/nanummj/m/n/1
0/b4 ^^X\LUC/nanummj/m/n/10/b2 ” \T1/cmr/m/n/10 In-tent\LUC/nanummj/m/n/10/c5 Ð
 \T1/cmr/m/n/10 In-tent.FLAG_RECEIVER_FOREGROUD
 []

[28]
Underfull \hbox (badness 10000) in paragraph at lines 483--486

 []


Underfull \hbox (badness 10000) in paragraph at lines 487--489

 []


Underfull \hbox (badness 10000) in paragraph at lines 492--493

 []


Underfull \hbox (badness 10000) in paragraph at lines 492--493

 []


Underfull \hbox (badness 10000) in paragraph at lines 501--505

 []


Underfull \hbox (badness 10000) in paragraph at lines 523--525

 []

[29]
Underfull \hbox (badness 10000) in paragraph at lines 526--529

 []


Underfull \hbox (badness 10000) in paragraph at lines 530--532

 []


Underfull \hbox (badness 10000) in paragraph at lines 533--537

 []


Underfull \hbox (badness 10000) in paragraph at lines 547--550

 []


Overfull \hbox (22.99274pt too wide) in paragraph at lines 551--557
[]\LUC/nanummj/m/n/10/cf T\LUC/nanummj/m/n/10/b4 Ü []\T1/cmr/m/n/10 1[]\LUC/nan
ummj/m/n/10/b9 | \LUC/nanummj/m/n/10/b2 ä\LUC/nanummj/m/n/10/c2 Ü \LUC/nanummj/
m/n/10/d5 \\LUC/nanummj/m/n/10/bc ˆ ô\LUC/nanummj/m/n/10/c7 \T1/cmr/m/n/10 . L
ooper.loop\LUC/nanummj/m/n/10/b2 ” \LUC/nanummj/m/n/10/bb 4\LUC/nanummj/m/n/10/
d5 \\LUC/nanummj/m/n/10/bc ^^Xõ\LUC/nanummj/m/n/10/bb 8\LUC/nanummj/m/n/10/c7 t
\LUC/nanummj/m/n/10/ae 0 \LUC/nanummj/m/n/10/b5 L\LUC/nanummj/m/n/10/bb 8\LUC/n
anummj/m/n/10/c5 Ð \LUC/nanummj/m/n/10/ac Ä\LUC/nanummj/m/n/10/c1  \LUC/nanumm
j/m/n/10/b9 ¬\LUC/nanummj/m/n/10/d1 4\LUC/nanummj/m/n/10/b4 ^^X\LUC/nanummj/m/n
/10/c9 À \LUC/nanummj/m/n/10/c5 J\LUC/nanummj/m/n/10/b2 ”ä\T1/cmr/m/n/10 . Loop
er.myLooper().quit()
 []


Underfull \hbox (badness 10000) in paragraph at lines 551--557

 []

[30]
Underfull \hbox (badness 10000) in paragraph at lines 578--579

 []


Underfull \hbox (badness 10000) in paragraph at lines 580--582

 []

<favorite_sample.png, id=1401, 567.62062pt x 362.10281pt>
File: favorite_sample.png Graphic file (type png)

<use favorite_sample.png>
Package pdftex.def Info: favorite_sample.png used on input line 585.
(pdftex.def)             Requested size: 368.94902pt x 235.36403pt.

Underfull \hbox (badness 10000) in paragraph at lines 587--591

 []

[31 <./favorite_sample.png>]

LaTeX Warning: Reference `src:HandlerThreadSample' on page 32 undefined on inpu
t line 665.


Underfull \hbox (badness 10000) in paragraph at lines 657--667

 []

[32]

LaTeX Warning: Reference `src:HandlerThreadSample' on page 33 undefined on inpu
t line 668.


Underfull \hbox (badness 10000) in paragraph at lines 668--670

 []


LaTeX Warning: Reference `src:HandlerThreadSample' on page 33 undefined on inpu
t line 674.


Underfull \hbox (badness 10000) in paragraph at lines 671--675

 []


Underfull \hbox (badness 10000) in paragraph at lines 676--682

 []


Overfull \hbox (3.6706pt too wide) in paragraph at lines 683--686
[][]$\T1/cmtt/m/n/10 http : / / developer . android . com / intl / ko / referen
ce / android / os / MessageQueue . IdleHandler . html$[]
 []


Underfull \hbox (badness 10000) in paragraph at lines 683--686

 []


LaTeX Warning: Reference `src:HandlerThreadSample' on page 33 undefined on inpu
t line 687.

[33]
Underfull \hbox (badness 10000) in paragraph at lines 744--747

 []


Underfull \hbox (badness 10000) in paragraph at lines 748--749

 []


Underfull \hbox (badness 10000) in paragraph at lines 750--751

 []


Underfull \hbox (badness 10000) in paragraph at lines 770--771

 []

[34]
Underfull \hbox (badness 10000) in paragraph at lines 791--792

 []


Underfull \hbox (badness 10000) in paragraph at lines 794--796

 []


Underfull \hbox (badness 10000) in paragraph at lines 797--798

 []


Overfull \hbox (11.59999pt too wide) in paragraph at lines 799--803
[]\T1/cmr/m/n/10 ScheduledThreadPoolExecutor\LUC/nanummj/m/n/10/b3 Ä \T1/cmr/m/
n/10 Thread-PoolEx-ecu-tor\LUC/nanummj/m/n/10/c6 @ \LUC/nanummj/m/n/10/b9 È\LUC
/nanummj/m/n/10/cc ,\LUC/nanummj/m/n/10/ac ^^@\LUC/nanummj/m/n/10/c9 À\LUC/nanu
mmj/m/n/10/b8 \ \T1/cmr/m/n/10 4\LUC/nanummj/m/n/10/ac ^^\\LUC/nanummj/m/n/10/c
7 X \LUC/nanummj/m/n/10/c0 Ý\LUC/nanummj/m/n/10/c1 1\LUC/nanummj/m/n/10/c7 \LU
C/nanummj/m/n/10/ac ^^@ \LUC/nanummj/m/n/10/c7 ˆ\LUC/nanummj/m/n/10/b2 ”\LUC/na
nummj/m/n/10/b3 p\T1/cmr/m/n/10 , Thread-PoolEx-
 []


Overfull \hbox (12.98973pt too wide) in paragraph at lines 799--803
\T1/cmr/m/n/10 keepAlive-Time = 0, workQueue\LUC/nanummj/m/n/10/c5 Ð\LUC/nanumm
j/m/n/10/b2 ” \LUC/nanummj/m/n/10/b0 ´\LUC/nanummj/m/n/10/bd € \LUC/nanummj/m/n
/10/d0 t\LUC/nanummj/m/n/10/b7 ˜\LUC/nanummj/m/n/10/c2 ¤\LUC/nanummj/m/n/10/c7 
x \T1/cmr/m/n/10 De-lay-WorkQueue \LUC/nanummj/m/n/10/c7 x\LUC/nanummj/m/n/10/c
2 ¤\LUC/nanummj/m/n/10/d1 4\LUC/nanummj/m/n/10/c2 ¤\LUC/nanummj/m/n/10/ac ^^@ \
LUC/nanummj/m/n/10/c8 ^^D\LUC/nanummj/m/n/10/b2 ì\LUC/nanummj/m/n/10/b4 ^^\\LUC
/nanummj/m/n/10/b2 ä\T1/cmr/m/n/10 . De-lay-WorkQueue
 []


Underfull \hbox (badness 10000) in paragraph at lines 812--814

 []


Overfull \hbox (16.73212pt too wide) in paragraph at lines 818--819
[]\T1/cmr/m/n/10 newFixedThreadPool(int nThreads): \LUC/nanummj/m/n/10/d3 ^^L\L
UC/nanummj/m/n/10/b7 |\LUC/nanummj/m/n/10/bb ø\LUC/nanummj/m/n/10/d1 0\LUC/nanu
mmj/m/n/10/b8 \ \LUC/nanummj/m/n/10/c8 ^^D\LUC/nanummj/m/n/10/b2 ì\LUC/nanummj/
m/n/10/b4 ^^X\LUC/nanummj/m/n/10/b2 ” \LUC/nanummj/m/n/10/ac à\LUC/nanummj/m/n/
10/c8 ^^U \LUC/nanummj/m/n/10/ac ^^\\LUC/nanummj/m/n/10/c2 ^^X\LUC/nanummj/m/n/
10/ae L\LUC/nanummj/m/n/10/c9 À \LUC/nanummj/m/n/10/c2 ¤\LUC/nanummj/m/n/10/b8 
^^H\LUC/nanummj/m/n/10/b4 Ü\LUC/nanummj/m/n/10/b9 | \LUC/nanummj/m/n/10/c0 Ý\LU
C/nanummj/m/n/10/c1 1\LUC/nanummj/m/n/10/d5 \\LUC/nanummj/m/n/10/b2 ä\T1/cmr/m/
n/10 . workQueue
 []

[35]
Overfull \hbox (49.6655pt too wide) in paragraph at lines 832--832
 []\T1/cmtt/m/n/10 new ThreadPoolExecutor(1, 1, 0L, TimeUnit.MILLISECONDS, new 
LinkedBlockingQueue<Runnable>() 
 []


Underfull \hbox (badness 10000) in paragraph at lines 842--843

 []

) (./activity.tex
Underfull \hbox (badness 10000) in paragraph at lines 1--3

 []


Underfull \hbox (badness 10000) in paragraph at lines 4--5

 []


Underfull \hbox (badness 10000) in paragraph at lines 8--11

 []


Underfull \hbox (badness 10000) in paragraph at lines 12--13

 []

<activity-lifecycle.png, id=1542, 514.92375pt x 665.48625pt>
File: activity-lifecycle.png Graphic file (type png)

<use activity-lifecycle.png>
Package pdftex.def Info: activity-lifecycle.png used on input line 20.
(pdftex.def)             Requested size: 257.46124pt x 332.74231pt.
 [36]
Underfull \hbox (badness 10000) in paragraph at lines 22--31

 []


Underfull \hbox (badness 10000) in paragraph at lines 34--36

 []


Underfull \hbox (badness 10000) in paragraph at lines 37--39

 []


Underfull \hbox (badness 10000) in paragraph at lines 40--42

 []


Underfull \hbox (badness 10000) in paragraph at lines 44--46

 []


Underfull \hbox (badness 10000) in paragraph at lines 47--49

 []


Overfull \hbox (13.26135pt too wide) in paragraph at lines 50--53
[][] \T1/cmr/m/n/10 on-
 []


Underfull \hbox (badness 10000) in paragraph at lines 50--53

 []

<basic-lifecycle-paused.png, id=1550, 664.4825pt x 307.1475pt>
File: basic-lifecycle-paused.png Graphic file (type png)

<use basic-lifecycle-paused.png>
Package pdftex.def Info: basic-lifecycle-paused.png used on input line 57.
(pdftex.def)             Requested size: 332.24043pt x 153.57336pt.
 [37 <./activity-lifecycle.png>]
Underfull \hbox (badness 10000) in paragraph at lines 70--72

 []


Underfull \hbox (badness 10000) in paragraph at lines 73--74

 []


Underfull \hbox (badness 10000) in paragraph at lines 102--106

 []


Underfull \hbox (badness 10000) in paragraph at lines 107--113

 []

[38 <./basic-lifecycle-paused.png>]
Underfull \hbox (badness 10000) in paragraph at lines 126--131

 []


Underfull \hbox (badness 10000) in paragraph at lines 132--135

 []


Underfull \hbox (badness 10000) in paragraph at lines 157--159

 []


Underfull \hbox (badness 10000) in paragraph at lines 160--164

 []


Underfull \hbox (badness 10000) in paragraph at lines 165--169

 []

[39]
Underfull \hbox (badness 10000) in paragraph at lines 170--172

 []


Underfull \hbox (badness 10000) in paragraph at lines 173--177

 []

[40]) (./activity2.tex
<diagram_backstack.png, id=1636, 619.31375pt x 195.73125pt>
File: diagram_backstack.png Graphic file (type png)

<use diagram_backstack.png>
Package pdftex.def Info: diagram_backstack.png used on input line 4.
(pdftex.def)             Requested size: 371.59111pt x 117.43964pt.

Underfull \hbox (badness 10000) in paragraph at lines 2--7

 []


Underfull \hbox (badness 10000) in paragraph at lines 18--19

 []

[41 <./diagram_backstack.png>]
Underfull \hbox (badness 10000) in paragraph at lines 20--22

 []


Underfull \hbox (badness 10000) in paragraph at lines 29--31

 []


Underfull \hbox (badness 10000) in paragraph at lines 32--33

 []

[42] [43]
Underfull \hbox (badness 10000) in paragraph at lines 191--194

 []


Underfull \hbox (badness 10000) in paragraph at lines 195--197

 []


Overfull \hbox (100.77016pt too wide) in paragraph at lines 198--200
[]\T1/cmr/m/n/10 taskAffinity \LUC/nanummj/m/n/10/c7 t\LUC/nanummj/m/n/10/b9 „\
LUC/nanummj/m/n/10/c7 @ \T1/cmr/m/n/10 :(clone) pre-fix \LUC/nanummj/m/n/10/d5 
\ \LUC/nanummj/m/n/10/ac ^^R\LUC/nanummj/m/n/10/c7 D \LUC/nanummj/m/n/10/b1 #\L
UC/nanummj/m/n/10/b2 ” \LUC/nanummj/m/n/10/ac ƒ\LUC/nanummj/m/n/10/c7 t \LUC/na
nummj/m/n/10/ad Œ\LUC/nanummj/m/n/10/c7 ¥\LUC/nanummj/m/n/10/b4 ^^\\LUC/nanummj
/m/n/10/b2 ä\T1/cmr/m/n/10 . \LUC/nanummj/m/n/10/d3 (\LUC/nanummj/m/n/10/d0 ¤\L
UC/nanummj/m/n/10/c9 À\LUC/nanummj/m/n/10/ba …\LUC/nanummj/m/n/10/cc ˜\LUC/nanu
mmj/m/n/10/b7 ü \LUC/nanummj/m/n/10/c8 ^^D\LUC/nanummj/m/n/10/b2 ì\LUC/nanummj/
m/n/10/d5 t\LUC/nanummj/m/n/10/b3 Ä \LUC/nanummj/m/n/10/b4 ^^\\LUC/nanummj/m/n/
10/b2 ä\T1/cmr/m/n/10 . com.example.android.lifecycle.another
 []

<diagram_multiple_instances.png, id=1784, 205.76875pt x 194.7275pt>
File: diagram_multiple_instances.png Graphic file (type png)

<use diagram_multiple_instances.png>
Package pdftex.def Info: diagram_multiple_instances.png used on input line 205.

(pdftex.def)             Requested size: 144.03712pt x 136.3083pt.
 [44]
Overfull \hbox (3.37845pt too wide) in paragraph at lines 212--213
 []\T1/cmr/bx/n/10 Callee \LUC/nanummj/bx/n/10/c1 1\LUC/nanummj/bx/n/10/bd €\L
UC/nanummj/bx/n/10/c5 ì\LUC/nanummj/bx/n/10/b2 ” \T1/cmr/bx/n/10 An-droid-Man-i
-fest.xml\LUC/nanummj/bx/n/10/c7 X \T1/cmr/bx/n/10 Ac-tiv-ity \LUC/nanummj/bx/n
/10/c1  \LUC/nanummj/bx/n/10/c5 ¸Ð \T1/cmr/bx/n/10 an-droid:launchMode\LUC/nanu
mmj/bx/n/10/b8 \ \LUC/nanummj/bx/n/10/d5 \\LUC/nanummj/bx/n/10/b2 ä\T1/cmr/bx/n
/10 .[] \T1/cmr/m/n/10 launch-
 []


Underfull \hbox (badness 10000) in paragraph at lines 216--218

 []


Underfull \hbox (badness 10000) in paragraph at lines 219--220

 []


Underfull \hbox (badness 10000) in paragraph at lines 221--222

 []


Underfull \hbox (badness 10000) in paragraph at lines 223--224

 []


Underfull \hbox (badness 10000) in paragraph at lines 233--238

 []

[45 <./diagram_multiple_instances.png>]
Underfull \hbox (badness 10000) in paragraph at lines 245--247

 []


Overfull \hbox (10.9073pt too wide) in paragraph at lines 253--254
\LUC/nanummj/m/n/10/ac à\T1/cmr/m/n/10 , Callee Ac-tiv-ity\LUC/nanummj/m/n/10/b
2 ” \T1/cmr/m/n/10 empty Task\LUC/nanummj/m/n/10/c7 X \T1/cmr/m/n/10 baseAc-tiv
-ity\LUC/nanummj/m/n/10/ac ^^@ \LUC/nanummj/m/n/10/b4 ^^\\LUC/nanummj/m/n/10/b2
 ä\T1/cmr/m/n/10 . \LUC/nanummj/m/n/10/c7 t \T1/cmr/m/n/10 Flag\LUC/nanummj/m/n
/10/b2 ” \T1/cmr/m/n/10 FLAG_ACTIVITY_NEW_TASK
 []

) (./activity3.tex [46]
Underfull \hbox (badness 10000) in paragraph at lines 19--22

 []


Underfull \hbox (badness 10000) in paragraph at lines 30--33

 []


Underfull \hbox (badness 10000) in paragraph at lines 69--71

 []

[47]
Underfull \hbox (badness 10000) in paragraph at lines 72--73

 []


Underfull \hbox (badness 10000) in paragraph at lines 75--76

 []


Underfull \hbox (badness 10000) in paragraph at lines 77--79

 []


Underfull \hbox (badness 10000) in paragraph at lines 97--98

 []


Underfull \hbox (badness 10000) in paragraph at lines 99--101

 []

) (./service.tex
Underfull \hbox (badness 10000) in paragraph at lines 2--3

 []

[48]
Underfull \hbox (badness 10000) in paragraph at lines 34--35

 []


Underfull \hbox (badness 10000) in paragraph at lines 36--39

 []


Overfull \hbox (8.19337pt too wide) in paragraph at lines 40--42
[]\LUC/nanummj/m/n/10/d5 ^^D\LUC/nanummj/m/n/10/b8 \\LUC/nanummj/m/n/10/c1 8\LU
C/nanummj/m/n/10/c2 ¤\LUC/nanummj/m/n/10/ac ^^@ \T1/cmr/m/n/10 kill\LUC/nanummj
/m/n/10/b4   \LUC/nanummj/m/n/10/ac ^^@\LUC/nanummj/m/n/10/b2 ¥\LUC/nanummj/m/n
/10/c1 1\LUC/nanummj/m/n/10/c5 Ð \LUC/nanummj/m/n/10/b3 ^^@\LUC/nanummj/m/n/10/
d5 t\LUC/nanummj/m/n/10/c1 ^^\ \LUC/nanummj/m/n/10/c5 LD\LUC/nanummj/m/n/10/bc 
ô\LUC/nanummj/m/n/10/ae 0 \LUC/nanummj/m/n/10/c7 ^^D\LUC/nanummj/m/n/10/d5 t\LU
C/nanummj/m/n/10/c1 ^^\\T1/cmr/m/n/10 , []$\T1/cmtt/m/n/10 http : / / developer
 . android . com / guide / components /
 []


Underfull \hbox (badness 10000) in paragraph at lines 51--52

 []

[49]
Underfull \hbox (badness 10000) in paragraph at lines 101--102

 []


Underfull \hbox (badness 10000) in paragraph at lines 103--104

 []


Underfull \hbox (badness 10000) in paragraph at lines 105--106

 []


Underfull \hbox (badness 10000) in paragraph at lines 108--108
[][][]\T1/cmr/m/n/8 Pending Ser-vice \LUC/nanummj/m/n/8/ba ©\LUC/nanummj/m/n/8/
b8 ]\LUC/nanummj/m/n/8/c7 @ \T1/cmr/m/n/8 com.android.server.am.ActivityManager
Service\LUC/nanummj/m/n/8/c5 Ð\LUC/nanummj/m/n/8/c1 ^^\ \LUC/nanummj/m/n/8/c7  
\LUC/nanummj/m/n/8/c9 À\LUC/nanummj/m/n/8/d5 \\LUC/nanummj/m/n/8/b2 ä\T1/cmr/m/
n/8 . 4.2 \LUC/nanummj/m/n/8/c7 t\LUC/nanummj/m/n/8/d6 Ä\LUC/nanummj/m/n/8/c5 Ð
\LUC/nanummj/m/n/8/b2 ”
 []


Overfull \hbox (81.82112pt too wide) in paragraph at lines 107--109
\LUC/nanummj/m/n/10/ad ø\LUC/nanummj/m/n/10/b7 ð\LUC/nanummj/m/n/10/b3 p \LUC/n
anummj/m/n/10/c2 Ü\LUC/nanummj/m/n/10/c7 ‘ \T1/cmr/m/n/10 Ac-tiv-ity\LUC/nanumm
j/m/n/10/c7 X \T1/cmr/m/n/10 on-Cre-ate \LUC/nanummj/m/n/10/ba T\LUC/nanummj/m/
n/10/c1 ^^\\LUC/nanummj/m/n/10/b4 Ü\LUC/nanummj/m/n/10/c5 Ð\LUC/nanummj/m/n/10/
c1 ^^\ \T1/cmr/m/n/10 crash\LUC/nanummj/m/n/10/ac ^^@ \LUC/nanummj/m/n/10/b0 ˜\
LUC/nanummj/m/n/10/ba t\T1/cmr/m/n/10 , \LUC/nanummj/m/n/10/d5 ^^D\LUC/nanummj/
m/n/10/b8 \\LUC/nanummj/m/n/10/c1 8\LUC/nanummj/m/n/10/c2 ¤\LUC/nanummj/m/n/10/
b2 ” \LUC/nanummj/m/n/10/c8 ý\LUC/nanummj/m/n/10/c9 À\LUC/nanummj/m/n/10/b9 Ì \
T1/cmr/m/n/10 com.android.server.am.ActivityManagerService
 []


Underfull \hbox (badness 10000) in paragraph at lines 107--109

 []


Underfull \hbox (badness 10000) in paragraph at lines 110--111

 []


Underfull \hbox (badness 10000) in paragraph at lines 112--114

 []

[50]
Underfull \hbox (badness 10000) in paragraph at lines 115--116

 []

<service-lifecycle.png, id=1986, 390.45876pt x 508.90125pt>
File: service-lifecycle.png Graphic file (type png)

<use service-lifecycle.png>
Package pdftex.def Info: service-lifecycle.png used on input line 119.
(pdftex.def)             Requested size: 273.31926pt x 356.22844pt.
) (./service2.tex
Underfull \hbox (badness 10000) in paragraph at lines 2--3

 []


Underfull \hbox (badness 10000) in paragraph at lines 4--6

 []


Underfull \hbox (badness 10000) in paragraph at lines 12--15

 []

[51 <./service-lifecycle.png>]
Underfull \hbox (badness 10000) in paragraph at lines 16--22

 []


Underfull \hbox (badness 10000) in paragraph at lines 27--29

 []


Underfull \hbox (badness 10000) in paragraph at lines 36--37

 []


Underfull \hbox (badness 10000) in paragraph at lines 38--39

 []


Underfull \hbox (badness 10000) in paragraph at lines 40--41

 []


Underfull \hbox (badness 10000) in paragraph at lines 42--44

 []


Underfull \hbox (badness 10000) in paragraph at lines 46--48

 []

[52]
Underfull \hbox (badness 10000) in paragraph at lines 66--67

 []


Underfull \hbox (badness 10000) in paragraph at lines 90--92

 []

[53]
Underfull \hbox (badness 10000) in paragraph at lines 109--110

 []


Underfull \hbox (badness 10000) in paragraph at lines 111--112

 []


Underfull \hbox (badness 10000) in paragraph at lines 113--115

 []


Underfull \hbox (badness 10000) in paragraph at lines 116--117

 []


Underfull \hbox (badness 10000) in paragraph at lines 118--119

 []


Overfull \hbox (21.45528pt too wide) in paragraph at lines 120--121
[]\T1/cmr/m/n/10 Toast.show\LUC/nanummj/m/n/10/b9 | \LUC/nanummj/m/n/10/c2 ä\LU
C/nanummj/m/n/10/d5 ‰X\LUC/nanummj/m/n/10/ba t\T1/cmr/m/n/10 , Binder \LUC/nanu
mmj/m/n/10/d1 µ\LUC/nanummj/m/n/10/c2 à\LUC/nanummj/m/n/10/c7 D \LUC/nanummj/m/
n/10/d1 µ\LUC/nanummj/m/n/10/d5 t \T1/cmr/m/n/10 sys-tem_server \LUC/nanummj/m/
n/10/d5 ^^D\LUC/nanummj/m/n/10/b8 \\LUC/nanummj/m/n/10/c1 8\LUC/nanummj/m/n/10/
c2 ¤\LUC/nanummj/m/n/10/c7 X \T1/cmr/m/n/10 No-ti-fi-ca-tion-Man-agerSer-vice.e
nqueToast
 []


Underfull \hbox (badness 10000) in paragraph at lines 120--121

 []


Underfull \hbox (badness 10000) in paragraph at lines 122--124

 []


Underfull \hbox (badness 10000) in paragraph at lines 125--127

 []


Underfull \hbox (badness 10000) in paragraph at lines 132--134

 []


Underfull \hbox (badness 10000) in paragraph at lines 139--141

 []

[54]
Underfull \hbox (badness 10000) in paragraph at lines 193--195

 []


Underfull \hbox (badness 10000) in paragraph at lines 196--197

 []

[55]
Underfull \hbox (badness 10000) in paragraph at lines 229--232

 []


Underfull \hbox (badness 10000) in paragraph at lines 234--235

 []

[56]
Underfull \hbox (badness 10000) in paragraph at lines 352--354

 []

[57]
Underfull \hbox (badness 10000) in paragraph at lines 405--406

 []


Underfull \hbox (badness 10000) in paragraph at lines 407--409

 []


Underfull \hbox (badness 10000) in paragraph at lines 417--418

 []


Underfull \hbox (badness 10000) in paragraph at lines 419--420

 []


Underfull \hbox (badness 10000) in paragraph at lines 421--423

 []

[58]
Underfull \hbox (badness 10000) in paragraph at lines 509--512

 []

[59]
Underfull \hbox (badness 10000) in paragraph at lines 563--564

 []


Underfull \hbox (badness 10000) in paragraph at lines 566--567

 []


Underfull \hbox (badness 10000) in paragraph at lines 569--570

 []

[60] <service-binding-tree-lifecycle.png, id=2446, 527.9725pt x 569.12625pt>
File: service-binding-tree-lifecycle.png Graphic file (type png)

<use service-binding-tree-lifecycle.png>
Package pdftex.def Info: service-binding-tree-lifecycle.png used on input line 
606.
(pdftex.def)             Requested size: 263.9856pt x 284.56242pt.

Underfull \hbox (badness 10000) in paragraph at lines 603--608

 []


Overfull \hbox (5.39423pt too wide) in paragraph at lines 609--610
[]\LUC/nanummj/m/n/10/ae 0\LUC/nanummj/m/n/10/bc ø\LUC/nanummj/m/n/10/c8 ^^A\LU
C/nanummj/m/n/10/c7 <\LUC/nanummj/m/n/10/b8 \ \T1/cmr/m/n/10 Bound Ser-vice\LUC
/nanummj/m/n/10/c5 Ð\LUC/nanummj/m/n/10/c1 ^^\ \T1/cmr/m/n/10 bind-Ser-vice\LUC
/nanummj/m/n/10/d5 \ \LUC/nanummj/m/n/10/d0 t\LUC/nanummj/m/n/10/b7 |\LUC/nanum
mj/m/n/10/c7 t\LUC/nanummj/m/n/10/c5 ¸\LUC/nanummj/m/n/10/d2 ¸\LUC/nanummj/m/n/
10/ac ^^@ \LUC/nanummj/m/n/10/ba ¨\LUC/nanummj/m/n/10/b4 P \T1/cmr/m/n/10 un-bi
nd-Ser-vice\LUC/nanummj/m/n/10/d5 \\LUC/nanummj/m/n/10/b2 ä\LUC/nanummj/m/n/10/
ba t\T1/cmr/m/n/10 , Ser-vice\LUC/nanummj/m/n/10/c5 Ð\LUC/nanummj/m/n/10/c1 ^^\
\LUC/nanummj/m/n/10/b2 ” \T1/cmr/m/n/10 onUn-
 []


Underfull \hbox (badness 10000) in paragraph at lines 609--610

 []

[61 <./service-binding-tree-lifecycle.png>]
Underfull \hbox (badness 10000) in paragraph at lines 611--612

 []


Underfull \hbox (badness 10000) in paragraph at lines 619--620

 []

) (./contentprovider.tex
Underfull \hbox (badness 10000) in paragraph at lines 6--6
[][][]\LUC/nanummj/m/n/8/c5 H\LUC/nanummj/m/n/8/b4 Ü\LUC/nanummj/m/n/8/b8 \\LUC
/nanummj/m/n/8/c7 t\LUC/nanummj/m/n/8/b4 Ü \LUC/nanummj/m/n/8/d5 ^^D\LUC/nanumm
j/m/n/8/b8 ^^H\LUC/nanummj/m/n/8/c7 „\LUC/nanummj/m/n/8/c6 Ì\LUC/nanummj/m/n/8/
d0 l\LUC/nanummj/m/n/8/c5 Ð\LUC/nanummj/m/n/8/c1 ^^\ \LUC/nanummj/m/n/8/c0 ¬\LU
C/nanummj/m/n/8/c6 ©\LUC/nanummj/m/n/8/d5 X\LUC/nanummj/m/n/8/b2 ” \LUC/nanummj
/m/n/8/b1 $\LUC/nanummj/m/n/8/c7 t\LUC/nanummj/m/n/8/d2 ð\LUC/nanummj/m/n/8/be 
^^L \LUC/nanummj/m/n/8/ba T\LUC/nanummj/m/n/8/c1 ^^\\LUC/nanummj/m/n/8/b4 Ü\LUC
/nanummj/m/n/8/b2 ” \T1/cmr/m/n/8 jni\LUC/nanummj/m/n/8/b9 | \LUC/nanummj/m/n/8
/c7 t\LUC/nanummj/m/n/8/c6 ©\LUC/nanummj/m/n/8/d5 t\LUC/nanummj/m/n/8/c1 ^^\ \T
1/cmr/m/n/8 /frame-work-s/base/-core/jni/an-
 []


Underfull \hbox (badness 2334) in paragraph at lines 6--6
\T1/cmr/m/n/8 droid_database_SQLiteConnection.cpp \LUC/nanummj/m/n/8/c1 Œ\LUC/n
anummj/m/n/8/c2 ¤\LUC/nanummj/m/n/8/c5 Ð ð\LUC/nanummj/m/n/8/ac °\LUC/nanummj/m
/n/8/b4 ^^\\LUC/nanummj/m/n/8/b2 ä\T1/cmr/m/n/8 . an-droid\LUC/nanummj/m/n/8/c6
 @ \T1/cmr/m/n/8 SQLite\LUC/nanummj/m/n/8/b9 | \LUC/nanummj/m/n/8/c5 ð\LUC/nanu
mmj/m/n/8/ac °\LUC/nanummj/m/n/8/d5 t\LUC/nanummj/m/n/8/c8 ü\LUC/nanummj/m/n/8/
b2 ” \LUC/nanummj/m/n/8/c7 ‘\LUC/nanummj/m/n/8/c5 Å\LUC/nanummj/m/n/8/c7 D \LUC
/nanummj/m/n/8/d5 X\LUC/nanummj/m/n/8/b2 ” \LUC/nanummj/m/n/8/ac ƒ\LUC/nanummj/
m/n/8/c7 @ \T1/cmr/m/n/8 /ex-ter-
 []


Underfull \hbox (badness 10000) in paragraph at lines 3--7

 []

[62]
Underfull \hbox (badness 10000) in paragraph at lines 8--10

 []

[63]
Underfull \hbox (badness 10000) in paragraph at lines 98--101

 []


Underfull \hbox (badness 10000) in paragraph at lines 102--106

 []

[64]
Underfull \hbox (badness 10000) in paragraph at lines 162--163

 []


Underfull \hbox (badness 10000) in paragraph at lines 182--182

 []


Underfull \hbox (badness 10000) in paragraph at lines 182--182

 []


Underfull \hbox (badness 10000) in paragraph at lines 182--182

 []


Underfull \hbox (badness 10000) in paragraph at lines 182--182

 []


Underfull \hbox (badness 10000) in paragraph at lines 182--182

 []


Underfull \hbox (badness 10000) in paragraph at lines 182--182

 []


Underfull \hbox (badness 10000) in paragraph at lines 182--183

 []


Underfull \hbox (badness 10000) in paragraph at lines 185--188

 []


Underfull \hbox (badness 10000) in paragraph at lines 197--200

 []


Underfull \hbox (badness 10000) in paragraph at lines 203--205

 []

[65]
Underfull \hbox (badness 10000) in paragraph at lines 215--217

 []


Underfull \hbox (badness 10000) in paragraph at lines 219--221

 []


Underfull \hbox (badness 10000) in paragraph at lines 229--232

 []

[66]
Underfull \hbox (badness 10000) in paragraph at lines 265--269

 []


Underfull \hbox (badness 10000) in paragraph at lines 286--287

 []


Underfull \hbox (badness 10000) in paragraph at lines 288--290

 []


Underfull \hbox (badness 10000) in paragraph at lines 291--293

 []


Underfull \hbox (badness 10000) in paragraph at lines 338--340

 []

[67]
Underfull \hbox (badness 10000) in paragraph at lines 341--343

 []


Underfull \hbox (badness 10000) in paragraph at lines 373--376

 []


Overfull \hbox (17.66962pt too wide) in paragraph at lines 389--392
\LUC/nanummj/m/n/10/c2 ä\LUC/nanummj/m/n/10/c8 ^^\\LUC/nanummj/m/n/10/b8 \ \T1/
cmr/m/n/10 Database \LUC/nanummj/m/n/10/c5 ô\LUC/nanummj/m/n/10/ae 0\T1/cmr/m/n
/10 /\LUC/nanummj/m/n/10/c0 Ý\LUC/nanummj/m/n/10/c1 1\T1/cmr/m/n/10 (openOr-Cre
-ate)\LUC/nanummj/m/n/10/c7 @ \T1/cmr/m/n/10 SQLi-teOpen-Helper\LUC/nanummj/m/n
/10/c7 X \T1/cmr/m/n/10 ge-tRead-able-Database/getWritable-
 []


Underfull \hbox (badness 10000) in paragraph at lines 389--392

 []

[68]
Underfull \hbox (badness 10000) in paragraph at lines 399--402

 []


Underfull \hbox (badness 10000) in paragraph at lines 430--432

 []

[69]
Underfull \hbox (badness 10000) in paragraph at lines 466--469

 []


Underfull \hbox (badness 10000) in paragraph at lines 470--471

 []

[70] [71] [72]
Underfull \hbox (badness 10000) in paragraph at lines 751--754

 []

[73]
Underfull \hbox (badness 10000) in paragraph at lines 755--759

 []


Overfull \hbox (4.66562pt too wide) in paragraph at lines 789--792
\LUC/nanummj/m/n/10/b2 ” \LUC/nanummj/m/n/10/b9 Ì\LUC/nanummj/m/n/10/c7 | \T1/c
mr/m/n/10 Tran-ac-tion\LUC/nanummj/m/n/10/c7 D \LUC/nanummj/m/n/10/c3 h\LUC/nan
ummj/m/n/10/c1 ^^\ \LUC/nanummj/m/n/10/b3 Ä \LUC/nanummj/m/n/10/d5 ¥\LUC/nanum
mj/m/n/10/c0 Á\LUC/nanummj/m/n/10/c7 D \LUC/nanummj/m/n/10/c2 Ü\LUC/nanummj/m/n
/10/d0 ¤\LUC/nanummj/m/n/10/ac à \LUC/nanummj/m/n/10/c2 ö\LUC/nanummj/m/n/10/b2
 ä\LUC/nanummj/m/n/10/ba t\T1/cmr/m/n/10 , applyBatch(ArrayList$\OML/cmm/m/it/1
0 <$\T1/cmr/m/n/10 ContentProviderOperation$\OML/cmm/m/it/10 >$
 []


Underfull \hbox (badness 10000) in paragraph at lines 885--887

 []

[74]
Underfull \hbox (badness 10000) in paragraph at lines 918--920

 []


Underfull \hbox (badness 10000) in paragraph at lines 921--923

 []


Underfull \hbox (badness 10000) in paragraph at lines 924--925

 []


Underfull \hbox (badness 10000) in paragraph at lines 929--930

 []


Underfull \hbox (badness 10000) in paragraph at lines 941--942

 []

[75])
Package atveryend Info: Empty hook `BeforeClearDocument' on input line 74.
 [76]
Package atveryend Info: Empty hook `AfterLastShipout' on input line 74.
 (./android_advanced.aux)
Package atveryend Info: Executing hook `AtVeryEndDocument' on input line 74.
Package atveryend Info: Executing hook `AtEndAfterFileList' on input line 74.


Package rerunfilecheck Warning: File `android_advanced.out' has changed.
(rerunfilecheck)                Rerun to get outlines right
(rerunfilecheck)                or use package `bookmark'.

Package rerunfilecheck Info: Checksums for `android_advanced.out':
(rerunfilecheck)             Before: C1B0DA8B2BAB792E6ED896A299C9AEF9;4128
(rerunfilecheck)             After:  5BE684BE2E0EBDDC798CC403C701AD13;4476.

LaTeX Warning: There were undefined references.


LaTeX Warning: Label(s) may have changed. Rerun to get cross-references right.

Package atveryend Info: Empty hook `AtVeryVeryEnd' on input line 74.
 ) 
Here is how much of TeX's memory you used:
 13710 strings out of 493054
 205575 string characters out of 6138326
 545550 words of memory out of 5000000
 14493 multiletter control sequences out of 15000+600000
 64387 words of font info for 204 fonts, out of 8000000 for 9000
 1141 hyphenation exceptions out of 8191
 43i,8n,40p,788b,2028s stack positions out of 5000i,500n,10000p,200000b,80000s
pdfTeX warning (dest): name{subsubsection.6.4.2} has been referenced but does
 not exist, replaced by a fixed one

pdfTeX warning (dest): name{subsubsection.6.4.1} has been referenced but does n
ot exist, replaced by a fixed one

pdfTeX warning (dest): name{subsection.6.4} has been referenced but does not ex
ist, replaced by a fixed one

pdfTeX warning (dest): name{subsubsection.6.3.3} has been referenced but does n
ot exist, replaced by a fixed one

pdfTeX warning (dest): name{subsubsection.6.3.2} has been referenced but does n
ot exist, replaced by a fixed one

pdfTeX warning (dest): name{subsubsection.6.3.1} has been referenced but does n
ot exist, replaced by a fixed one

pdfTeX warning (dest): name{subsection.6.3} has been referenced but does not ex
ist, replaced by a fixed one

pdfTeX warning (dest): name{subsubsection.5.1.5} has been referenced but does n
ot exist, replaced by a fixed one

pdfTeX warning (dest): name{subsubsection.5.1.4} has been referenced but does n
ot exist, replaced by a fixed one

pdfTeX warning (dest): name{subsubsection.4.4.3} has been referenced but does n
ot exist, replaced by a fixed one

pdfTeX warning (dest): name{subsubsection.4.4.2} has been referenced but does n
ot exist, replaced by a fixed one

pdfTeX warning (dest): name{subsubsection.4.4.1} has been referenced but does n
ot exist, replaced by a fixed one

pdfTeX warning (dest): name{subsection.4.4} has been referenced but does not ex
ist, replaced by a fixed one

pdfTeX warning (dest): name{subsubsection.4.3.3} has been referenced but does n
ot exist, replaced by a fixed one

pdfTeX warning (dest): name{subsubsection.4.3.2} has been referenced but does n
ot exist, replaced by a fixed one

pdfTeX warning (dest): name{subsubsection.4.3.1} has been referenced but does n
ot exist, replaced by a fixed one

pdfTeX warning (dest): name{subsection.4.3} has been referenced but does not ex
ist, replaced by a fixed one

pdfTeX warning (dest): name{subsubsection.4.2.4} has been referenced but does n
ot exist, replaced by a fixed one

pdfTeX warning (dest): name{subsubsection.4.1.2} has been referenced but does n
ot exist, replaced by a fixed one

pdfTeX warning (dest): name{subsubsection.4.1.1} has been referenced but does n
ot exist, replaced by a fixed one

pdfTeX warning (dest): name{subsubsection.3.6.3} has been referenced but does n
ot exist, replaced by a fixed one

pdfTeX warning (dest): name{subsubsection.3.6.2} has been referenced but does n
ot exist, replaced by a fixed one

pdfTeX warning (dest): name{subsubsection.3.6.1} has been referenced but does n
ot exist, replaced by a fixed one

pdfTeX warning (dest): name{subsection.3.6} has been referenced but does not ex
ist, replaced by a fixed one

pdfTeX warning (dest): name{subsection.2.2} has been referenced but does not ex
ist, replaced by a fixed one

pdfTeX warning (dest): name{subsection.2.1} has been referenced but does not ex
ist, replaced by a fixed one

{c:/texlive/2015/texmf-dist/fonts/enc/dvips/cm-super/cm-super-ts1.enc}{c:/texli
ve/2015/texmf-dist/fonts/enc/dvips/cm-super/cm-super-t1.enc}<c:/texlive/2015/te
xmf-dist/fonts/type1/public/amsfonts/cm/cmmi10.pfb><c:/texlive/2015/texmf-dist/
fonts/type1/public/amsfonts/cm/cmmi8.pfb><c:/texlive/2015/texmf-dist/fonts/type
1/public/amsfonts/cm/cmsy10.pfb><c:/texlive/2015/texmf-dist/fonts/type1/public/
amsfonts/cm/cmsy7.pfb><c:/texlive/2015/texmf-dist/fonts/type1/public/nanumtype1
/nanummjbac.pfb><c:/texlive/2015/texmf-dist/fonts/type1/public/nanumtype1/nanum
mjbad.pfb><c:/texlive/2015/texmf-dist/fonts/type1/public/nanumtype1/nanummjbae.
pfb><c:/texlive/2015/texmf-dist/fonts/type1/public/nanumtype1/nanummjbb0.pfb><c
:/texlive/2015/texmf-dist/fonts/type1/public/nanumtype1/nanummjbb1.pfb><c:/texl
ive/2015/texmf-dist/fonts/type1/public/nanumtype1/nanummjbb2.pfb><c:/texlive/20
15/texmf-dist/fonts/type1/public/nanumtype1/nanummjbb3.pfb><c:/texlive/2015/tex
mf-dist/fonts/type1/public/nanumtype1/nanummjbb4.pfb><c:/texlive/2015/texmf-dis
t/fonts/type1/public/nanumtype1/nanummjbb5.pfb><c:/texlive/2015/texmf-dist/font
s/type1/public/nanumtype1/nanummjbb7.pfb><c:/texlive/2015/texmf-dist/fonts/type
1/public/nanumtype1/nanummjbb8.pfb><c:/texlive/2015/texmf-dist/fonts/type1/publ
ic/nanumtype1/nanummjbb9.pfb><c:/texlive/2015/texmf-dist/fonts/type1/public/nan
umtype1/nanummjbba.pfb><c:/texlive/2015/texmf-dist/fonts/type1/public/nanumtype
1/nanummjbbb.pfb><c:/texlive/2015/texmf-dist/fonts/type1/public/nanumtype1/nanu
mmjbbc.pfb><c:/texlive/2015/texmf-dist/fonts/type1/public/nanumtype1/nanummjbbd
.pfb><c:/texlive/2015/texmf-dist/fonts/type1/public/nanumtype1/nanummjbbe.pfb><
c:/texlive/2015/texmf-dist/fonts/type1/public/nanumtype1/nanummjbc0.pfb><c:/tex
live/2015/texmf-dist/fonts/type1/public/nanumtype1/nanummjbc1.pfb><c:/texlive/2
015/texmf-dist/fonts/type1/public/nanumtype1/nanummjbc2.pfb><c:/texlive/2015/te
xmf-dist/fonts/type1/public/nanumtype1/nanummjbc4.pfb><c:/texlive/2015/texmf-di
st/fonts/type1/public/nanumtype1/nanummjbc5.pfb><c:/texlive/2015/texmf-dist/fon
ts/type1/public/nanumtype1/nanummjbc6.pfb><c:/texlive/2015/texmf-dist/fonts/typ
e1/public/nanumtype1/nanummjbc7.pfb><c:/texlive/2015/texmf-dist/fonts/type1/pub
lic/nanumtype1/nanummjbc8.pfb><c:/texlive/2015/texmf-dist/fonts/type1/public/na
numtype1/nanummjbc9.pfb><c:/texlive/2015/texmf-dist/fonts/type1/public/nanumtyp
e1/nanummjbcc.pfb><c:/texlive/2015/texmf-dist/fonts/type1/public/nanumtype1/nan
ummjbcd.pfb><c:/texlive/2015/texmf-dist/fonts/type1/public/nanumtype1/nanummjbc
e.pfb><c:/texlive/2015/texmf-dist/fonts/type1/public/nanumtype1/nanummjbd0.pfb>
<c:/texlive/2015/texmf-dist/fonts/type1/public/nanumtype1/nanummjbd1.pfb><c:/te
xlive/2015/texmf-dist/fonts/type1/public/nanumtype1/nanummjbd2.pfb><c:/texlive/
2015/texmf-dist/fonts/type1/public/nanumtype1/nanummjbd3.pfb><c:/texlive/2015/t
exmf-dist/fonts/type1/public/nanumtype1/nanummjbd4.pfb><c:/texlive/2015/texmf-d
ist/fonts/type1/public/nanumtype1/nanummjbd5.pfb><c:/texlive/2015/texmf-dist/fo
nts/type1/public/nanumtype1/nanummjbd6.pfb><c:/texlive/2015/texmf-dist/fonts/ty
pe1/public/nanumtype1/nanummjbd7.pfb><c:/texlive/2015/texmf-dist/fonts/type1/pu
blic/nanumtype1/nanummjmac.pfb><c:/texlive/2015/texmf-dist/fonts/type1/public/n
anumtype1/nanummjmad.pfb><c:/texlive/2015/texmf-dist/fonts/type1/public/nanumty
pe1/nanummjmae.pfb><c:/texlive/2015/texmf-dist/fonts/type1/public/nanumtype1/na
nummjmaf.pfb><c:/texlive/2015/texmf-dist/fonts/type1/public/nanumtype1/nanummjm
b0.pfb><c:/texlive/2015/texmf-dist/fonts/type1/public/nanumtype1/nanummjmb1.pfb
><c:/texlive/2015/texmf-dist/fonts/type1/public/nanumtype1/nanummjmb2.pfb><c:/t
exlive/2015/texmf-dist/fonts/type1/public/nanumtype1/nanummjmb3.pfb><c:/texlive
/2015/texmf-dist/fonts/type1/public/nanumtype1/nanummjmb4.pfb><c:/texlive/2015/
texmf-dist/fonts/type1/public/nanumtype1/nanummjmb5.pfb><c:/texlive/2015/texmf-
dist/fonts/type1/public/nanumtype1/nanummjmb6.pfb><c:/texlive/2015/texmf-dist/f
onts/type1/public/nanumtype1/nanummjmb7.pfb><c:/texlive/2015/texmf-dist/fonts/t
ype1/public/nanumtype1/nanummjmb8.pfb><c:/texlive/2015/texmf-dist/fonts/type1/p
ublic/nanumtype1/nanummjmb9.pfb><c:/texlive/2015/texmf-dist/fonts/type1/public/
nanumtype1/nanummjmba.pfb><c:/texlive/2015/texmf-dist/fonts/type1/public/nanumt
ype1/nanummjmbb.pfb><c:/texlive/2015/texmf-dist/fonts/type1/public/nanumtype1/n
anummjmbc.pfb><c:/texlive/2015/texmf-dist/fonts/type1/public/nanumtype1/nanummj
mbd.pfb><c:/texlive/2015/texmf-dist/fonts/type1/public/nanumtype1/nanummjmbe.pf
b><c:/texlive/2015/texmf-dist/fonts/type1/public/nanumtype1/nanummjmbf.pfb><c:/
texlive/2015/texmf-dist/fonts/type1/public/nanumtype1/nanummjmc0.pfb><c:/texliv
e/2015/texmf-dist/fonts/type1/public/nanumtype1/nanummjmc1.pfb><c:/texlive/2015
/texmf-dist/fonts/type1/public/nanumtype1/nanummjmc2.pfb><c:/texlive/2015/texmf
-dist/fonts/type1/public/nanumtype1/nanummjmc3.pfb><c:/texlive/2015/texmf-dist/
fonts/type1/public/nanumtype1/nanummjmc4.pfb><c:/texlive/2015/texmf-dist/fonts/
type1/public/nanumtype1/nanummjmc5.pfb><c:/texlive/2015/texmf-dist/fonts/type1/
public/nanumtype1/nanummjmc6.pfb><c:/texlive/2015/texmf-dist/fonts/type1/public
/nanumtype1/nanummjmc7.pfb><c:/texlive/2015/texmf-dist/fonts/type1/public/nanum
type1/nanummjmc8.pfb><c:/texlive/2015/texmf-dist/fonts/type1/public/nanumtype1/
nanummjmc9.pfb><c:/texlive/2015/texmf-dist/fonts/type1/public/nanumtype1/nanumm
jmca.pfb><c:/texlive/2015/texmf-dist/fonts/type1/public/nanumtype1/nanummjmcb.p
fb><c:/texlive/2015/texmf-dist/fonts/type1/public/nanumtype1/nanummjmcc.pfb><c:
/texlive/2015/texmf-dist/fonts/type1/public/nanumtype1/nanummjmcd.pfb><c:/texli
ve/2015/texmf-dist/fonts/type1/public/nanumtype1/nanummjmce.pfb><c:/texlive/201
5/texmf-dist/fonts/type1/public/nanumtype1/nanummjmcf.pfb><c:/texlive/2015/texm
f-dist/fonts/type1/public/nanumtype1/nanummjmd0.pfb><c:/texlive/2015/texmf-dist
/fonts/type1/public/nanumtype1/nanummjmd1.pfb><c:/texlive/2015/texmf-dist/fonts
/type1/public/nanumtype1/nanummjmd2.pfb><c:/texlive/2015/texmf-dist/fonts/type1
/public/nanumtype1/nanummjmd3.pfb><c:/texlive/2015/texmf-dist/fonts/type1/publi
c/nanumtype1/nanummjmd4.pfb><c:/texlive/2015/texmf-dist/fonts/type1/public/nanu
mtype1/nanummjmd5.pfb><c:/texlive/2015/texmf-dist/fonts/type1/public/nanumtype1
/nanummjmd6.pfb><c:/texlive/2015/texmf-dist/fonts/type1/public/nanumtype1/nanum
mjmd7.pfb><c:/texlive/2015/texmf-dist/fonts/type1/public/cm-super/sfbx1000.pfb>
<c:/texlive/2015/texmf-dist/fonts/type1/public/cm-super/sfbx1200.pfb><c:/texliv
e/2015/texmf-dist/fonts/type1/public/cm-super/sfbx1440.pfb><c:/texlive/2015/tex
mf-dist/fonts/type1/public/cm-super/sfrm0600.pfb><c:/texlive/2015/texmf-dist/fo
nts/type1/public/cm-super/sfrm0700.pfb><c:/texlive/2015/texmf-dist/fonts/type1/
public/cm-super/sfrm0800.pfb><c:/texlive/2015/texmf-dist/fonts/type1/public/cm-
super/sfrm1000.pfb><c:/texlive/2015/texmf-dist/fonts/type1/public/cm-super/sfrm
1200.pfb><c:/texlive/2015/texmf-dist/fonts/type1/public/cm-super/sfrm1728.pfb><
c:/texlive/2015/texmf-dist/fonts/type1/public/cm-super/sftt0800.pfb><c:/texlive
/2015/texmf-dist/fonts/type1/public/cm-super/sftt1000.pfb>
Output written on android_advanced.pdf (76 pages, 5016721 bytes).
PDF statistics:
 3947 PDF objects out of 4296 (max. 8388607)
 3721 compressed objects within 38 object streams
 2499 named destinations out of 2984 (max. 500000)
 524 words of extra memory for PDF output out of 10000 (max. 10000000)

