This is pdfTeX, Version 3.1415926-2.4-1.40.13 (TeX Live 2012) (format=pdflatex 2013.4.22)  1 OCT 2014 14:10
entering extended mode
 restricted \write18 enabled.
 %&-line parsing enabled.
**application.tex
(./application.tex
LaTeX2e <2011/06/27>
Babel <v3.8m> and hyphenation patterns for english, dumylang, nohyphenation, ge
rman-x-2012-05-30, ngerman-x-2012-05-30, afrikaans, ancientgreek, ibycus, arabi
c, armenian, basque, bulgarian, catalan, pinyin, coptic, croatian, czech, danis
h, dutch, ukenglish, usenglishmax, esperanto, estonian, ethiopic, farsi, finnis
h, french, friulan, galician, german, ngerman, swissgerman, monogreek, greek, h
ungarian, icelandic, assamese, bengali, gujarati, hindi, kannada, malayalam, ma
rathi, oriya, panjabi, tamil, telugu, indonesian, interlingua, irish, italian, 
kurmanji, latin, latvian, lithuanian, mongolian, mongolianlmc, bokmal, nynorsk,
 piedmontese, polish, portuguese, romanian, romansh, russian, sanskrit, serbian
, serbianc, slovak, slovenian, spanish, swedish, turkish, turkmen, ukrainian, u
ppersorbian, welsh, loaded.
! Undefined control sequence.
l.1 \section
            {Application}
The control sequence at the end of the top line
of your error message was never \def'ed. If you have
misspelled it (e.g., `\hobx'), type `I' and the correct
spelling (e.g., `I\hbox'). Otherwise just continue,
and I'll forget about whatever was undefined.


! LaTeX Error: Missing \begin{document}.

See the LaTeX manual or LaTeX Companion for explanation.
Type  H <return>  for immediate help.
 ...                                              
                                                  
l.1 \section{A
              pplication}
You're in trouble here.  Try typing  <return>  to proceed.
If that doesn't work, type  X <return>  to quit.

Missing character: There is no A in font nullfont!
Missing character: There is no p in font nullfont!
Missing character: There is no p in font nullfont!
Missing character: There is no l in font nullfont!
Missing character: There is no i in font nullfont!
Missing character: There is no c in font nullfont!
Missing character: There is no a in font nullfont!
Missing character: There is no t in font nullfont!
Missing character: There is no i in font nullfont!
Missing character: There is no o in font nullfont!
Missing character: There is no n in font nullfont!
Missing character: There is no Î in font nullfont!
Missing character: There is no © in font nullfont!
Missing character: There is no î in font nullfont!
Missing character: There is no Î in font nullfont!
Missing character: There is no ™ in font nullfont!
Missing character: There is no ® in font nullfont!
Missing character: There is no Î in font nullfont!
Missing character: There is no ¶ in font nullfont!
Missing character: There is no ¨ in font nullfont!
Missing character: There is no Í in font nullfont!
Missing character: There is no ∞ in font nullfont!
Missing character: There is no Ä in font nullfont!
Missing character: There is no Ï in font nullfont!
Missing character: There is no † in font nullfont!
Missing character: There is no Å in font nullfont!
Missing character: There is no Í in font nullfont!
Missing character: There is no ± in font nullfont!
Missing character: There is no ∞ in font nullfont!
Missing character: There is no Î in font nullfont!
Missing character: There is no Ç in font nullfont!
Missing character: There is no ò in font nullfont!
Missing character: There is no Î in font nullfont!
Missing character: There is no ã in font nullfont!
Missing character: There is no § in font nullfont!
Missing character: There is no Î in font nullfont!
Missing character: There is no • in font nullfont!
Missing character: There is no ∏ in font nullfont!
Missing character: There is no Ì in font nullfont!
Missing character: There is no î in font nullfont!
Missing character: There is no Ñ in font nullfont!
Missing character: There is no Î in font nullfont!
Missing character: There is no ° in font nullfont!
Missing character: There is no ú in font nullfont!
Missing character: There is no Ï in font nullfont!
Missing character: There is no Ñ in font nullfont!
Missing character: There is no ∏ in font nullfont!
Missing character: There is no Ï in font nullfont!
Missing character: There is no ä in font nullfont!
Missing character: There is no § in font nullfont!
Missing character: There is no Í in font nullfont!
Missing character: There is no ∞ in font nullfont!
Missing character: There is no Ä in font nullfont!
Missing character: There is no Ï in font nullfont!
Missing character: There is no Ç in font nullfont!
Missing character: There is no ¨ in font nullfont!
Missing character: There is no Ï in font nullfont!
Missing character: There is no ö in font nullfont!
Missing character: There is no © in font nullfont!
Missing character: There is no Ï in font nullfont!
Missing character: There is no û in font nullfont!
Missing character: There is no ê in font nullfont!
Missing character: There is no Ï in font nullfont!
Missing character: There is no ó in font nullfont!
Missing character: There is no ê in font nullfont!
Missing character: There is no Í in font nullfont!
Missing character: There is no ≤ in font nullfont!
Missing character: There is no å in font nullfont!
Missing character: There is no Ï in font nullfont!
Missing character: There is no ¶ in font nullfont!
Missing character: There is no â in font nullfont!
Missing character: There is no Í in font nullfont!
Missing character: There is no ∞ in font nullfont!
Missing character: There is no Å in font nullfont!
Missing character: There is no Ï in font nullfont!
Missing character: There is no † in font nullfont!
Missing character: There is no Å in font nullfont!
Missing character: There is no Ï in font nullfont!
Missing character: There is no ú in font nullfont!
Missing character: There is no º in font nullfont!
Missing character: There is no Î in font nullfont!
Missing character: There is no ° in font nullfont!
Missing character: There is no ú in font nullfont!
Missing character: There is no Î in font nullfont!
Missing character: There is no ∞ in font nullfont!
Missing character: There is no ò in font nullfont!
Missing character: There is no Ï in font nullfont!
Missing character: There is no ù in font nullfont!
Missing character: There is no ë in font nullfont!
Missing character: There is no Ì in font nullfont!
Missing character: There is no ï in font nullfont!
Missing character: There is no ¥ in font nullfont!
Missing character: There is no Ï in font nullfont!
Missing character: There is no ï in font nullfont!
Missing character: There is no º in font nullfont!
Missing character: There is no Ì in font nullfont!
Missing character: There is no ï in font nullfont!
Missing character: There is no † in font nullfont!
Missing character: There is no Î in font nullfont!
Missing character: There is no ï in font nullfont!
Missing character: There is no å in font nullfont!
Missing character: There is no , in font nullfont!
Missing character: There is no Ì in font nullfont!
Missing character: There is no î in font nullfont!
Missing character: There is no Ñ in font nullfont!
Missing character: There is no Î in font nullfont!
Missing character: There is no ° in font nullfont!
Missing character: There is no ú in font nullfont!
Missing character: There is no Ï in font nullfont!
Missing character: There is no Ñ in font nullfont!
Missing character: There is no ∏ in font nullfont!
Missing character: There is no Ï in font nullfont!
Missing character: There is no ä in font nullfont!
Missing character: There is no § in font nullfont!
Missing character: There is no Í in font nullfont!
Missing character: There is no ∞ in font nullfont!
Missing character: There is no Ä in font nullfont!
Missing character: There is no Ï in font nullfont!
Missing character: There is no ¢ in font nullfont!
Missing character: There is no Ö in font nullfont!
Missing character: There is no Î in font nullfont!
Missing character: There is no £ in font nullfont!
Missing character: There is no å in font nullfont!
Missing character: There is no Î in font nullfont!
Missing character: There is no ê in font nullfont!
Missing character: There is no † in font nullfont!
Missing character: There is no Ï in font nullfont!
Missing character: There is no à in font nullfont!
Missing character: There is no ò in font nullfont!
Missing character: There is no Î in font nullfont!
Missing character: There is no è in font nullfont!
Missing character: There is no Ñ in font nullfont!
Missing character: There is no Ï in font nullfont!
Missing character: There is no û in font nullfont!
Missing character: There is no à in font nullfont!
Missing character: There is no Î in font nullfont!
Missing character: There is no ã in font nullfont!
Missing character: There is no § in font nullfont!
Missing character: There is no . in font nullfont!
Missing character: There is no Ï in font nullfont!
Missing character: There is no ¢ in font nullfont!
Missing character: There is no Ö in font nullfont!
Missing character: There is no Î in font nullfont!
Missing character: There is no £ in font nullfont!
Missing character: There is no å in font nullfont!
Missing character: There is no Î in font nullfont!
Missing character: There is no ê in font nullfont!
Missing character: There is no ê in font nullfont!
Missing character: There is no Î in font nullfont!
Missing character: There is no ã in font nullfont!
Missing character: There is no § in font nullfont!
Missing character: There is no Í in font nullfont!
Missing character: There is no ∞ in font nullfont!
Missing character: There is no Ä in font nullfont!
Missing character: There is no Ï in font nullfont!
Missing character: There is no ¶ in font nullfont!
Missing character: There is no â in font nullfont!
Missing character: There is no Ï in font nullfont!
Missing character: There is no ã in font nullfont!
Missing character: There is no ú in font nullfont!
Missing character: There is no Ï in font nullfont!
Missing character: There is no û in font nullfont!
Missing character: There is no ¨ in font nullfont!
Missing character: There is no Ï in font nullfont!
Missing character: There is no ã in font nullfont!
Missing character: There is no ú in font nullfont!
Missing character: There is no Ï in font nullfont!
Missing character: There is no û in font nullfont!
Missing character: There is no ë in font nullfont!
Missing character: There is no Î in font nullfont!
Missing character: There is no ê in font nullfont!
Missing character: There is no † in font nullfont!
Missing character: There is no Ï in font nullfont!
Missing character: There is no à in font nullfont!
Missing character: There is no ò in font nullfont!
Missing character: There is no Ï in font nullfont!
Missing character: There is no û in font nullfont!
Missing character: There is no à in font nullfont!
Missing character: There is no Î in font nullfont!
Missing character: There is no ã in font nullfont!
Missing character: There is no § in font nullfont!
Missing character: There is no . in font nullfont!

Overfull \hbox (20.0pt too wide) in paragraph at lines 1--3
[]
 []


! LaTeX Error: Missing \begin{document}.

See the LaTeX manual or LaTeX Companion for explanation.
Type  H <return>  for immediate help.
 ...                                              
                                                  
l.4 s
     tartService ÌïòÎäî Í≤ΩÏö∞Í∞Ä ÏûàÎäîÎç∞, Ïñ¥Ï∞®Ìîº ÏãúÏûë ActivityÏùò on...

You're in trouble here.  Try typing  <return>  to proceed.
If that doesn't work, type  X <return>  to quit.

Missing character: There is no s in font nullfont!
Missing character: There is no t in font nullfont!
Missing character: There is no a in font nullfont!
Missing character: There is no r in font nullfont!
Missing character: There is no t in font nullfont!
Missing character: There is no S in font nullfont!
Missing character: There is no e in font nullfont!
Missing character: There is no r in font nullfont!
Missing character: There is no v in font nullfont!
Missing character: There is no i in font nullfont!
Missing character: There is no c in font nullfont!
Missing character: There is no e in font nullfont!
Missing character: There is no Ì in font nullfont!
Missing character: There is no ï in font nullfont!
Missing character: There is no ò in font nullfont!
Missing character: There is no Î in font nullfont!
Missing character: There is no ä in font nullfont!
Missing character: There is no î in font nullfont!
Missing character: There is no Í in font nullfont!
Missing character: There is no ≤ in font nullfont!
Missing character: There is no Ω in font nullfont!
Missing character: There is no Ï in font nullfont!
Missing character: There is no ö in font nullfont!
Missing character: There is no ∞ in font nullfont!
Missing character: There is no Í in font nullfont!
Missing character: There is no ∞ in font nullfont!
Missing character: There is no Ä in font nullfont!
Missing character: There is no Ï in font nullfont!
Missing character: There is no û in font nullfont!
Missing character: There is no à in font nullfont!
Missing character: There is no Î in font nullfont!
Missing character: There is no ä in font nullfont!
Missing character: There is no î in font nullfont!
Missing character: There is no Î in font nullfont!
Missing character: There is no ç in font nullfont!
Missing character: There is no ∞ in font nullfont!
Missing character: There is no , in font nullfont!
Missing character: There is no Ï in font nullfont!
Missing character: There is no ñ in font nullfont!
Missing character: There is no ¥ in font nullfont!
Missing character: There is no Ï in font nullfont!
Missing character: There is no ∞ in font nullfont!
Missing character: There is no ® in font nullfont!
Missing character: There is no Ì in font nullfont!
Missing character: There is no î in font nullfont!
Missing character: There is no º in font nullfont!
Missing character: There is no Ï in font nullfont!
Missing character: There is no ã in font nullfont!
Missing character: There is no ú in font nullfont!
Missing character: There is no Ï in font nullfont!
Missing character: There is no û in font nullfont!
Missing character: There is no ë in font nullfont!
Missing character: There is no A in font nullfont!
Missing character: There is no c in font nullfont!
Missing character: There is no t in font nullfont!
Missing character: There is no i in font nullfont!
Missing character: There is no v in font nullfont!
Missing character: There is no i in font nullfont!
Missing character: There is no t in font nullfont!
Missing character: There is no y in font nullfont!
Missing character: There is no Ï in font nullfont!
Missing character: There is no ù in font nullfont!
Missing character: There is no ò in font nullfont!
Missing character: There is no o in font nullfont!
Missing character: There is no n in font nullfont!
Missing character: There is no R in font nullfont!
Missing character: There is no e in font nullfont!
Missing character: There is no s in font nullfont!
Missing character: There is no u in font nullfont!
Missing character: There is no m in font nullfont!
Missing character: There is no e in font nullfont!
Missing character: There is no Ï in font nullfont!
Missing character: There is no ù in font nullfont!
Missing character: There is no ¥ in font nullfont!
Missing character: There is no Ì in font nullfont!
Missing character: There is no õ in font nullfont!
Missing character: There is no Ñ in font nullfont!
Missing character: There is no Ï in font nullfont!
Missing character: There is no ó in font nullfont!
Missing character: There is no ê in font nullfont!
Missing character: There is no Ï in font nullfont!
Missing character: There is no ã in font nullfont!
Missing character: There is no § in font nullfont!
Missing character: There is no Ì in font nullfont!
Missing character: There is no ñ in font nullfont!
Missing character: There is no â in font nullfont!
Missing character: There is no Î in font nullfont!
Missing character: There is no ê in font nullfont!
Missing character: There is no ú in font nullfont!
Missing character: There is no Î in font nullfont!
Missing character: There is no ã in font nullfont!
Missing character: There is no § in font nullfont!
Missing character: There is no . in font nullfont!
Missing character: There is no Î in font nullfont!
Missing character: There is no î in font nullfont!
Missing character: There is no ∞ in font nullfont!
Missing character: There is no Î in font nullfont!
Missing character: There is no ù in font nullfont!
Missing character: There is no º in font nullfont!
Missing character: There is no Ï in font nullfont!
Missing character: There is no Ñ in font nullfont!
Missing character: There is no ú in font nullfont!
Missing character: There is no A in font nullfont!
Missing character: There is no p in font nullfont!
Missing character: There is no p in font nullfont!
Missing character: There is no l in font nullfont!
Missing character: There is no i in font nullfont!
Missing character: There is no c in font nullfont!
Missing character: There is no a in font nullfont!
Missing character: There is no t in font nullfont!
Missing character: There is no i in font nullfont!
Missing character: There is no o in font nullfont!
Missing character: There is no n in font nullfont!
Missing character: There is no Ï in font nullfont!
Missing character: There is no ó in font nullfont!
Missing character: There is no ê in font nullfont!
Missing character: There is no Í in font nullfont!
Missing character: There is no º in font nullfont!
Missing character: There is no ≠ in font nullfont!
Missing character: There is no Î in font nullfont!
Missing character: There is no Ñ in font nullfont!
Missing character: There is no £ in font nullfont!
Missing character: There is no Ï in font nullfont!
Missing character: There is no ù in font nullfont!
Missing character: There is no Ñ in font nullfont!
Missing character: There is no Í in font nullfont!
Missing character: There is no ≤ in font nullfont!
Missing character: There is no É in font nullfont!
Missing character: There is no Ï in font nullfont!
Missing character: There is no ù in font nullfont!
Missing character: There is no ∏ in font nullfont!
Missing character: There is no Ï in font nullfont!
Missing character: There is no ß in font nullfont!
Missing character: There is no Ä in font nullfont!
Missing character: There is no , in font nullfont!
Missing character: There is no Ï in font nullfont!
Missing character: There is no ã in font nullfont!
Missing character: There is no ú in font nullfont!
Missing character: There is no Ï in font nullfont!
Missing character: There is no û in font nullfont!
Missing character: There is no ë in font nullfont!
Missing character: There is no A in font nullfont!
Missing character: There is no c in font nullfont!
Missing character: There is no t in font nullfont!
Missing character: There is no i in font nullfont!
Missing character: There is no v in font nullfont!
Missing character: There is no i in font nullfont!
Missing character: There is no t in font nullfont!
Missing character: There is no y in font nullfont!
Missing character: There is no Ï in font nullfont!
Missing character: There is no ó in font nullfont!
Missing character: There is no ê in font nullfont!
Missing character: There is no Ì in font nullfont!
Missing character: There is no ï in font nullfont!
Missing character: There is no † in font nullfont!
Missing character: There is no Í in font nullfont!
Missing character: There is no ≤ in font nullfont!
Missing character: There is no É in font nullfont!
Missing character: There is no Ï in font nullfont!
Missing character: There is no ù in font nullfont!
Missing character: There is no ∏ in font nullfont!
Missing character: There is no Ï in font nullfont!
Missing character: There is no ß in font nullfont!
Missing character: There is no Ä in font nullfont!
Missing character: There is no Î in font nullfont!
Missing character: There is no î in font nullfont!
Missing character: There is no ∞ in font nullfont!
Missing character: There is no Ï in font nullfont!
Missing character: There is no † in font nullfont!
Missing character: There is no ∏ in font nullfont!
Missing character: There is no Î in font nullfont!
Missing character: There is no ¥ in font nullfont!
Missing character: There is no ê in font nullfont!
Missing character: There is no Ï in font nullfont!
Missing character: There is no ï in font nullfont!
Missing character: There is no º in font nullfont!
Missing character: There is no Ì in font nullfont!
Missing character: There is no ï in font nullfont!
Missing character: There is no ú in font nullfont!
Missing character: There is no Î in font nullfont!
Missing character: There is no ã in font nullfont!
Missing character: There is no § in font nullfont!
Missing character: There is no . in font nullfont!
Missing character: There is no Ï in font nullfont!
Missing character: There is no ô in font nullfont!
Missing character: There is no ú in font nullfont!
Missing character: There is no Î in font nullfont!
Missing character: There is no É in font nullfont!
Missing character: There is no ê in font nullfont!
Missing character: There is no Ì in font nullfont!
Missing character: There is no ï in font nullfont!
Missing character: There is no ò in font nullfont!
Missing character: There is no Î in font nullfont!
Missing character: There is no © in font nullfont!
Missing character: There is no ¥ in font nullfont!
Missing character: There is no A in font nullfont!
Missing character: There is no p in font nullfont!
Missing character: There is no p in font nullfont!
Missing character: There is no l in font nullfont!
Missing character: There is no i in font nullfont!
Missing character: There is no c in font nullfont!
Missing character: There is no a in font nullfont!
Missing character: There is no t in font nullfont!
Missing character: There is no i in font nullfont!
Missing character: There is no o in font nullfont!
Missing character: There is no n in font nullfont!
Missing character: There is no . in font nullfont!
Missing character: There is no o in font nullfont!
Missing character: There is no n in font nullfont!
Missing character: There is no C in font nullfont!
Missing character: There is no r in font nullfont!
Missing character: There is no e in font nullfont!
Missing character: There is no a in font nullfont!
Missing character: There is no t in font nullfont!
Missing character: There is no e in font nullfont!
Missing character: There is no Î in font nullfont!
Missing character: There is no ä in font nullfont!
Missing character: There is no î in font nullfont!
Missing character: There is no Ï in font nullfont!
Missing character: There is no ï in font nullfont!
Missing character: There is no ± in font nullfont!
Missing character: There is no Ï in font nullfont!
Missing character: There is no ù in font nullfont!
Missing character: There is no ¥ in font nullfont!
Missing character: There is no Ï in font nullfont!
Missing character: There is no £ in font nullfont!
Missing character: There is no Ω in font nullfont!
Missing character: There is no Ï in font nullfont!
Missing character: There is no ñ in font nullfont!
Missing character: There is no ¥ in font nullfont!
Missing character: There is no Ï in font nullfont!
Missing character: There is no û in font nullfont!
Missing character: There is no à in font nullfont!
Missing character: There is no Ï in font nullfont!
Missing character: There is no ù in font nullfont!
Missing character: There is no Ñ in font nullfont!
Missing character: There is no Î in font nullfont!
Missing character: There is no ï in font nullfont!
Missing character: There is no å in font nullfont!
Missing character: There is no Î in font nullfont!
Missing character: There is no è in font nullfont!
Missing character: There is no Ñ in font nullfont!
Missing character: There is no B in font nullfont!
Missing character: There is no r in font nullfont!
Missing character: There is no o in font nullfont!
Missing character: There is no a in font nullfont!
Missing character: There is no d in font nullfont!
Missing character: There is no c in font nullfont!
Missing character: There is no a in font nullfont!
Missing character: There is no s in font nullfont!
Missing character: There is no t in font nullfont!
Missing character: There is no R in font nullfont!
Missing character: There is no e in font nullfont!
Missing character: There is no c in font nullfont!
Missing character: There is no e in font nullfont!
Missing character: There is no i in font nullfont!
Missing character: There is no v in font nullfont!
Missing character: There is no e in font nullfont!
Missing character: There is no r in font nullfont!
Missing character: There is no , in font nullfont!
Missing character: There is no S in font nullfont!
Missing character: There is no e in font nullfont!
Missing character: There is no r in font nullfont!
Missing character: There is no v in font nullfont!
Missing character: There is no i in font nullfont!
Missing character: There is no c in font nullfont!
Missing character: There is no e in font nullfont!
Missing character: There is no , in font nullfont!
Missing character: There is no C in font nullfont!
Missing character: There is no o in font nullfont!
Missing character: There is no n in font nullfont!
Missing character: There is no t in font nullfont!
Missing character: There is no e in font nullfont!
Missing character: There is no n in font nullfont!
Missing character: There is no t in font nullfont!
Missing character: There is no P in font nullfont!
Missing character: There is no r in font nullfont!
Missing character: There is no o in font nullfont!
Missing character: There is no v in font nullfont!
Missing character: There is no i in font nullfont!
Missing character: There is no d in font nullfont!
Missing character: There is no e in font nullfont!
Missing character: There is no r in font nullfont!
Missing character: There is no Î in font nullfont!
Missing character: There is no • in font nullfont!
Missing character: There is no º in font nullfont!
Missing character: There is no Î in font nullfont!
Missing character: There is no ã in font nullfont!
Missing character: There is no § in font nullfont!
Missing character: There is no Î in font nullfont!
Missing character: There is no • in font nullfont!
Missing character: There is no ∏ in font nullfont!
Missing character: There is no Ï in font nullfont!
Missing character: There is no ï in font nullfont!
Missing character: There is no ± in font nullfont!
Missing character: There is no Ï in font nullfont!
Missing character: There is no ó in font nullfont!
Missing character: There is no ê in font nullfont!
Missing character: There is no Ï in font nullfont!
Missing character: There is no Ñ in font nullfont!
Missing character: There is no ú in font nullfont!
Missing character: There is no Ï in font nullfont!
Missing character: There is no Ç in font nullfont!
Missing character: There is no ¨ in font nullfont!
Missing character: There is no Ï in font nullfont!
Missing character: There is no ö in font nullfont!
Missing character: There is no © in font nullfont!
Missing character: There is no Ì in font nullfont!
Missing character: There is no ï in font nullfont!
Missing character: There is no ò in font nullfont!
Missing character: There is no Í in font nullfont!
Missing character: There is no ≥ in font nullfont!
Missing character: There is no † in font nullfont!
Missing character: There is no Ï in font nullfont!
Missing character: There is no û in font nullfont!
Missing character: There is no ê in font nullfont!
Missing character: There is no Ì in font nullfont!
Missing character: There is no ï in font nullfont!
Missing character: There is no † in font nullfont!
Missing character: There is no Î in font nullfont!
Missing character: There is no ï in font nullfont!
Missing character: There is no å in font nullfont!
Missing character: There is no Î in font nullfont!
Missing character: There is no è in font nullfont!
Missing character: There is no Ñ in font nullfont!
Missing character: There is no Ï in font nullfont!
Missing character: There is no ã in font nullfont!
Missing character: There is no § in font nullfont!
Missing character: There is no Ì in font nullfont!
Missing character: There is no ñ in font nullfont!
Missing character: There is no â in font nullfont!
Missing character: There is no Ì in font nullfont!
Missing character: There is no ï in font nullfont!
Missing character: There is no ò in font nullfont!
Missing character: There is no Í in font nullfont!
Missing character: There is no ∏ in font nullfont!
Missing character: There is no ∞ in font nullfont!
Missing character: There is no Î in font nullfont!
Missing character: There is no ï in font nullfont!
Missing character: There is no å in font nullfont!
Missing character: There is no Î in font nullfont!
Missing character: There is no ¨ in font nullfont!
Missing character: There is no ∏ in font nullfont!
Missing character: There is no Ï in font nullfont!
Missing character: There is no ù in font nullfont!
Missing character: There is no ¥ in font nullfont!
Missing character: There is no Î in font nullfont!
Missing character: There is no ã in font nullfont!
Missing character: There is no § in font nullfont!
Missing character: There is no . in font nullfont!
)
! Emergency stop.
<*> application.tex
                   
*** (job aborted, no legal \end found)

 
Here is how much of TeX's memory you used:
 5 strings out of 493481
 142 string characters out of 3140965
 49445 words of memory out of 3000000
 3413 multiletter control sequences out of 15000+200000
 3640 words of font info for 14 fonts, out of 3000000 for 9000
 957 hyphenation exceptions out of 8191
 5i,0n,4p,404b,16s stack positions out of 5000i,500n,10000p,200000b,50000s
!  ==> Fatal error occurred, no output PDF file produced!
